<?xml version="1.0" encoding="UTF-8"?>
<testsuites>
	<testsuite tests="8" errors="0" failures="8" time="0.008" timestamp="2016-07-28T10:39:14">
		<testcase classname="List Model" name="Instance Properties Properties from initialization should have a title when a new List is created" time="0.001">
			<failure type="" message="ReferenceError: Can&amp;apos;t find variable: List in file:///Users/emanuelaharonoff/Development/code/web-js-oo-task-list-web-0616/spec/list.spec.js (line 8)">
file:///Users/emanuelaharonoff/Development/code/web-js-oo-task-list-web-0616/spec/list.spec.js:8:20
attemptSync@file:///Users/emanuelaharonoff/Development/code/web-js-oo-task-list-web-0616/tmpTestSupport/jasmine.js:1510:16
run@file:///Users/emanuelaharonoff/Development/code/web-js-oo-task-list-web-0616/tmpTestSupport/jasmine.js:1498:20
execute@file:///Users/emanuelaharonoff/Development/code/web-js-oo-task-list-web-0616/tmpTestSupport/jasmine.js:1485:13
queueRunnerFactory@file:///Users/emanuelaharonoff/Development/code/web-js-oo-task-list-web-0616/tmpTestSupport/jasmine.js:518:42
execute@file:///Users/emanuelaharonoff/Development/code/web-js-oo-task-list-web-0616/tmpTestSupport/jasmine.js:306:28
file:///Users/emanuelaharonoff/Development/code/web-js-oo-task-list-web-0616/tmpTestSupport/jasmine.js:1708:44
attemptAsync@file:///Users/emanuelaharonoff/Development/code/web-js-oo-task-list-web-0616/tmpTestSupport/jasmine.js:1520:16
run@file:///Users/emanuelaharonoff/Development/code/web-js-oo-task-list-web-0616/tmpTestSupport/jasmine.js:1496:28
execute@file:///Users/emanuelaharonoff/Development/code/web-js-oo-task-list-web-0616/tmpTestSupport/jasmine.js:1485:13
queueRunnerFactory@file:///Users/emanuelaharonoff/Development/code/web-js-oo-task-list-web-0616/tmpTestSupport/jasmine.js:518:42
execute@file:///Users/emanuelaharonoff/Development/code/web-js-oo-task-list-web-0616/tmpTestSupport/jasmine.js:1694:21
file:///Users/emanuelaharonoff/Development/code/web-js-oo-task-list-web-0616/tmpTestSupport/jasmine.js:1708:44
attemptAsync@file:///Users/emanuelaharonoff/Development/code/web-js-oo-task-list-web-0616/tmpTestSupport/jasmine.js:1520:16
run@file:///Users/emanuelaharonoff/Development/code/web-js-oo-task-list-web-0616/tmpTestSupport/jasmine.js:1496:28
execute@file:///Users/emanuelaharonoff/Development/code/web-js-oo-task-list-web-0616/tmpTestSupport/jasmine.js:1485:13
queueRunnerFactory@file:///Users/emanuelaharonoff/Development/code/web-js-oo-task-list-web-0616/tmpTestSupport/jasmine.js:518:42
execute@file:///Users/emanuelaharonoff/Development/code/web-js-oo-task-list-web-0616/tmpTestSupport/jasmine.js:1694:21
file:///Users/emanuelaharonoff/Development/code/web-js-oo-task-list-web-0616/tmpTestSupport/jasmine.js:1708:44
attemptAsync@file:///Users/emanuelaharonoff/Development/code/web-js-oo-task-list-web-0616/tmpTestSupport/jasmine.js:1520:16
run@file:///Users/emanuelaharonoff/Development/code/web-js-oo-task-list-web-0616/tmpTestSupport/jasmine.js:1496:28
execute@file:///Users/emanuelaharonoff/Development/code/web-js-oo-task-list-web-0616/tmpTestSupport/jasmine.js:1485:13
queueRunnerFactory@file:///Users/emanuelaharonoff/Development/code/web-js-oo-task-list-web-0616/tmpTestSupport/jasmine.js:518:42
execute@file:///Users/emanuelaharonoff/Development/code/web-js-oo-task-list-web-0616/tmpTestSupport/jasmine.js:1694:21
file:///Users/emanuelaharonoff/Development/code/web-js-oo-task-list-web-0616/tmpTestSupport/jasmine.js:1708:44
attemptAsync@file:///Users/emanuelaharonoff/Development/code/web-js-oo-task-list-web-0616/tmpTestSupport/jasmine.js:1520:16
run@file:///Users/emanuelaharonoff/Development/code/web-js-oo-task-list-web-0616/tmpTestSupport/jasmine.js:1496:28
next@file:///Users/emanuelaharonoff/Development/code/web-js-oo-task-list-web-0616/tmpTestSupport/jasmine.js:1517:40
complete@file:///Users/emanuelaharonoff/Development/code/web-js-oo-task-list-web-0616/tmpTestSupport/jasmine.js:1703:19
clearStack@file:///Users/emanuelaharonoff/Development/code/web-js-oo-task-list-web-0616/tmpTestSupport/jasmine.js:506:11
run@file:///Users/emanuelaharonoff/Development/code/web-js-oo-task-list-web-0616/tmpTestSupport/jasmine.js:1505:22
next@file:///Users/emanuelaharonoff/Development/code/web-js-oo-task-list-web-0616/tmpTestSupport/jasmine.js:1517:40
complete@file:///Users/emanuelaharonoff/Development/code/web-js-oo-task-list-web-0616/tmpTestSupport/jasmine.js:1703:19
clearStack@file:///Users/emanuelaharonoff/Development/code/web-js-oo-task-list-web-0616/tmpTestSupport/jasmine.js:506:11
run@file:///Users/emanuelaharonoff/Development/code/web-js-oo-task-list-web-0616/tmpTestSupport/jasmine.js:1505:22
next@file:///Users/emanuelaharonoff/Development/code/web-js-oo-task-list-web-0616/tmpTestSupport/jasmine.js:1517:40
complete@file:///Users/emanuelaharonoff/Development/code/web-js-oo-task-list-web-0616/tmpTestSupport/jasmine.js:1703:19
clearStack@file:///Users/emanuelaharonoff/Development/code/web-js-oo-task-list-web-0616/tmpTestSupport/jasmine.js:506:11
run@file:///Users/emanuelaharonoff/Development/code/web-js-oo-task-list-web-0616/tmpTestSupport/jasmine.js:1505:22
next@file:///Users/emanuelaharonoff/Development/code/web-js-oo-task-list-web-0616/tmpTestSupport/jasmine.js:1517:40
complete@file:///Users/emanuelaharonoff/Development/code/web-js-oo-task-list-web-0616/tmpTestSupport/jasmine.js:333:19
clearStack@file:///Users/emanuelaharonoff/Development/code/web-js-oo-task-list-web-0616/tmpTestSupport/jasmine.js:506:11
run@file:///Users/emanuelaharonoff/Development/code/web-js-oo-task-list-web-0616/tmpTestSupport/jasmine.js:1505:22
execute@file:///Users/emanuelaharonoff/Development/code/web-js-oo-task-list-web-0616/tmpTestSupport/jasmine.js:1485:13
queueRunnerFactory@file:///Users/emanuelaharonoff/Development/code/web-js-oo-task-list-web-0616/tmpTestSupport/jasmine.js:518:42
execute@file:///Users/emanuelaharonoff/Development/code/web-js-oo-task-list-web-0616/tmpTestSupport/jasmine.js:306:28
file:///Users/emanuelaharonoff/Development/code/web-js-oo-task-list-web-0616/tmpTestSupport/jasmine.js:1708:44
attemptAsync@file:///Users/emanuelaharonoff/Development/code/web-js-oo-task-list-web-0616/tmpTestSupport/jasmine.js:1520:16
run@file:///Users/emanuelaharonoff/Development/code/web-js-oo-task-list-web-0616/tmpTestSupport/jasmine.js:1496:28
next@file:///Users/emanuelaharonoff/Development/code/web-js-oo-task-list-web-0616/tmpTestSupport/jasmine.js:1517:40
complete@file:///Users/emanuelaharonoff/Development/code/web-js-oo-task-list-web-0616/tmpTestSupport/jasmine.js:333:19
clearStack@file:///Users/emanuelaharonoff/Development/code/web-js-oo-task-list-web-0616/tmpTestSupport/jasmine.js:506:11
run@file:///Users/emanuelaharonoff/Development/code/web-js-oo-task-list-web-0616/tmpTestSupport/jasmine.js:1505:22
execute@file:///Users/emanuelaharonoff/Development/code/web-js-oo-task-list-web-0616/tmpTestSupport/jasmine.js:1485:13
queueRunnerFactory@file:///Users/emanuelaharonoff/Development/code/web-js-oo-task-list-web-0616/tmpTestSupport/jasmine.js:518:42
execute@file:///Users/emanuelaharonoff/Development/code/web-js-oo-task-list-web-0616/tmpTestSupport/jasmine.js:306:28
file:///Users/emanuelaharonoff/Development/code/web-js-oo-task-list-web-0616/tmpTestSupport/jasmine.js:1708:44
attemptAsync@file:///Users/emanuelaharonoff/Development/code/web-js-oo-task-list-web-0616/tmpTestSupport/jasmine.js:1520:16
run@file:///Users/emanuelaharonoff/Development/code/web-js-oo-task-list-web-0616/tmpTestSupport/jasmine.js:1496:28
execute@file:///Users/emanuelaharonoff/Development/code/web-js-oo-task-list-web-0616/tmpTestSupport/jasmine.js:1485:13
queueRunnerFactory@file:///Users/emanuelaharonoff/Development/code/web-js-oo-task-list-web-0616/tmpTestSupport/jasmine.js:518:42
execute@file:///Users/emanuelaharonoff/Development/code/web-js-oo-task-list-web-0616/tmpTestSupport/jasmine.js:1694:21
file:///Users/emanuelaharonoff/Development/code/web-js-oo-task-list-web-0616/tmpTestSupport/jasmine.js:1708:44
attemptAsync@file:///Users/emanuelaharonoff/Development/code/web-js-oo-task-list-web-0616/tmpTestSupport/jasmine.js:1520:16
run@file:///Users/emanuelaharonoff/Development/code/web-js-oo-task-list-web-0616/tmpTestSupport/jasmine.js:1496:28
next@file:///Users/emanuelaharonoff/Development/code/web-js-oo-task-list-web-0616/tmpTestSupport/jasmine.js:1517:40
complete@file:///Users/emanuelaharonoff/Development/code/web-js-oo-task-list-web-0616/tmpTestSupport/jasmine.js:1703:19
clearStack@file:///Users/emanuelaharonoff/Development/code/web-js-oo-task-list-web-0616/tmpTestSupport/jasmine.js:506:11
run@file:///Users/emanuelaharonoff/Development/code/web-js-oo-task-list-web-0616/tmpTestSupport/jasmine.js:1505:22
next@file:///Users/emanuelaharonoff/Development/code/web-js-oo-task-list-web-0616/tmpTestSupport/jasmine.js:1517:40
complete@file:///Users/emanuelaharonoff/Development/code/web-js-oo-task-list-web-0616/tmpTestSupport/jasmine.js:333:19
clearStack@file:///Users/emanuelaharonoff/Development/code/web-js-oo-task-list-web-0616/tmpTestSupport/jasmine.js:506:11
run@file:///Users/emanuelaharonoff/Development/code/web-js-oo-task-list-web-0616/tmpTestSupport/jasmine.js:1505:22
execute@file:///Users/emanuelaharonoff/Development/code/web-js-oo-task-list-web-0616/tmpTestSupport/jasmine.js:1485:13
queueRunnerFactory@file:///Users/emanuelaharonoff/Development/code/web-js-oo-task-list-web-0616/tmpTestSupport/jasmine.js:518:42
execute@file:///Users/emanuelaharonoff/Development/code/web-js-oo-task-list-web-0616/tmpTestSupport/jasmine.js:306:28
file:///Users/emanuelaharonoff/Development/code/web-js-oo-task-list-web-0616/tmpTestSupport/jasmine.js:1708:44
attemptAsync@file:///Users/emanuelaharonoff/Development/code/web-js-oo-task-list-web-0616/tmpTestSupport/jasmine.js:1520:16
run@file:///Users/emanuelaharonoff/Development/code/web-js-oo-task-list-web-0616/tmpTestSupport/jasmine.js:1496:28
next@file:///Users/emanuelaharonoff/Development/code/web-js-oo-task-list-web-0616/tmpTestSupport/jasmine.js:1517:40
complete@file:///Users/emanuelaharonoff/Development/code/web-js-oo-task-list-web-0616/tmpTestSupport/jasmine.js:333:19
clearStack@file:///Users/emanuelaharonoff/Development/code/web-js-oo-task-list-web-0616/tmpTestSupport/jasmine.js:506:11
run@file:///Users/emanuelaharonoff/Development/code/web-js-oo-task-list-web-0616/tmpTestSupport/jasmine.js:1505:22
execute@file:///Users/emanuelaharonoff/Development/code/web-js-oo-task-list-web-0616/tmpTestSupport/jasmine.js:1485:13
queueRunnerFactory@file:///Users/emanuelaharonoff/Development/code/web-js-oo-task-list-web-0616/tmpTestSupport/jasmine.js:518:42
execute@file:///Users/emanuelaharonoff/Development/code/web-js-oo-task-list-web-0616/tmpTestSupport/jasmine.js:306:28
file:///Users/emanuelaharonoff/Development/code/web-js-oo-task-list-web-0616/tmpTestSupport/jasmine.js:1708:44
attemptAsync@file:///Users/emanuelaharonoff/Development/code/web-js-oo-task-list-web-0616/tmpTestSupport/jasmine.js:1520:16
run@file:///Users/emanuelaharonoff/Development/code/web-js-oo-task-list-web-0616/tmpTestSupport/jasmine.js:1496:28
next@file:///Users/emanuelaharonoff/Development/code/web-js-oo-task-list-web-0616/tmpTestSupport/jasmine.js:1517:40
complete@file:///Users/emanuelaharonoff/Development/code/web-js-oo-task-list-web-0616/tmpTestSupport/jasmine.js:333:19
clearStack@file:///Users/emanuelaharonoff/Development/code/web-js-oo-task-list-web-0616/tmpTestSupport/jasmine.js:506:11
run@file:///Users/emanuelaharonoff/Development/code/web-js-oo-task-list-web-0616/tmpTestSupport/jasmine.js:1505:22
execute@file:///Users/emanuelaharonoff/Development/code/web-js-oo-task-list-web-0616/tmpTestSupport/jasmine.js:1485:13
queueRunnerFactory@file:///Users/emanuelaharonoff/Development/code/web-js-oo-task-list-web-0616/tmpTestSupport/jasmine.js:518:42
execute@file:///Users/emanuelaharonoff/Development/code/web-js-oo-task-list-web-0616/tmpTestSupport/jasmine.js:306:28
file:///Users/emanuelaharonoff/Development/code/web-js-oo-task-list-web-0616/tmpTestSupport/jasmine.js:1708:44
attemptAsync@file:///Users/emanuelaharonoff/Development/code/web-js-oo-task-list-web-0616/tmpTestSupport/jasmine.js:1520:16
run@file:///Users/emanuelaharonoff/Development/code/web-js-oo-task-list-web-0616/tmpTestSupport/jasmine.js:1496:28
next@file:///Users/emanuelaharonoff/Development/code/web-js-oo-task-list-web-0616/tmpTestSupport/jasmine.js:1517:40
complete@file:///Users/emanuelaharonoff/Development/code/web-js-oo-task-list-web-0616/tmpTestSupport/jasmine.js:333:19
clearStack@file:///Users/emanuelaharonoff/Development/code/web-js-oo-task-list-web-0616/tmpTestSupport/jasmine.js:506:11
run@file:///Users/emanuelaharonoff/Development/code/web-js-oo-task-list-web-0616/tmpTestSupport/jasmine.js:1505:22
execute@file:///Users/emanuelaharonoff/Development/code/web-js-oo-task-list-web-0616/tmpTestSupport/jasmine.js:1485:13
queueRunnerFactory@file:///Users/emanuelaharonoff/Development/code/web-js-oo-task-list-web-0616/tmpTestSupport/jasmine.js:518:42
execute@file:///Users/emanuelaharonoff/Development/code/web-js-oo-task-list-web-0616/tmpTestSupport/jasmine.js:306:28
file:///Users/emanuelaharonoff/Development/code/web-js-oo-task-list-web-0616/tmpTestSupport/jasmine.js:1708:44
attemptAsync@file:///Users/emanuelaharonoff/Development/code/web-js-oo-task-list-web-0616/tmpTestSupport/jasmine.js:1520:16
run@file:///Users/emanuelaharonoff/Development/code/web-js-oo-task-list-web-0616/tmpTestSupport/jasmine.js:1496:28
next@file:///Users/emanuelaharonoff/Development/code/web-js-oo-task-list-web-0616/tmpTestSupport/jasmine.js:1517:40
complete@file:///Users/emanuelaharonoff/Development/code/web-js-oo-task-list-web-0616/tmpTestSupport/jasmine.js:333:19
clearStack@file:///Users/emanuelaharonoff/Development/code/web-js-oo-task-list-web-0616/tmpTestSupport/jasmine.js:506:11
run@file:///Users/emanuelaharonoff/Development/code/web-js-oo-task-list-web-0616/tmpTestSupport/jasmine.js:1505:22
execute@file:///Users/emanuelaharonoff/Development/code/web-js-oo-task-list-web-0616/tmpTestSupport/jasmine.js:1485:13
queueRunnerFactory@file:///Users/emanuelaharonoff/Development/code/web-js-oo-task-list-web-0616/tmpTestSupport/jasmine.js:518:42
execute@file:///Users/emanuelaharonoff/Development/code/web-js-oo-task-list-web-0616/tmpTestSupport/jasmine.js:306:28
file:///Users/emanuelaharonoff/Development/code/web-js-oo-task-list-web-0616/tmpTestSupport/jasmine.js:1708:44
attemptAsync@file:///Users/emanuelaharonoff/Development/code/web-js-oo-task-list-web-0616/tmpTestSupport/jasmine.js:1520:16
run@file:///Users/emanuelaharonoff/Development/code/web-js-oo-task-list-web-0616/tmpTestSupport/jasmine.js:1496:28
execute@file:///Users/emanuelaharonoff/Development/code/web-js-oo-task-list-web-0616/tmpTestSupport/jasmine.js:1485:13
queueRunnerFactory@file:///Users/emanuelaharonoff/Development/code/web-js-oo-task-list-web-0616/tmpTestSupport/jasmine.js:518:42
execute@file:///Users/emanuelaharonoff/Development/code/web-js-oo-task-list-web-0616/tmpTestSupport/jasmine.js:1694:21
file:///Users/emanuelaharonoff/Development/code/web-js-oo-task-list-web-0616/tmpTestSupport/jasmine.js:1708:44
attemptAsync@file:///Users/emanuelaharonoff/Development/code/web-js-oo-task-list-web-0616/tmpTestSupport/jasmine.js:1520:16
run@file:///Users/emanuelaharonoff/Development/code/web-js-oo-task-list-web-0616/tmpTestSupport/jasmine.js:1496:28
execute@file:///Users/emanuelaharonoff/Development/code/web-js-oo-task-list-web-0616/tmpTestSupport/jasmine.js:1485:13
queueRunnerFactory@file:///Users/emanuelaharonoff/Development/code/web-js-oo-task-list-web-0616/tmpTestSupport/jasmine.js:518:42
execute@file:///Users/emanuelaharonoff/Development/code/web-js-oo-task-list-web-0616/tmpTestSupport/jasmine.js:1694:21
file:///Users/emanuelaharonoff/Development/code/web-js-oo-task-list-web-0616/tmpTestSupport/jasmine.js:1708:44
attemptAsync@file:///Users/emanuelaharonoff/Development/code/web-js-oo-task-list-web-0616/tmpTestSupport/jasmine.js:1520:16
run@file:///Users/emanuelaharonoff/Development/code/web-js-oo-task-list-web-0616/tmpTestSupport/jasmine.js:1496:28
execute@file:///Users/emanuelaharonoff/Development/code/web-js-oo-task-list-web-0616/tmpTestSupport/jasmine.js:1485:13
queueRunnerFactory@file:///Users/emanuelaharonoff/Development/code/web-js-oo-task-list-web-0616/tmpTestSupport/jasmine.js:518:42
execute@file:///Users/emanuelaharonoff/Development/code/web-js-oo-task-list-web-0616/tmpTestSupport/jasmine.js:1694:21
file:///Users/emanuelaharonoff/Development/code/web-js-oo-task-list-web-0616/tmpTestSupport/jasmine.js:1708:44
attemptAsync@file:///Users/emanuelaharonoff/Development/code/web-js-oo-task-list-web-0616/tmpTestSupport/jasmine.js:1520:16
run@file:///Users/emanuelaharonoff/Development/code/web-js-oo-task-list-web-0616/tmpTestSupport/jasmine.js:1496:28
execute@file:///Users/emanuelaharonoff/Development/code/web-js-oo-task-list-web-0616/tmpTestSupport/jasmine.js:1485:13
queueRunnerFactory@file:///Users/emanuelaharonoff/Development/code/web-js-oo-task-list-web-0616/tmpTestSupport/jasmine.js:518:42
execute@file:///Users/emanuelaharonoff/Development/code/web-js-oo-task-list-web-0616/tmpTestSupport/jasmine.js:1694:21
file:///Users/emanuelaharonoff/Development/code/web-js-oo-task-list-web-0616/tmpTestSupport/jasmine.js:541:83
attemptAsync@file:///Users/emanuelaharonoff/Development/code/web-js-oo-task-list-web-0616/tmpTestSupport/jasmine.js:1520:16
run@file:///Users/emanuelaharonoff/Development/code/web-js-oo-task-list-web-0616/tmpTestSupport/jasmine.js:1496:28
execute@file:///Users/emanuelaharonoff/Development/code/web-js-oo-task-list-web-0616/tmpTestSupport/jasmine.js:1485:13
queueRunnerFactory@file:///Users/emanuelaharonoff/Development/code/web-js-oo-task-list-web-0616/tmpTestSupport/jasmine.js:518:42
execute@file:///Users/emanuelaharonoff/Development/code/web-js-oo-task-list-web-0616/tmpTestSupport/jasmine.js:548:25
onload@file:///Users/emanuelaharonoff/Development/code/web-js-oo-task-list-web-0616/tmpTestSupport/boot.js:172:16			</failure>
			<failure type="" message="TypeError: undefined is not an object (evaluating &amp;apos;list.title&amp;apos;) in file:///Users/emanuelaharonoff/Development/code/web-js-oo-task-list-web-0616/spec/list.spec.js (line 13)">
file:///Users/emanuelaharonoff/Development/code/web-js-oo-task-list-web-0616/spec/list.spec.js:13:20
attemptSync@file:///Users/emanuelaharonoff/Development/code/web-js-oo-task-list-web-0616/tmpTestSupport/jasmine.js:1510:16
run@file:///Users/emanuelaharonoff/Development/code/web-js-oo-task-list-web-0616/tmpTestSupport/jasmine.js:1498:20
execute@file:///Users/emanuelaharonoff/Development/code/web-js-oo-task-list-web-0616/tmpTestSupport/jasmine.js:1485:13
queueRunnerFactory@file:///Users/emanuelaharonoff/Development/code/web-js-oo-task-list-web-0616/tmpTestSupport/jasmine.js:518:42
execute@file:///Users/emanuelaharonoff/Development/code/web-js-oo-task-list-web-0616/tmpTestSupport/jasmine.js:306:28
file:///Users/emanuelaharonoff/Development/code/web-js-oo-task-list-web-0616/tmpTestSupport/jasmine.js:1708:44
attemptAsync@file:///Users/emanuelaharonoff/Development/code/web-js-oo-task-list-web-0616/tmpTestSupport/jasmine.js:1520:16
run@file:///Users/emanuelaharonoff/Development/code/web-js-oo-task-list-web-0616/tmpTestSupport/jasmine.js:1496:28
execute@file:///Users/emanuelaharonoff/Development/code/web-js-oo-task-list-web-0616/tmpTestSupport/jasmine.js:1485:13
queueRunnerFactory@file:///Users/emanuelaharonoff/Development/code/web-js-oo-task-list-web-0616/tmpTestSupport/jasmine.js:518:42
execute@file:///Users/emanuelaharonoff/Development/code/web-js-oo-task-list-web-0616/tmpTestSupport/jasmine.js:1694:21
file:///Users/emanuelaharonoff/Development/code/web-js-oo-task-list-web-0616/tmpTestSupport/jasmine.js:1708:44
attemptAsync@file:///Users/emanuelaharonoff/Development/code/web-js-oo-task-list-web-0616/tmpTestSupport/jasmine.js:1520:16
run@file:///Users/emanuelaharonoff/Development/code/web-js-oo-task-list-web-0616/tmpTestSupport/jasmine.js:1496:28
execute@file:///Users/emanuelaharonoff/Development/code/web-js-oo-task-list-web-0616/tmpTestSupport/jasmine.js:1485:13
queueRunnerFactory@file:///Users/emanuelaharonoff/Development/code/web-js-oo-task-list-web-0616/tmpTestSupport/jasmine.js:518:42
execute@file:///Users/emanuelaharonoff/Development/code/web-js-oo-task-list-web-0616/tmpTestSupport/jasmine.js:1694:21
file:///Users/emanuelaharonoff/Development/code/web-js-oo-task-list-web-0616/tmpTestSupport/jasmine.js:1708:44
attemptAsync@file:///Users/emanuelaharonoff/Development/code/web-js-oo-task-list-web-0616/tmpTestSupport/jasmine.js:1520:16
run@file:///Users/emanuelaharonoff/Development/code/web-js-oo-task-list-web-0616/tmpTestSupport/jasmine.js:1496:28
execute@file:///Users/emanuelaharonoff/Development/code/web-js-oo-task-list-web-0616/tmpTestSupport/jasmine.js:1485:13
queueRunnerFactory@file:///Users/emanuelaharonoff/Development/code/web-js-oo-task-list-web-0616/tmpTestSupport/jasmine.js:518:42
execute@file:///Users/emanuelaharonoff/Development/code/web-js-oo-task-list-web-0616/tmpTestSupport/jasmine.js:1694:21
file:///Users/emanuelaharonoff/Development/code/web-js-oo-task-list-web-0616/tmpTestSupport/jasmine.js:1708:44
attemptAsync@file:///Users/emanuelaharonoff/Development/code/web-js-oo-task-list-web-0616/tmpTestSupport/jasmine.js:1520:16
run@file:///Users/emanuelaharonoff/Development/code/web-js-oo-task-list-web-0616/tmpTestSupport/jasmine.js:1496:28
next@file:///Users/emanuelaharonoff/Development/code/web-js-oo-task-list-web-0616/tmpTestSupport/jasmine.js:1517:40
complete@file:///Users/emanuelaharonoff/Development/code/web-js-oo-task-list-web-0616/tmpTestSupport/jasmine.js:1703:19
clearStack@file:///Users/emanuelaharonoff/Development/code/web-js-oo-task-list-web-0616/tmpTestSupport/jasmine.js:506:11
run@file:///Users/emanuelaharonoff/Development/code/web-js-oo-task-list-web-0616/tmpTestSupport/jasmine.js:1505:22
next@file:///Users/emanuelaharonoff/Development/code/web-js-oo-task-list-web-0616/tmpTestSupport/jasmine.js:1517:40
complete@file:///Users/emanuelaharonoff/Development/code/web-js-oo-task-list-web-0616/tmpTestSupport/jasmine.js:1703:19
clearStack@file:///Users/emanuelaharonoff/Development/code/web-js-oo-task-list-web-0616/tmpTestSupport/jasmine.js:506:11
run@file:///Users/emanuelaharonoff/Development/code/web-js-oo-task-list-web-0616/tmpTestSupport/jasmine.js:1505:22
next@file:///Users/emanuelaharonoff/Development/code/web-js-oo-task-list-web-0616/tmpTestSupport/jasmine.js:1517:40
complete@file:///Users/emanuelaharonoff/Development/code/web-js-oo-task-list-web-0616/tmpTestSupport/jasmine.js:1703:19
clearStack@file:///Users/emanuelaharonoff/Development/code/web-js-oo-task-list-web-0616/tmpTestSupport/jasmine.js:506:11
run@file:///Users/emanuelaharonoff/Development/code/web-js-oo-task-list-web-0616/tmpTestSupport/jasmine.js:1505:22
next@file:///Users/emanuelaharonoff/Development/code/web-js-oo-task-list-web-0616/tmpTestSupport/jasmine.js:1517:40
complete@file:///Users/emanuelaharonoff/Development/code/web-js-oo-task-list-web-0616/tmpTestSupport/jasmine.js:333:19
clearStack@file:///Users/emanuelaharonoff/Development/code/web-js-oo-task-list-web-0616/tmpTestSupport/jasmine.js:506:11
run@file:///Users/emanuelaharonoff/Development/code/web-js-oo-task-list-web-0616/tmpTestSupport/jasmine.js:1505:22
execute@file:///Users/emanuelaharonoff/Development/code/web-js-oo-task-list-web-0616/tmpTestSupport/jasmine.js:1485:13
queueRunnerFactory@file:///Users/emanuelaharonoff/Development/code/web-js-oo-task-list-web-0616/tmpTestSupport/jasmine.js:518:42
execute@file:///Users/emanuelaharonoff/Development/code/web-js-oo-task-list-web-0616/tmpTestSupport/jasmine.js:306:28
file:///Users/emanuelaharonoff/Development/code/web-js-oo-task-list-web-0616/tmpTestSupport/jasmine.js:1708:44
attemptAsync@file:///Users/emanuelaharonoff/Development/code/web-js-oo-task-list-web-0616/tmpTestSupport/jasmine.js:1520:16
run@file:///Users/emanuelaharonoff/Development/code/web-js-oo-task-list-web-0616/tmpTestSupport/jasmine.js:1496:28
next@file:///Users/emanuelaharonoff/Development/code/web-js-oo-task-list-web-0616/tmpTestSupport/jasmine.js:1517:40
complete@file:///Users/emanuelaharonoff/Development/code/web-js-oo-task-list-web-0616/tmpTestSupport/jasmine.js:333:19
clearStack@file:///Users/emanuelaharonoff/Development/code/web-js-oo-task-list-web-0616/tmpTestSupport/jasmine.js:506:11
run@file:///Users/emanuelaharonoff/Development/code/web-js-oo-task-list-web-0616/tmpTestSupport/jasmine.js:1505:22
execute@file:///Users/emanuelaharonoff/Development/code/web-js-oo-task-list-web-0616/tmpTestSupport/jasmine.js:1485:13
queueRunnerFactory@file:///Users/emanuelaharonoff/Development/code/web-js-oo-task-list-web-0616/tmpTestSupport/jasmine.js:518:42
execute@file:///Users/emanuelaharonoff/Development/code/web-js-oo-task-list-web-0616/tmpTestSupport/jasmine.js:306:28
file:///Users/emanuelaharonoff/Development/code/web-js-oo-task-list-web-0616/tmpTestSupport/jasmine.js:1708:44
attemptAsync@file:///Users/emanuelaharonoff/Development/code/web-js-oo-task-list-web-0616/tmpTestSupport/jasmine.js:1520:16
run@file:///Users/emanuelaharonoff/Development/code/web-js-oo-task-list-web-0616/tmpTestSupport/jasmine.js:1496:28
execute@file:///Users/emanuelaharonoff/Development/code/web-js-oo-task-list-web-0616/tmpTestSupport/jasmine.js:1485:13
queueRunnerFactory@file:///Users/emanuelaharonoff/Development/code/web-js-oo-task-list-web-0616/tmpTestSupport/jasmine.js:518:42
execute@file:///Users/emanuelaharonoff/Development/code/web-js-oo-task-list-web-0616/tmpTestSupport/jasmine.js:1694:21
file:///Users/emanuelaharonoff/Development/code/web-js-oo-task-list-web-0616/tmpTestSupport/jasmine.js:1708:44
attemptAsync@file:///Users/emanuelaharonoff/Development/code/web-js-oo-task-list-web-0616/tmpTestSupport/jasmine.js:1520:16
run@file:///Users/emanuelaharonoff/Development/code/web-js-oo-task-list-web-0616/tmpTestSupport/jasmine.js:1496:28
next@file:///Users/emanuelaharonoff/Development/code/web-js-oo-task-list-web-0616/tmpTestSupport/jasmine.js:1517:40
complete@file:///Users/emanuelaharonoff/Development/code/web-js-oo-task-list-web-0616/tmpTestSupport/jasmine.js:1703:19
clearStack@file:///Users/emanuelaharonoff/Development/code/web-js-oo-task-list-web-0616/tmpTestSupport/jasmine.js:506:11
run@file:///Users/emanuelaharonoff/Development/code/web-js-oo-task-list-web-0616/tmpTestSupport/jasmine.js:1505:22
next@file:///Users/emanuelaharonoff/Development/code/web-js-oo-task-list-web-0616/tmpTestSupport/jasmine.js:1517:40
complete@file:///Users/emanuelaharonoff/Development/code/web-js-oo-task-list-web-0616/tmpTestSupport/jasmine.js:333:19
clearStack@file:///Users/emanuelaharonoff/Development/code/web-js-oo-task-list-web-0616/tmpTestSupport/jasmine.js:506:11
run@file:///Users/emanuelaharonoff/Development/code/web-js-oo-task-list-web-0616/tmpTestSupport/jasmine.js:1505:22
execute@file:///Users/emanuelaharonoff/Development/code/web-js-oo-task-list-web-0616/tmpTestSupport/jasmine.js:1485:13
queueRunnerFactory@file:///Users/emanuelaharonoff/Development/code/web-js-oo-task-list-web-0616/tmpTestSupport/jasmine.js:518:42
execute@file:///Users/emanuelaharonoff/Development/code/web-js-oo-task-list-web-0616/tmpTestSupport/jasmine.js:306:28
file:///Users/emanuelaharonoff/Development/code/web-js-oo-task-list-web-0616/tmpTestSupport/jasmine.js:1708:44
attemptAsync@file:///Users/emanuelaharonoff/Development/code/web-js-oo-task-list-web-0616/tmpTestSupport/jasmine.js:1520:16
run@file:///Users/emanuelaharonoff/Development/code/web-js-oo-task-list-web-0616/tmpTestSupport/jasmine.js:1496:28
next@file:///Users/emanuelaharonoff/Development/code/web-js-oo-task-list-web-0616/tmpTestSupport/jasmine.js:1517:40
complete@file:///Users/emanuelaharonoff/Development/code/web-js-oo-task-list-web-0616/tmpTestSupport/jasmine.js:333:19
clearStack@file:///Users/emanuelaharonoff/Development/code/web-js-oo-task-list-web-0616/tmpTestSupport/jasmine.js:506:11
run@file:///Users/emanuelaharonoff/Development/code/web-js-oo-task-list-web-0616/tmpTestSupport/jasmine.js:1505:22
execute@file:///Users/emanuelaharonoff/Development/code/web-js-oo-task-list-web-0616/tmpTestSupport/jasmine.js:1485:13
queueRunnerFactory@file:///Users/emanuelaharonoff/Development/code/web-js-oo-task-list-web-0616/tmpTestSupport/jasmine.js:518:42
execute@file:///Users/emanuelaharonoff/Development/code/web-js-oo-task-list-web-0616/tmpTestSupport/jasmine.js:306:28
file:///Users/emanuelaharonoff/Development/code/web-js-oo-task-list-web-0616/tmpTestSupport/jasmine.js:1708:44
attemptAsync@file:///Users/emanuelaharonoff/Development/code/web-js-oo-task-list-web-0616/tmpTestSupport/jasmine.js:1520:16
run@file:///Users/emanuelaharonoff/Development/code/web-js-oo-task-list-web-0616/tmpTestSupport/jasmine.js:1496:28
next@file:///Users/emanuelaharonoff/Development/code/web-js-oo-task-list-web-0616/tmpTestSupport/jasmine.js:1517:40
complete@file:///Users/emanuelaharonoff/Development/code/web-js-oo-task-list-web-0616/tmpTestSupport/jasmine.js:333:19
clearStack@file:///Users/emanuelaharonoff/Development/code/web-js-oo-task-list-web-0616/tmpTestSupport/jasmine.js:506:11
run@file:///Users/emanuelaharonoff/Development/code/web-js-oo-task-list-web-0616/tmpTestSupport/jasmine.js:1505:22
execute@file:///Users/emanuelaharonoff/Development/code/web-js-oo-task-list-web-0616/tmpTestSupport/jasmine.js:1485:13
queueRunnerFactory@file:///Users/emanuelaharonoff/Development/code/web-js-oo-task-list-web-0616/tmpTestSupport/jasmine.js:518:42
execute@file:///Users/emanuelaharonoff/Development/code/web-js-oo-task-list-web-0616/tmpTestSupport/jasmine.js:306:28
file:///Users/emanuelaharonoff/Development/code/web-js-oo-task-list-web-0616/tmpTestSupport/jasmine.js:1708:44
attemptAsync@file:///Users/emanuelaharonoff/Development/code/web-js-oo-task-list-web-0616/tmpTestSupport/jasmine.js:1520:16
run@file:///Users/emanuelaharonoff/Development/code/web-js-oo-task-list-web-0616/tmpTestSupport/jasmine.js:1496:28
next@file:///Users/emanuelaharonoff/Development/code/web-js-oo-task-list-web-0616/tmpTestSupport/jasmine.js:1517:40
complete@file:///Users/emanuelaharonoff/Development/code/web-js-oo-task-list-web-0616/tmpTestSupport/jasmine.js:333:19
clearStack@file:///Users/emanuelaharonoff/Development/code/web-js-oo-task-list-web-0616/tmpTestSupport/jasmine.js:506:11
run@file:///Users/emanuelaharonoff/Development/code/web-js-oo-task-list-web-0616/tmpTestSupport/jasmine.js:1505:22
execute@file:///Users/emanuelaharonoff/Development/code/web-js-oo-task-list-web-0616/tmpTestSupport/jasmine.js:1485:13
queueRunnerFactory@file:///Users/emanuelaharonoff/Development/code/web-js-oo-task-list-web-0616/tmpTestSupport/jasmine.js:518:42
execute@file:///Users/emanuelaharonoff/Development/code/web-js-oo-task-list-web-0616/tmpTestSupport/jasmine.js:306:28
file:///Users/emanuelaharonoff/Development/code/web-js-oo-task-list-web-0616/tmpTestSupport/jasmine.js:1708:44
attemptAsync@file:///Users/emanuelaharonoff/Development/code/web-js-oo-task-list-web-0616/tmpTestSupport/jasmine.js:1520:16
run@file:///Users/emanuelaharonoff/Development/code/web-js-oo-task-list-web-0616/tmpTestSupport/jasmine.js:1496:28
next@file:///Users/emanuelaharonoff/Development/code/web-js-oo-task-list-web-0616/tmpTestSupport/jasmine.js:1517:40
complete@file:///Users/emanuelaharonoff/Development/code/web-js-oo-task-list-web-0616/tmpTestSupport/jasmine.js:333:19
clearStack@file:///Users/emanuelaharonoff/Development/code/web-js-oo-task-list-web-0616/tmpTestSupport/jasmine.js:506:11
run@file:///Users/emanuelaharonoff/Development/code/web-js-oo-task-list-web-0616/tmpTestSupport/jasmine.js:1505:22
execute@file:///Users/emanuelaharonoff/Development/code/web-js-oo-task-list-web-0616/tmpTestSupport/jasmine.js:1485:13
queueRunnerFactory@file:///Users/emanuelaharonoff/Development/code/web-js-oo-task-list-web-0616/tmpTestSupport/jasmine.js:518:42
execute@file:///Users/emanuelaharonoff/Development/code/web-js-oo-task-list-web-0616/tmpTestSupport/jasmine.js:306:28
file:///Users/emanuelaharonoff/Development/code/web-js-oo-task-list-web-0616/tmpTestSupport/jasmine.js:1708:44
attemptAsync@file:///Users/emanuelaharonoff/Development/code/web-js-oo-task-list-web-0616/tmpTestSupport/jasmine.js:1520:16
run@file:///Users/emanuelaharonoff/Development/code/web-js-oo-task-list-web-0616/tmpTestSupport/jasmine.js:1496:28
execute@file:///Users/emanuelaharonoff/Development/code/web-js-oo-task-list-web-0616/tmpTestSupport/jasmine.js:1485:13
queueRunnerFactory@file:///Users/emanuelaharonoff/Development/code/web-js-oo-task-list-web-0616/tmpTestSupport/jasmine.js:518:42
execute@file:///Users/emanuelaharonoff/Development/code/web-js-oo-task-list-web-0616/tmpTestSupport/jasmine.js:1694:21
file:///Users/emanuelaharonoff/Development/code/web-js-oo-task-list-web-0616/tmpTestSupport/jasmine.js:1708:44
attemptAsync@file:///Users/emanuelaharonoff/Development/code/web-js-oo-task-list-web-0616/tmpTestSupport/jasmine.js:1520:16
run@file:///Users/emanuelaharonoff/Development/code/web-js-oo-task-list-web-0616/tmpTestSupport/jasmine.js:1496:28
execute@file:///Users/emanuelaharonoff/Development/code/web-js-oo-task-list-web-0616/tmpTestSupport/jasmine.js:1485:13
queueRunnerFactory@file:///Users/emanuelaharonoff/Development/code/web-js-oo-task-list-web-0616/tmpTestSupport/jasmine.js:518:42
execute@file:///Users/emanuelaharonoff/Development/code/web-js-oo-task-list-web-0616/tmpTestSupport/jasmine.js:1694:21
file:///Users/emanuelaharonoff/Development/code/web-js-oo-task-list-web-0616/tmpTestSupport/jasmine.js:1708:44
attemptAsync@file:///Users/emanuelaharonoff/Development/code/web-js-oo-task-list-web-0616/tmpTestSupport/jasmine.js:1520:16
run@file:///Users/emanuelaharonoff/Development/code/web-js-oo-task-list-web-0616/tmpTestSupport/jasmine.js:1496:28
execute@file:///Users/emanuelaharonoff/Development/code/web-js-oo-task-list-web-0616/tmpTestSupport/jasmine.js:1485:13
queueRunnerFactory@file:///Users/emanuelaharonoff/Development/code/web-js-oo-task-list-web-0616/tmpTestSupport/jasmine.js:518:42
execute@file:///Users/emanuelaharonoff/Development/code/web-js-oo-task-list-web-0616/tmpTestSupport/jasmine.js:1694:21
file:///Users/emanuelaharonoff/Development/code/web-js-oo-task-list-web-0616/tmpTestSupport/jasmine.js:1708:44
attemptAsync@file:///Users/emanuelaharonoff/Development/code/web-js-oo-task-list-web-0616/tmpTestSupport/jasmine.js:1520:16
run@file:///Users/emanuelaharonoff/Development/code/web-js-oo-task-list-web-0616/tmpTestSupport/jasmine.js:1496:28
execute@file:///Users/emanuelaharonoff/Development/code/web-js-oo-task-list-web-0616/tmpTestSupport/jasmine.js:1485:13
queueRunnerFactory@file:///Users/emanuelaharonoff/Development/code/web-js-oo-task-list-web-0616/tmpTestSupport/jasmine.js:518:42
execute@file:///Users/emanuelaharonoff/Development/code/web-js-oo-task-list-web-0616/tmpTestSupport/jasmine.js:1694:21
file:///Users/emanuelaharonoff/Development/code/web-js-oo-task-list-web-0616/tmpTestSupport/jasmine.js:541:83
attemptAsync@file:///Users/emanuelaharonoff/Development/code/web-js-oo-task-list-web-0616/tmpTestSupport/jasmine.js:1520:16
run@file:///Users/emanuelaharonoff/Development/code/web-js-oo-task-list-web-0616/tmpTestSupport/jasmine.js:1496:28
execute@file:///Users/emanuelaharonoff/Development/code/web-js-oo-task-list-web-0616/tmpTestSupport/jasmine.js:1485:13
queueRunnerFactory@file:///Users/emanuelaharonoff/Development/code/web-js-oo-task-list-web-0616/tmpTestSupport/jasmine.js:518:42
execute@file:///Users/emanuelaharonoff/Development/code/web-js-oo-task-list-web-0616/tmpTestSupport/jasmine.js:548:25
onload@file:///Users/emanuelaharonoff/Development/code/web-js-oo-task-list-web-0616/tmpTestSupport/boot.js:172:16			</failure>
		</testcase>
		<testcase classname="List Model" name="Instance Properties Properties from initialization should be assigned an autoincrementing id when a new List is created" time="0.001">
			<failure type="" message="ReferenceError: Can&amp;apos;t find variable: List in file:///Users/emanuelaharonoff/Development/code/web-js-oo-task-list-web-0616/spec/list.spec.js (line 8)">
file:///Users/emanuelaharonoff/Development/code/web-js-oo-task-list-web-0616/spec/list.spec.js:8:20
attemptSync@file:///Users/emanuelaharonoff/Development/code/web-js-oo-task-list-web-0616/tmpTestSupport/jasmine.js:1510:16
run@file:///Users/emanuelaharonoff/Development/code/web-js-oo-task-list-web-0616/tmpTestSupport/jasmine.js:1498:20
execute@file:///Users/emanuelaharonoff/Development/code/web-js-oo-task-list-web-0616/tmpTestSupport/jasmine.js:1485:13
queueRunnerFactory@file:///Users/emanuelaharonoff/Development/code/web-js-oo-task-list-web-0616/tmpTestSupport/jasmine.js:518:42
execute@file:///Users/emanuelaharonoff/Development/code/web-js-oo-task-list-web-0616/tmpTestSupport/jasmine.js:306:28
file:///Users/emanuelaharonoff/Development/code/web-js-oo-task-list-web-0616/tmpTestSupport/jasmine.js:1708:44
attemptAsync@file:///Users/emanuelaharonoff/Development/code/web-js-oo-task-list-web-0616/tmpTestSupport/jasmine.js:1520:16
run@file:///Users/emanuelaharonoff/Development/code/web-js-oo-task-list-web-0616/tmpTestSupport/jasmine.js:1496:28
next@file:///Users/emanuelaharonoff/Development/code/web-js-oo-task-list-web-0616/tmpTestSupport/jasmine.js:1517:40
complete@file:///Users/emanuelaharonoff/Development/code/web-js-oo-task-list-web-0616/tmpTestSupport/jasmine.js:333:19
clearStack@file:///Users/emanuelaharonoff/Development/code/web-js-oo-task-list-web-0616/tmpTestSupport/jasmine.js:506:11
run@file:///Users/emanuelaharonoff/Development/code/web-js-oo-task-list-web-0616/tmpTestSupport/jasmine.js:1505:22
execute@file:///Users/emanuelaharonoff/Development/code/web-js-oo-task-list-web-0616/tmpTestSupport/jasmine.js:1485:13
queueRunnerFactory@file:///Users/emanuelaharonoff/Development/code/web-js-oo-task-list-web-0616/tmpTestSupport/jasmine.js:518:42
execute@file:///Users/emanuelaharonoff/Development/code/web-js-oo-task-list-web-0616/tmpTestSupport/jasmine.js:306:28
file:///Users/emanuelaharonoff/Development/code/web-js-oo-task-list-web-0616/tmpTestSupport/jasmine.js:1708:44
attemptAsync@file:///Users/emanuelaharonoff/Development/code/web-js-oo-task-list-web-0616/tmpTestSupport/jasmine.js:1520:16
run@file:///Users/emanuelaharonoff/Development/code/web-js-oo-task-list-web-0616/tmpTestSupport/jasmine.js:1496:28
execute@file:///Users/emanuelaharonoff/Development/code/web-js-oo-task-list-web-0616/tmpTestSupport/jasmine.js:1485:13
queueRunnerFactory@file:///Users/emanuelaharonoff/Development/code/web-js-oo-task-list-web-0616/tmpTestSupport/jasmine.js:518:42
execute@file:///Users/emanuelaharonoff/Development/code/web-js-oo-task-list-web-0616/tmpTestSupport/jasmine.js:1694:21
file:///Users/emanuelaharonoff/Development/code/web-js-oo-task-list-web-0616/tmpTestSupport/jasmine.js:1708:44
attemptAsync@file:///Users/emanuelaharonoff/Development/code/web-js-oo-task-list-web-0616/tmpTestSupport/jasmine.js:1520:16
run@file:///Users/emanuelaharonoff/Development/code/web-js-oo-task-list-web-0616/tmpTestSupport/jasmine.js:1496:28
execute@file:///Users/emanuelaharonoff/Development/code/web-js-oo-task-list-web-0616/tmpTestSupport/jasmine.js:1485:13
queueRunnerFactory@file:///Users/emanuelaharonoff/Development/code/web-js-oo-task-list-web-0616/tmpTestSupport/jasmine.js:518:42
execute@file:///Users/emanuelaharonoff/Development/code/web-js-oo-task-list-web-0616/tmpTestSupport/jasmine.js:1694:21
file:///Users/emanuelaharonoff/Development/code/web-js-oo-task-list-web-0616/tmpTestSupport/jasmine.js:1708:44
attemptAsync@file:///Users/emanuelaharonoff/Development/code/web-js-oo-task-list-web-0616/tmpTestSupport/jasmine.js:1520:16
run@file:///Users/emanuelaharonoff/Development/code/web-js-oo-task-list-web-0616/tmpTestSupport/jasmine.js:1496:28
execute@file:///Users/emanuelaharonoff/Development/code/web-js-oo-task-list-web-0616/tmpTestSupport/jasmine.js:1485:13
queueRunnerFactory@file:///Users/emanuelaharonoff/Development/code/web-js-oo-task-list-web-0616/tmpTestSupport/jasmine.js:518:42
execute@file:///Users/emanuelaharonoff/Development/code/web-js-oo-task-list-web-0616/tmpTestSupport/jasmine.js:1694:21
file:///Users/emanuelaharonoff/Development/code/web-js-oo-task-list-web-0616/tmpTestSupport/jasmine.js:1708:44
attemptAsync@file:///Users/emanuelaharonoff/Development/code/web-js-oo-task-list-web-0616/tmpTestSupport/jasmine.js:1520:16
run@file:///Users/emanuelaharonoff/Development/code/web-js-oo-task-list-web-0616/tmpTestSupport/jasmine.js:1496:28
next@file:///Users/emanuelaharonoff/Development/code/web-js-oo-task-list-web-0616/tmpTestSupport/jasmine.js:1517:40
complete@file:///Users/emanuelaharonoff/Development/code/web-js-oo-task-list-web-0616/tmpTestSupport/jasmine.js:1703:19
clearStack@file:///Users/emanuelaharonoff/Development/code/web-js-oo-task-list-web-0616/tmpTestSupport/jasmine.js:506:11
run@file:///Users/emanuelaharonoff/Development/code/web-js-oo-task-list-web-0616/tmpTestSupport/jasmine.js:1505:22
next@file:///Users/emanuelaharonoff/Development/code/web-js-oo-task-list-web-0616/tmpTestSupport/jasmine.js:1517:40
complete@file:///Users/emanuelaharonoff/Development/code/web-js-oo-task-list-web-0616/tmpTestSupport/jasmine.js:1703:19
clearStack@file:///Users/emanuelaharonoff/Development/code/web-js-oo-task-list-web-0616/tmpTestSupport/jasmine.js:506:11
run@file:///Users/emanuelaharonoff/Development/code/web-js-oo-task-list-web-0616/tmpTestSupport/jasmine.js:1505:22
next@file:///Users/emanuelaharonoff/Development/code/web-js-oo-task-list-web-0616/tmpTestSupport/jasmine.js:1517:40
complete@file:///Users/emanuelaharonoff/Development/code/web-js-oo-task-list-web-0616/tmpTestSupport/jasmine.js:1703:19
clearStack@file:///Users/emanuelaharonoff/Development/code/web-js-oo-task-list-web-0616/tmpTestSupport/jasmine.js:506:11
run@file:///Users/emanuelaharonoff/Development/code/web-js-oo-task-list-web-0616/tmpTestSupport/jasmine.js:1505:22
next@file:///Users/emanuelaharonoff/Development/code/web-js-oo-task-list-web-0616/tmpTestSupport/jasmine.js:1517:40
complete@file:///Users/emanuelaharonoff/Development/code/web-js-oo-task-list-web-0616/tmpTestSupport/jasmine.js:333:19
clearStack@file:///Users/emanuelaharonoff/Development/code/web-js-oo-task-list-web-0616/tmpTestSupport/jasmine.js:506:11
run@file:///Users/emanuelaharonoff/Development/code/web-js-oo-task-list-web-0616/tmpTestSupport/jasmine.js:1505:22
execute@file:///Users/emanuelaharonoff/Development/code/web-js-oo-task-list-web-0616/tmpTestSupport/jasmine.js:1485:13
queueRunnerFactory@file:///Users/emanuelaharonoff/Development/code/web-js-oo-task-list-web-0616/tmpTestSupport/jasmine.js:518:42
execute@file:///Users/emanuelaharonoff/Development/code/web-js-oo-task-list-web-0616/tmpTestSupport/jasmine.js:306:28
file:///Users/emanuelaharonoff/Development/code/web-js-oo-task-list-web-0616/tmpTestSupport/jasmine.js:1708:44
attemptAsync@file:///Users/emanuelaharonoff/Development/code/web-js-oo-task-list-web-0616/tmpTestSupport/jasmine.js:1520:16
run@file:///Users/emanuelaharonoff/Development/code/web-js-oo-task-list-web-0616/tmpTestSupport/jasmine.js:1496:28
next@file:///Users/emanuelaharonoff/Development/code/web-js-oo-task-list-web-0616/tmpTestSupport/jasmine.js:1517:40
complete@file:///Users/emanuelaharonoff/Development/code/web-js-oo-task-list-web-0616/tmpTestSupport/jasmine.js:333:19
clearStack@file:///Users/emanuelaharonoff/Development/code/web-js-oo-task-list-web-0616/tmpTestSupport/jasmine.js:506:11
run@file:///Users/emanuelaharonoff/Development/code/web-js-oo-task-list-web-0616/tmpTestSupport/jasmine.js:1505:22
execute@file:///Users/emanuelaharonoff/Development/code/web-js-oo-task-list-web-0616/tmpTestSupport/jasmine.js:1485:13
queueRunnerFactory@file:///Users/emanuelaharonoff/Development/code/web-js-oo-task-list-web-0616/tmpTestSupport/jasmine.js:518:42
execute@file:///Users/emanuelaharonoff/Development/code/web-js-oo-task-list-web-0616/tmpTestSupport/jasmine.js:306:28
file:///Users/emanuelaharonoff/Development/code/web-js-oo-task-list-web-0616/tmpTestSupport/jasmine.js:1708:44
attemptAsync@file:///Users/emanuelaharonoff/Development/code/web-js-oo-task-list-web-0616/tmpTestSupport/jasmine.js:1520:16
run@file:///Users/emanuelaharonoff/Development/code/web-js-oo-task-list-web-0616/tmpTestSupport/jasmine.js:1496:28
execute@file:///Users/emanuelaharonoff/Development/code/web-js-oo-task-list-web-0616/tmpTestSupport/jasmine.js:1485:13
queueRunnerFactory@file:///Users/emanuelaharonoff/Development/code/web-js-oo-task-list-web-0616/tmpTestSupport/jasmine.js:518:42
execute@file:///Users/emanuelaharonoff/Development/code/web-js-oo-task-list-web-0616/tmpTestSupport/jasmine.js:1694:21
file:///Users/emanuelaharonoff/Development/code/web-js-oo-task-list-web-0616/tmpTestSupport/jasmine.js:1708:44
attemptAsync@file:///Users/emanuelaharonoff/Development/code/web-js-oo-task-list-web-0616/tmpTestSupport/jasmine.js:1520:16
run@file:///Users/emanuelaharonoff/Development/code/web-js-oo-task-list-web-0616/tmpTestSupport/jasmine.js:1496:28
next@file:///Users/emanuelaharonoff/Development/code/web-js-oo-task-list-web-0616/tmpTestSupport/jasmine.js:1517:40
complete@file:///Users/emanuelaharonoff/Development/code/web-js-oo-task-list-web-0616/tmpTestSupport/jasmine.js:1703:19
clearStack@file:///Users/emanuelaharonoff/Development/code/web-js-oo-task-list-web-0616/tmpTestSupport/jasmine.js:506:11
run@file:///Users/emanuelaharonoff/Development/code/web-js-oo-task-list-web-0616/tmpTestSupport/jasmine.js:1505:22
next@file:///Users/emanuelaharonoff/Development/code/web-js-oo-task-list-web-0616/tmpTestSupport/jasmine.js:1517:40
complete@file:///Users/emanuelaharonoff/Development/code/web-js-oo-task-list-web-0616/tmpTestSupport/jasmine.js:333:19
clearStack@file:///Users/emanuelaharonoff/Development/code/web-js-oo-task-list-web-0616/tmpTestSupport/jasmine.js:506:11
run@file:///Users/emanuelaharonoff/Development/code/web-js-oo-task-list-web-0616/tmpTestSupport/jasmine.js:1505:22
execute@file:///Users/emanuelaharonoff/Development/code/web-js-oo-task-list-web-0616/tmpTestSupport/jasmine.js:1485:13
queueRunnerFactory@file:///Users/emanuelaharonoff/Development/code/web-js-oo-task-list-web-0616/tmpTestSupport/jasmine.js:518:42
execute@file:///Users/emanuelaharonoff/Development/code/web-js-oo-task-list-web-0616/tmpTestSupport/jasmine.js:306:28
file:///Users/emanuelaharonoff/Development/code/web-js-oo-task-list-web-0616/tmpTestSupport/jasmine.js:1708:44
attemptAsync@file:///Users/emanuelaharonoff/Development/code/web-js-oo-task-list-web-0616/tmpTestSupport/jasmine.js:1520:16
run@file:///Users/emanuelaharonoff/Development/code/web-js-oo-task-list-web-0616/tmpTestSupport/jasmine.js:1496:28
next@file:///Users/emanuelaharonoff/Development/code/web-js-oo-task-list-web-0616/tmpTestSupport/jasmine.js:1517:40
complete@file:///Users/emanuelaharonoff/Development/code/web-js-oo-task-list-web-0616/tmpTestSupport/jasmine.js:333:19
clearStack@file:///Users/emanuelaharonoff/Development/code/web-js-oo-task-list-web-0616/tmpTestSupport/jasmine.js:506:11
run@file:///Users/emanuelaharonoff/Development/code/web-js-oo-task-list-web-0616/tmpTestSupport/jasmine.js:1505:22
execute@file:///Users/emanuelaharonoff/Development/code/web-js-oo-task-list-web-0616/tmpTestSupport/jasmine.js:1485:13
queueRunnerFactory@file:///Users/emanuelaharonoff/Development/code/web-js-oo-task-list-web-0616/tmpTestSupport/jasmine.js:518:42
execute@file:///Users/emanuelaharonoff/Development/code/web-js-oo-task-list-web-0616/tmpTestSupport/jasmine.js:306:28
file:///Users/emanuelaharonoff/Development/code/web-js-oo-task-list-web-0616/tmpTestSupport/jasmine.js:1708:44
attemptAsync@file:///Users/emanuelaharonoff/Development/code/web-js-oo-task-list-web-0616/tmpTestSupport/jasmine.js:1520:16
run@file:///Users/emanuelaharonoff/Development/code/web-js-oo-task-list-web-0616/tmpTestSupport/jasmine.js:1496:28
next@file:///Users/emanuelaharonoff/Development/code/web-js-oo-task-list-web-0616/tmpTestSupport/jasmine.js:1517:40
complete@file:///Users/emanuelaharonoff/Development/code/web-js-oo-task-list-web-0616/tmpTestSupport/jasmine.js:333:19
clearStack@file:///Users/emanuelaharonoff/Development/code/web-js-oo-task-list-web-0616/tmpTestSupport/jasmine.js:506:11
run@file:///Users/emanuelaharonoff/Development/code/web-js-oo-task-list-web-0616/tmpTestSupport/jasmine.js:1505:22
execute@file:///Users/emanuelaharonoff/Development/code/web-js-oo-task-list-web-0616/tmpTestSupport/jasmine.js:1485:13
queueRunnerFactory@file:///Users/emanuelaharonoff/Development/code/web-js-oo-task-list-web-0616/tmpTestSupport/jasmine.js:518:42
execute@file:///Users/emanuelaharonoff/Development/code/web-js-oo-task-list-web-0616/tmpTestSupport/jasmine.js:306:28
file:///Users/emanuelaharonoff/Development/code/web-js-oo-task-list-web-0616/tmpTestSupport/jasmine.js:1708:44
attemptAsync@file:///Users/emanuelaharonoff/Development/code/web-js-oo-task-list-web-0616/tmpTestSupport/jasmine.js:1520:16
run@file:///Users/emanuelaharonoff/Development/code/web-js-oo-task-list-web-0616/tmpTestSupport/jasmine.js:1496:28
next@file:///Users/emanuelaharonoff/Development/code/web-js-oo-task-list-web-0616/tmpTestSupport/jasmine.js:1517:40
complete@file:///Users/emanuelaharonoff/Development/code/web-js-oo-task-list-web-0616/tmpTestSupport/jasmine.js:333:19
clearStack@file:///Users/emanuelaharonoff/Development/code/web-js-oo-task-list-web-0616/tmpTestSupport/jasmine.js:506:11
run@file:///Users/emanuelaharonoff/Development/code/web-js-oo-task-list-web-0616/tmpTestSupport/jasmine.js:1505:22
execute@file:///Users/emanuelaharonoff/Development/code/web-js-oo-task-list-web-0616/tmpTestSupport/jasmine.js:1485:13
queueRunnerFactory@file:///Users/emanuelaharonoff/Development/code/web-js-oo-task-list-web-0616/tmpTestSupport/jasmine.js:518:42
execute@file:///Users/emanuelaharonoff/Development/code/web-js-oo-task-list-web-0616/tmpTestSupport/jasmine.js:306:28
file:///Users/emanuelaharonoff/Development/code/web-js-oo-task-list-web-0616/tmpTestSupport/jasmine.js:1708:44
attemptAsync@file:///Users/emanuelaharonoff/Development/code/web-js-oo-task-list-web-0616/tmpTestSupport/jasmine.js:1520:16
run@file:///Users/emanuelaharonoff/Development/code/web-js-oo-task-list-web-0616/tmpTestSupport/jasmine.js:1496:28
next@file:///Users/emanuelaharonoff/Development/code/web-js-oo-task-list-web-0616/tmpTestSupport/jasmine.js:1517:40
complete@file:///Users/emanuelaharonoff/Development/code/web-js-oo-task-list-web-0616/tmpTestSupport/jasmine.js:333:19
clearStack@file:///Users/emanuelaharonoff/Development/code/web-js-oo-task-list-web-0616/tmpTestSupport/jasmine.js:506:11
run@file:///Users/emanuelaharonoff/Development/code/web-js-oo-task-list-web-0616/tmpTestSupport/jasmine.js:1505:22
execute@file:///Users/emanuelaharonoff/Development/code/web-js-oo-task-list-web-0616/tmpTestSupport/jasmine.js:1485:13
queueRunnerFactory@file:///Users/emanuelaharonoff/Development/code/web-js-oo-task-list-web-0616/tmpTestSupport/jasmine.js:518:42
execute@file:///Users/emanuelaharonoff/Development/code/web-js-oo-task-list-web-0616/tmpTestSupport/jasmine.js:306:28
file:///Users/emanuelaharonoff/Development/code/web-js-oo-task-list-web-0616/tmpTestSupport/jasmine.js:1708:44
attemptAsync@file:///Users/emanuelaharonoff/Development/code/web-js-oo-task-list-web-0616/tmpTestSupport/jasmine.js:1520:16
run@file:///Users/emanuelaharonoff/Development/code/web-js-oo-task-list-web-0616/tmpTestSupport/jasmine.js:1496:28
execute@file:///Users/emanuelaharonoff/Development/code/web-js-oo-task-list-web-0616/tmpTestSupport/jasmine.js:1485:13
queueRunnerFactory@file:///Users/emanuelaharonoff/Development/code/web-js-oo-task-list-web-0616/tmpTestSupport/jasmine.js:518:42
execute@file:///Users/emanuelaharonoff/Development/code/web-js-oo-task-list-web-0616/tmpTestSupport/jasmine.js:1694:21
file:///Users/emanuelaharonoff/Development/code/web-js-oo-task-list-web-0616/tmpTestSupport/jasmine.js:1708:44
attemptAsync@file:///Users/emanuelaharonoff/Development/code/web-js-oo-task-list-web-0616/tmpTestSupport/jasmine.js:1520:16
run@file:///Users/emanuelaharonoff/Development/code/web-js-oo-task-list-web-0616/tmpTestSupport/jasmine.js:1496:28
execute@file:///Users/emanuelaharonoff/Development/code/web-js-oo-task-list-web-0616/tmpTestSupport/jasmine.js:1485:13
queueRunnerFactory@file:///Users/emanuelaharonoff/Development/code/web-js-oo-task-list-web-0616/tmpTestSupport/jasmine.js:518:42
execute@file:///Users/emanuelaharonoff/Development/code/web-js-oo-task-list-web-0616/tmpTestSupport/jasmine.js:1694:21
file:///Users/emanuelaharonoff/Development/code/web-js-oo-task-list-web-0616/tmpTestSupport/jasmine.js:1708:44
attemptAsync@file:///Users/emanuelaharonoff/Development/code/web-js-oo-task-list-web-0616/tmpTestSupport/jasmine.js:1520:16
run@file:///Users/emanuelaharonoff/Development/code/web-js-oo-task-list-web-0616/tmpTestSupport/jasmine.js:1496:28
execute@file:///Users/emanuelaharonoff/Development/code/web-js-oo-task-list-web-0616/tmpTestSupport/jasmine.js:1485:13
queueRunnerFactory@file:///Users/emanuelaharonoff/Development/code/web-js-oo-task-list-web-0616/tmpTestSupport/jasmine.js:518:42
execute@file:///Users/emanuelaharonoff/Development/code/web-js-oo-task-list-web-0616/tmpTestSupport/jasmine.js:1694:21
file:///Users/emanuelaharonoff/Development/code/web-js-oo-task-list-web-0616/tmpTestSupport/jasmine.js:1708:44
attemptAsync@file:///Users/emanuelaharonoff/Development/code/web-js-oo-task-list-web-0616/tmpTestSupport/jasmine.js:1520:16
run@file:///Users/emanuelaharonoff/Development/code/web-js-oo-task-list-web-0616/tmpTestSupport/jasmine.js:1496:28
execute@file:///Users/emanuelaharonoff/Development/code/web-js-oo-task-list-web-0616/tmpTestSupport/jasmine.js:1485:13
queueRunnerFactory@file:///Users/emanuelaharonoff/Development/code/web-js-oo-task-list-web-0616/tmpTestSupport/jasmine.js:518:42
execute@file:///Users/emanuelaharonoff/Development/code/web-js-oo-task-list-web-0616/tmpTestSupport/jasmine.js:1694:21
file:///Users/emanuelaharonoff/Development/code/web-js-oo-task-list-web-0616/tmpTestSupport/jasmine.js:541:83
attemptAsync@file:///Users/emanuelaharonoff/Development/code/web-js-oo-task-list-web-0616/tmpTestSupport/jasmine.js:1520:16
run@file:///Users/emanuelaharonoff/Development/code/web-js-oo-task-list-web-0616/tmpTestSupport/jasmine.js:1496:28
execute@file:///Users/emanuelaharonoff/Development/code/web-js-oo-task-list-web-0616/tmpTestSupport/jasmine.js:1485:13
queueRunnerFactory@file:///Users/emanuelaharonoff/Development/code/web-js-oo-task-list-web-0616/tmpTestSupport/jasmine.js:518:42
execute@file:///Users/emanuelaharonoff/Development/code/web-js-oo-task-list-web-0616/tmpTestSupport/jasmine.js:548:25
onload@file:///Users/emanuelaharonoff/Development/code/web-js-oo-task-list-web-0616/tmpTestSupport/boot.js:172:16			</failure>
			<failure type="" message="ReferenceError: Can&amp;apos;t find variable: List in file:///Users/emanuelaharonoff/Development/code/web-js-oo-task-list-web-0616/spec/list.spec.js (line 17)">
file:///Users/emanuelaharonoff/Development/code/web-js-oo-task-list-web-0616/spec/list.spec.js:17:34
attemptSync@file:///Users/emanuelaharonoff/Development/code/web-js-oo-task-list-web-0616/tmpTestSupport/jasmine.js:1510:16
run@file:///Users/emanuelaharonoff/Development/code/web-js-oo-task-list-web-0616/tmpTestSupport/jasmine.js:1498:20
execute@file:///Users/emanuelaharonoff/Development/code/web-js-oo-task-list-web-0616/tmpTestSupport/jasmine.js:1485:13
queueRunnerFactory@file:///Users/emanuelaharonoff/Development/code/web-js-oo-task-list-web-0616/tmpTestSupport/jasmine.js:518:42
execute@file:///Users/emanuelaharonoff/Development/code/web-js-oo-task-list-web-0616/tmpTestSupport/jasmine.js:306:28
file:///Users/emanuelaharonoff/Development/code/web-js-oo-task-list-web-0616/tmpTestSupport/jasmine.js:1708:44
attemptAsync@file:///Users/emanuelaharonoff/Development/code/web-js-oo-task-list-web-0616/tmpTestSupport/jasmine.js:1520:16
run@file:///Users/emanuelaharonoff/Development/code/web-js-oo-task-list-web-0616/tmpTestSupport/jasmine.js:1496:28
next@file:///Users/emanuelaharonoff/Development/code/web-js-oo-task-list-web-0616/tmpTestSupport/jasmine.js:1517:40
complete@file:///Users/emanuelaharonoff/Development/code/web-js-oo-task-list-web-0616/tmpTestSupport/jasmine.js:333:19
clearStack@file:///Users/emanuelaharonoff/Development/code/web-js-oo-task-list-web-0616/tmpTestSupport/jasmine.js:506:11
run@file:///Users/emanuelaharonoff/Development/code/web-js-oo-task-list-web-0616/tmpTestSupport/jasmine.js:1505:22
execute@file:///Users/emanuelaharonoff/Development/code/web-js-oo-task-list-web-0616/tmpTestSupport/jasmine.js:1485:13
queueRunnerFactory@file:///Users/emanuelaharonoff/Development/code/web-js-oo-task-list-web-0616/tmpTestSupport/jasmine.js:518:42
execute@file:///Users/emanuelaharonoff/Development/code/web-js-oo-task-list-web-0616/tmpTestSupport/jasmine.js:306:28
file:///Users/emanuelaharonoff/Development/code/web-js-oo-task-list-web-0616/tmpTestSupport/jasmine.js:1708:44
attemptAsync@file:///Users/emanuelaharonoff/Development/code/web-js-oo-task-list-web-0616/tmpTestSupport/jasmine.js:1520:16
run@file:///Users/emanuelaharonoff/Development/code/web-js-oo-task-list-web-0616/tmpTestSupport/jasmine.js:1496:28
execute@file:///Users/emanuelaharonoff/Development/code/web-js-oo-task-list-web-0616/tmpTestSupport/jasmine.js:1485:13
queueRunnerFactory@file:///Users/emanuelaharonoff/Development/code/web-js-oo-task-list-web-0616/tmpTestSupport/jasmine.js:518:42
execute@file:///Users/emanuelaharonoff/Development/code/web-js-oo-task-list-web-0616/tmpTestSupport/jasmine.js:1694:21
file:///Users/emanuelaharonoff/Development/code/web-js-oo-task-list-web-0616/tmpTestSupport/jasmine.js:1708:44
attemptAsync@file:///Users/emanuelaharonoff/Development/code/web-js-oo-task-list-web-0616/tmpTestSupport/jasmine.js:1520:16
run@file:///Users/emanuelaharonoff/Development/code/web-js-oo-task-list-web-0616/tmpTestSupport/jasmine.js:1496:28
execute@file:///Users/emanuelaharonoff/Development/code/web-js-oo-task-list-web-0616/tmpTestSupport/jasmine.js:1485:13
queueRunnerFactory@file:///Users/emanuelaharonoff/Development/code/web-js-oo-task-list-web-0616/tmpTestSupport/jasmine.js:518:42
execute@file:///Users/emanuelaharonoff/Development/code/web-js-oo-task-list-web-0616/tmpTestSupport/jasmine.js:1694:21
file:///Users/emanuelaharonoff/Development/code/web-js-oo-task-list-web-0616/tmpTestSupport/jasmine.js:1708:44
attemptAsync@file:///Users/emanuelaharonoff/Development/code/web-js-oo-task-list-web-0616/tmpTestSupport/jasmine.js:1520:16
run@file:///Users/emanuelaharonoff/Development/code/web-js-oo-task-list-web-0616/tmpTestSupport/jasmine.js:1496:28
execute@file:///Users/emanuelaharonoff/Development/code/web-js-oo-task-list-web-0616/tmpTestSupport/jasmine.js:1485:13
queueRunnerFactory@file:///Users/emanuelaharonoff/Development/code/web-js-oo-task-list-web-0616/tmpTestSupport/jasmine.js:518:42
execute@file:///Users/emanuelaharonoff/Development/code/web-js-oo-task-list-web-0616/tmpTestSupport/jasmine.js:1694:21
file:///Users/emanuelaharonoff/Development/code/web-js-oo-task-list-web-0616/tmpTestSupport/jasmine.js:1708:44
attemptAsync@file:///Users/emanuelaharonoff/Development/code/web-js-oo-task-list-web-0616/tmpTestSupport/jasmine.js:1520:16
run@file:///Users/emanuelaharonoff/Development/code/web-js-oo-task-list-web-0616/tmpTestSupport/jasmine.js:1496:28
next@file:///Users/emanuelaharonoff/Development/code/web-js-oo-task-list-web-0616/tmpTestSupport/jasmine.js:1517:40
complete@file:///Users/emanuelaharonoff/Development/code/web-js-oo-task-list-web-0616/tmpTestSupport/jasmine.js:1703:19
clearStack@file:///Users/emanuelaharonoff/Development/code/web-js-oo-task-list-web-0616/tmpTestSupport/jasmine.js:506:11
run@file:///Users/emanuelaharonoff/Development/code/web-js-oo-task-list-web-0616/tmpTestSupport/jasmine.js:1505:22
next@file:///Users/emanuelaharonoff/Development/code/web-js-oo-task-list-web-0616/tmpTestSupport/jasmine.js:1517:40
complete@file:///Users/emanuelaharonoff/Development/code/web-js-oo-task-list-web-0616/tmpTestSupport/jasmine.js:1703:19
clearStack@file:///Users/emanuelaharonoff/Development/code/web-js-oo-task-list-web-0616/tmpTestSupport/jasmine.js:506:11
run@file:///Users/emanuelaharonoff/Development/code/web-js-oo-task-list-web-0616/tmpTestSupport/jasmine.js:1505:22
next@file:///Users/emanuelaharonoff/Development/code/web-js-oo-task-list-web-0616/tmpTestSupport/jasmine.js:1517:40
complete@file:///Users/emanuelaharonoff/Development/code/web-js-oo-task-list-web-0616/tmpTestSupport/jasmine.js:1703:19
clearStack@file:///Users/emanuelaharonoff/Development/code/web-js-oo-task-list-web-0616/tmpTestSupport/jasmine.js:506:11
run@file:///Users/emanuelaharonoff/Development/code/web-js-oo-task-list-web-0616/tmpTestSupport/jasmine.js:1505:22
next@file:///Users/emanuelaharonoff/Development/code/web-js-oo-task-list-web-0616/tmpTestSupport/jasmine.js:1517:40
complete@file:///Users/emanuelaharonoff/Development/code/web-js-oo-task-list-web-0616/tmpTestSupport/jasmine.js:333:19
clearStack@file:///Users/emanuelaharonoff/Development/code/web-js-oo-task-list-web-0616/tmpTestSupport/jasmine.js:506:11
run@file:///Users/emanuelaharonoff/Development/code/web-js-oo-task-list-web-0616/tmpTestSupport/jasmine.js:1505:22
execute@file:///Users/emanuelaharonoff/Development/code/web-js-oo-task-list-web-0616/tmpTestSupport/jasmine.js:1485:13
queueRunnerFactory@file:///Users/emanuelaharonoff/Development/code/web-js-oo-task-list-web-0616/tmpTestSupport/jasmine.js:518:42
execute@file:///Users/emanuelaharonoff/Development/code/web-js-oo-task-list-web-0616/tmpTestSupport/jasmine.js:306:28
file:///Users/emanuelaharonoff/Development/code/web-js-oo-task-list-web-0616/tmpTestSupport/jasmine.js:1708:44
attemptAsync@file:///Users/emanuelaharonoff/Development/code/web-js-oo-task-list-web-0616/tmpTestSupport/jasmine.js:1520:16
run@file:///Users/emanuelaharonoff/Development/code/web-js-oo-task-list-web-0616/tmpTestSupport/jasmine.js:1496:28
next@file:///Users/emanuelaharonoff/Development/code/web-js-oo-task-list-web-0616/tmpTestSupport/jasmine.js:1517:40
complete@file:///Users/emanuelaharonoff/Development/code/web-js-oo-task-list-web-0616/tmpTestSupport/jasmine.js:333:19
clearStack@file:///Users/emanuelaharonoff/Development/code/web-js-oo-task-list-web-0616/tmpTestSupport/jasmine.js:506:11
run@file:///Users/emanuelaharonoff/Development/code/web-js-oo-task-list-web-0616/tmpTestSupport/jasmine.js:1505:22
execute@file:///Users/emanuelaharonoff/Development/code/web-js-oo-task-list-web-0616/tmpTestSupport/jasmine.js:1485:13
queueRunnerFactory@file:///Users/emanuelaharonoff/Development/code/web-js-oo-task-list-web-0616/tmpTestSupport/jasmine.js:518:42
execute@file:///Users/emanuelaharonoff/Development/code/web-js-oo-task-list-web-0616/tmpTestSupport/jasmine.js:306:28
file:///Users/emanuelaharonoff/Development/code/web-js-oo-task-list-web-0616/tmpTestSupport/jasmine.js:1708:44
attemptAsync@file:///Users/emanuelaharonoff/Development/code/web-js-oo-task-list-web-0616/tmpTestSupport/jasmine.js:1520:16
run@file:///Users/emanuelaharonoff/Development/code/web-js-oo-task-list-web-0616/tmpTestSupport/jasmine.js:1496:28
execute@file:///Users/emanuelaharonoff/Development/code/web-js-oo-task-list-web-0616/tmpTestSupport/jasmine.js:1485:13
queueRunnerFactory@file:///Users/emanuelaharonoff/Development/code/web-js-oo-task-list-web-0616/tmpTestSupport/jasmine.js:518:42
execute@file:///Users/emanuelaharonoff/Development/code/web-js-oo-task-list-web-0616/tmpTestSupport/jasmine.js:1694:21
file:///Users/emanuelaharonoff/Development/code/web-js-oo-task-list-web-0616/tmpTestSupport/jasmine.js:1708:44
attemptAsync@file:///Users/emanuelaharonoff/Development/code/web-js-oo-task-list-web-0616/tmpTestSupport/jasmine.js:1520:16
run@file:///Users/emanuelaharonoff/Development/code/web-js-oo-task-list-web-0616/tmpTestSupport/jasmine.js:1496:28
next@file:///Users/emanuelaharonoff/Development/code/web-js-oo-task-list-web-0616/tmpTestSupport/jasmine.js:1517:40
complete@file:///Users/emanuelaharonoff/Development/code/web-js-oo-task-list-web-0616/tmpTestSupport/jasmine.js:1703:19
clearStack@file:///Users/emanuelaharonoff/Development/code/web-js-oo-task-list-web-0616/tmpTestSupport/jasmine.js:506:11
run@file:///Users/emanuelaharonoff/Development/code/web-js-oo-task-list-web-0616/tmpTestSupport/jasmine.js:1505:22
next@file:///Users/emanuelaharonoff/Development/code/web-js-oo-task-list-web-0616/tmpTestSupport/jasmine.js:1517:40
complete@file:///Users/emanuelaharonoff/Development/code/web-js-oo-task-list-web-0616/tmpTestSupport/jasmine.js:333:19
clearStack@file:///Users/emanuelaharonoff/Development/code/web-js-oo-task-list-web-0616/tmpTestSupport/jasmine.js:506:11
run@file:///Users/emanuelaharonoff/Development/code/web-js-oo-task-list-web-0616/tmpTestSupport/jasmine.js:1505:22
execute@file:///Users/emanuelaharonoff/Development/code/web-js-oo-task-list-web-0616/tmpTestSupport/jasmine.js:1485:13
queueRunnerFactory@file:///Users/emanuelaharonoff/Development/code/web-js-oo-task-list-web-0616/tmpTestSupport/jasmine.js:518:42
execute@file:///Users/emanuelaharonoff/Development/code/web-js-oo-task-list-web-0616/tmpTestSupport/jasmine.js:306:28
file:///Users/emanuelaharonoff/Development/code/web-js-oo-task-list-web-0616/tmpTestSupport/jasmine.js:1708:44
attemptAsync@file:///Users/emanuelaharonoff/Development/code/web-js-oo-task-list-web-0616/tmpTestSupport/jasmine.js:1520:16
run@file:///Users/emanuelaharonoff/Development/code/web-js-oo-task-list-web-0616/tmpTestSupport/jasmine.js:1496:28
next@file:///Users/emanuelaharonoff/Development/code/web-js-oo-task-list-web-0616/tmpTestSupport/jasmine.js:1517:40
complete@file:///Users/emanuelaharonoff/Development/code/web-js-oo-task-list-web-0616/tmpTestSupport/jasmine.js:333:19
clearStack@file:///Users/emanuelaharonoff/Development/code/web-js-oo-task-list-web-0616/tmpTestSupport/jasmine.js:506:11
run@file:///Users/emanuelaharonoff/Development/code/web-js-oo-task-list-web-0616/tmpTestSupport/jasmine.js:1505:22
execute@file:///Users/emanuelaharonoff/Development/code/web-js-oo-task-list-web-0616/tmpTestSupport/jasmine.js:1485:13
queueRunnerFactory@file:///Users/emanuelaharonoff/Development/code/web-js-oo-task-list-web-0616/tmpTestSupport/jasmine.js:518:42
execute@file:///Users/emanuelaharonoff/Development/code/web-js-oo-task-list-web-0616/tmpTestSupport/jasmine.js:306:28
file:///Users/emanuelaharonoff/Development/code/web-js-oo-task-list-web-0616/tmpTestSupport/jasmine.js:1708:44
attemptAsync@file:///Users/emanuelaharonoff/Development/code/web-js-oo-task-list-web-0616/tmpTestSupport/jasmine.js:1520:16
run@file:///Users/emanuelaharonoff/Development/code/web-js-oo-task-list-web-0616/tmpTestSupport/jasmine.js:1496:28
next@file:///Users/emanuelaharonoff/Development/code/web-js-oo-task-list-web-0616/tmpTestSupport/jasmine.js:1517:40
complete@file:///Users/emanuelaharonoff/Development/code/web-js-oo-task-list-web-0616/tmpTestSupport/jasmine.js:333:19
clearStack@file:///Users/emanuelaharonoff/Development/code/web-js-oo-task-list-web-0616/tmpTestSupport/jasmine.js:506:11
run@file:///Users/emanuelaharonoff/Development/code/web-js-oo-task-list-web-0616/tmpTestSupport/jasmine.js:1505:22
execute@file:///Users/emanuelaharonoff/Development/code/web-js-oo-task-list-web-0616/tmpTestSupport/jasmine.js:1485:13
queueRunnerFactory@file:///Users/emanuelaharonoff/Development/code/web-js-oo-task-list-web-0616/tmpTestSupport/jasmine.js:518:42
execute@file:///Users/emanuelaharonoff/Development/code/web-js-oo-task-list-web-0616/tmpTestSupport/jasmine.js:306:28
file:///Users/emanuelaharonoff/Development/code/web-js-oo-task-list-web-0616/tmpTestSupport/jasmine.js:1708:44
attemptAsync@file:///Users/emanuelaharonoff/Development/code/web-js-oo-task-list-web-0616/tmpTestSupport/jasmine.js:1520:16
run@file:///Users/emanuelaharonoff/Development/code/web-js-oo-task-list-web-0616/tmpTestSupport/jasmine.js:1496:28
next@file:///Users/emanuelaharonoff/Development/code/web-js-oo-task-list-web-0616/tmpTestSupport/jasmine.js:1517:40
complete@file:///Users/emanuelaharonoff/Development/code/web-js-oo-task-list-web-0616/tmpTestSupport/jasmine.js:333:19
clearStack@file:///Users/emanuelaharonoff/Development/code/web-js-oo-task-list-web-0616/tmpTestSupport/jasmine.js:506:11
run@file:///Users/emanuelaharonoff/Development/code/web-js-oo-task-list-web-0616/tmpTestSupport/jasmine.js:1505:22
execute@file:///Users/emanuelaharonoff/Development/code/web-js-oo-task-list-web-0616/tmpTestSupport/jasmine.js:1485:13
queueRunnerFactory@file:///Users/emanuelaharonoff/Development/code/web-js-oo-task-list-web-0616/tmpTestSupport/jasmine.js:518:42
execute@file:///Users/emanuelaharonoff/Development/code/web-js-oo-task-list-web-0616/tmpTestSupport/jasmine.js:306:28
file:///Users/emanuelaharonoff/Development/code/web-js-oo-task-list-web-0616/tmpTestSupport/jasmine.js:1708:44
attemptAsync@file:///Users/emanuelaharonoff/Development/code/web-js-oo-task-list-web-0616/tmpTestSupport/jasmine.js:1520:16
run@file:///Users/emanuelaharonoff/Development/code/web-js-oo-task-list-web-0616/tmpTestSupport/jasmine.js:1496:28
next@file:///Users/emanuelaharonoff/Development/code/web-js-oo-task-list-web-0616/tmpTestSupport/jasmine.js:1517:40
complete@file:///Users/emanuelaharonoff/Development/code/web-js-oo-task-list-web-0616/tmpTestSupport/jasmine.js:333:19
clearStack@file:///Users/emanuelaharonoff/Development/code/web-js-oo-task-list-web-0616/tmpTestSupport/jasmine.js:506:11
run@file:///Users/emanuelaharonoff/Development/code/web-js-oo-task-list-web-0616/tmpTestSupport/jasmine.js:1505:22
execute@file:///Users/emanuelaharonoff/Development/code/web-js-oo-task-list-web-0616/tmpTestSupport/jasmine.js:1485:13
queueRunnerFactory@file:///Users/emanuelaharonoff/Development/code/web-js-oo-task-list-web-0616/tmpTestSupport/jasmine.js:518:42
execute@file:///Users/emanuelaharonoff/Development/code/web-js-oo-task-list-web-0616/tmpTestSupport/jasmine.js:306:28
file:///Users/emanuelaharonoff/Development/code/web-js-oo-task-list-web-0616/tmpTestSupport/jasmine.js:1708:44
attemptAsync@file:///Users/emanuelaharonoff/Development/code/web-js-oo-task-list-web-0616/tmpTestSupport/jasmine.js:1520:16
run@file:///Users/emanuelaharonoff/Development/code/web-js-oo-task-list-web-0616/tmpTestSupport/jasmine.js:1496:28
execute@file:///Users/emanuelaharonoff/Development/code/web-js-oo-task-list-web-0616/tmpTestSupport/jasmine.js:1485:13
queueRunnerFactory@file:///Users/emanuelaharonoff/Development/code/web-js-oo-task-list-web-0616/tmpTestSupport/jasmine.js:518:42
execute@file:///Users/emanuelaharonoff/Development/code/web-js-oo-task-list-web-0616/tmpTestSupport/jasmine.js:1694:21
file:///Users/emanuelaharonoff/Development/code/web-js-oo-task-list-web-0616/tmpTestSupport/jasmine.js:1708:44
attemptAsync@file:///Users/emanuelaharonoff/Development/code/web-js-oo-task-list-web-0616/tmpTestSupport/jasmine.js:1520:16
run@file:///Users/emanuelaharonoff/Development/code/web-js-oo-task-list-web-0616/tmpTestSupport/jasmine.js:1496:28
execute@file:///Users/emanuelaharonoff/Development/code/web-js-oo-task-list-web-0616/tmpTestSupport/jasmine.js:1485:13
queueRunnerFactory@file:///Users/emanuelaharonoff/Development/code/web-js-oo-task-list-web-0616/tmpTestSupport/jasmine.js:518:42
execute@file:///Users/emanuelaharonoff/Development/code/web-js-oo-task-list-web-0616/tmpTestSupport/jasmine.js:1694:21
file:///Users/emanuelaharonoff/Development/code/web-js-oo-task-list-web-0616/tmpTestSupport/jasmine.js:1708:44
attemptAsync@file:///Users/emanuelaharonoff/Development/code/web-js-oo-task-list-web-0616/tmpTestSupport/jasmine.js:1520:16
run@file:///Users/emanuelaharonoff/Development/code/web-js-oo-task-list-web-0616/tmpTestSupport/jasmine.js:1496:28
execute@file:///Users/emanuelaharonoff/Development/code/web-js-oo-task-list-web-0616/tmpTestSupport/jasmine.js:1485:13
queueRunnerFactory@file:///Users/emanuelaharonoff/Development/code/web-js-oo-task-list-web-0616/tmpTestSupport/jasmine.js:518:42
execute@file:///Users/emanuelaharonoff/Development/code/web-js-oo-task-list-web-0616/tmpTestSupport/jasmine.js:1694:21
file:///Users/emanuelaharonoff/Development/code/web-js-oo-task-list-web-0616/tmpTestSupport/jasmine.js:1708:44
attemptAsync@file:///Users/emanuelaharonoff/Development/code/web-js-oo-task-list-web-0616/tmpTestSupport/jasmine.js:1520:16
run@file:///Users/emanuelaharonoff/Development/code/web-js-oo-task-list-web-0616/tmpTestSupport/jasmine.js:1496:28
execute@file:///Users/emanuelaharonoff/Development/code/web-js-oo-task-list-web-0616/tmpTestSupport/jasmine.js:1485:13
queueRunnerFactory@file:///Users/emanuelaharonoff/Development/code/web-js-oo-task-list-web-0616/tmpTestSupport/jasmine.js:518:42
execute@file:///Users/emanuelaharonoff/Development/code/web-js-oo-task-list-web-0616/tmpTestSupport/jasmine.js:1694:21
file:///Users/emanuelaharonoff/Development/code/web-js-oo-task-list-web-0616/tmpTestSupport/jasmine.js:541:83
attemptAsync@file:///Users/emanuelaharonoff/Development/code/web-js-oo-task-list-web-0616/tmpTestSupport/jasmine.js:1520:16
run@file:///Users/emanuelaharonoff/Development/code/web-js-oo-task-list-web-0616/tmpTestSupport/jasmine.js:1496:28
execute@file:///Users/emanuelaharonoff/Development/code/web-js-oo-task-list-web-0616/tmpTestSupport/jasmine.js:1485:13
queueRunnerFactory@file:///Users/emanuelaharonoff/Development/code/web-js-oo-task-list-web-0616/tmpTestSupport/jasmine.js:518:42
execute@file:///Users/emanuelaharonoff/Development/code/web-js-oo-task-list-web-0616/tmpTestSupport/jasmine.js:548:25
onload@file:///Users/emanuelaharonoff/Development/code/web-js-oo-task-list-web-0616/tmpTestSupport/boot.js:172:16			</failure>
		</testcase>
		<testcase classname="List Model" name="Instance Properties Properties from initialization should be assigned an empty array when a new List is created" time="0">
			<failure type="" message="ReferenceError: Can&amp;apos;t find variable: List in file:///Users/emanuelaharonoff/Development/code/web-js-oo-task-list-web-0616/spec/list.spec.js (line 8)">
file:///Users/emanuelaharonoff/Development/code/web-js-oo-task-list-web-0616/spec/list.spec.js:8:20
attemptSync@file:///Users/emanuelaharonoff/Development/code/web-js-oo-task-list-web-0616/tmpTestSupport/jasmine.js:1510:16
run@file:///Users/emanuelaharonoff/Development/code/web-js-oo-task-list-web-0616/tmpTestSupport/jasmine.js:1498:20
execute@file:///Users/emanuelaharonoff/Development/code/web-js-oo-task-list-web-0616/tmpTestSupport/jasmine.js:1485:13
queueRunnerFactory@file:///Users/emanuelaharonoff/Development/code/web-js-oo-task-list-web-0616/tmpTestSupport/jasmine.js:518:42
execute@file:///Users/emanuelaharonoff/Development/code/web-js-oo-task-list-web-0616/tmpTestSupport/jasmine.js:306:28
file:///Users/emanuelaharonoff/Development/code/web-js-oo-task-list-web-0616/tmpTestSupport/jasmine.js:1708:44
attemptAsync@file:///Users/emanuelaharonoff/Development/code/web-js-oo-task-list-web-0616/tmpTestSupport/jasmine.js:1520:16
run@file:///Users/emanuelaharonoff/Development/code/web-js-oo-task-list-web-0616/tmpTestSupport/jasmine.js:1496:28
next@file:///Users/emanuelaharonoff/Development/code/web-js-oo-task-list-web-0616/tmpTestSupport/jasmine.js:1517:40
complete@file:///Users/emanuelaharonoff/Development/code/web-js-oo-task-list-web-0616/tmpTestSupport/jasmine.js:333:19
clearStack@file:///Users/emanuelaharonoff/Development/code/web-js-oo-task-list-web-0616/tmpTestSupport/jasmine.js:506:11
run@file:///Users/emanuelaharonoff/Development/code/web-js-oo-task-list-web-0616/tmpTestSupport/jasmine.js:1505:22
execute@file:///Users/emanuelaharonoff/Development/code/web-js-oo-task-list-web-0616/tmpTestSupport/jasmine.js:1485:13
queueRunnerFactory@file:///Users/emanuelaharonoff/Development/code/web-js-oo-task-list-web-0616/tmpTestSupport/jasmine.js:518:42
execute@file:///Users/emanuelaharonoff/Development/code/web-js-oo-task-list-web-0616/tmpTestSupport/jasmine.js:306:28
file:///Users/emanuelaharonoff/Development/code/web-js-oo-task-list-web-0616/tmpTestSupport/jasmine.js:1708:44
attemptAsync@file:///Users/emanuelaharonoff/Development/code/web-js-oo-task-list-web-0616/tmpTestSupport/jasmine.js:1520:16
run@file:///Users/emanuelaharonoff/Development/code/web-js-oo-task-list-web-0616/tmpTestSupport/jasmine.js:1496:28
next@file:///Users/emanuelaharonoff/Development/code/web-js-oo-task-list-web-0616/tmpTestSupport/jasmine.js:1517:40
complete@file:///Users/emanuelaharonoff/Development/code/web-js-oo-task-list-web-0616/tmpTestSupport/jasmine.js:333:19
clearStack@file:///Users/emanuelaharonoff/Development/code/web-js-oo-task-list-web-0616/tmpTestSupport/jasmine.js:506:11
run@file:///Users/emanuelaharonoff/Development/code/web-js-oo-task-list-web-0616/tmpTestSupport/jasmine.js:1505:22
execute@file:///Users/emanuelaharonoff/Development/code/web-js-oo-task-list-web-0616/tmpTestSupport/jasmine.js:1485:13
queueRunnerFactory@file:///Users/emanuelaharonoff/Development/code/web-js-oo-task-list-web-0616/tmpTestSupport/jasmine.js:518:42
execute@file:///Users/emanuelaharonoff/Development/code/web-js-oo-task-list-web-0616/tmpTestSupport/jasmine.js:306:28
file:///Users/emanuelaharonoff/Development/code/web-js-oo-task-list-web-0616/tmpTestSupport/jasmine.js:1708:44
attemptAsync@file:///Users/emanuelaharonoff/Development/code/web-js-oo-task-list-web-0616/tmpTestSupport/jasmine.js:1520:16
run@file:///Users/emanuelaharonoff/Development/code/web-js-oo-task-list-web-0616/tmpTestSupport/jasmine.js:1496:28
execute@file:///Users/emanuelaharonoff/Development/code/web-js-oo-task-list-web-0616/tmpTestSupport/jasmine.js:1485:13
queueRunnerFactory@file:///Users/emanuelaharonoff/Development/code/web-js-oo-task-list-web-0616/tmpTestSupport/jasmine.js:518:42
execute@file:///Users/emanuelaharonoff/Development/code/web-js-oo-task-list-web-0616/tmpTestSupport/jasmine.js:1694:21
file:///Users/emanuelaharonoff/Development/code/web-js-oo-task-list-web-0616/tmpTestSupport/jasmine.js:1708:44
attemptAsync@file:///Users/emanuelaharonoff/Development/code/web-js-oo-task-list-web-0616/tmpTestSupport/jasmine.js:1520:16
run@file:///Users/emanuelaharonoff/Development/code/web-js-oo-task-list-web-0616/tmpTestSupport/jasmine.js:1496:28
execute@file:///Users/emanuelaharonoff/Development/code/web-js-oo-task-list-web-0616/tmpTestSupport/jasmine.js:1485:13
queueRunnerFactory@file:///Users/emanuelaharonoff/Development/code/web-js-oo-task-list-web-0616/tmpTestSupport/jasmine.js:518:42
execute@file:///Users/emanuelaharonoff/Development/code/web-js-oo-task-list-web-0616/tmpTestSupport/jasmine.js:1694:21
file:///Users/emanuelaharonoff/Development/code/web-js-oo-task-list-web-0616/tmpTestSupport/jasmine.js:1708:44
attemptAsync@file:///Users/emanuelaharonoff/Development/code/web-js-oo-task-list-web-0616/tmpTestSupport/jasmine.js:1520:16
run@file:///Users/emanuelaharonoff/Development/code/web-js-oo-task-list-web-0616/tmpTestSupport/jasmine.js:1496:28
execute@file:///Users/emanuelaharonoff/Development/code/web-js-oo-task-list-web-0616/tmpTestSupport/jasmine.js:1485:13
queueRunnerFactory@file:///Users/emanuelaharonoff/Development/code/web-js-oo-task-list-web-0616/tmpTestSupport/jasmine.js:518:42
execute@file:///Users/emanuelaharonoff/Development/code/web-js-oo-task-list-web-0616/tmpTestSupport/jasmine.js:1694:21
file:///Users/emanuelaharonoff/Development/code/web-js-oo-task-list-web-0616/tmpTestSupport/jasmine.js:1708:44
attemptAsync@file:///Users/emanuelaharonoff/Development/code/web-js-oo-task-list-web-0616/tmpTestSupport/jasmine.js:1520:16
run@file:///Users/emanuelaharonoff/Development/code/web-js-oo-task-list-web-0616/tmpTestSupport/jasmine.js:1496:28
next@file:///Users/emanuelaharonoff/Development/code/web-js-oo-task-list-web-0616/tmpTestSupport/jasmine.js:1517:40
complete@file:///Users/emanuelaharonoff/Development/code/web-js-oo-task-list-web-0616/tmpTestSupport/jasmine.js:1703:19
clearStack@file:///Users/emanuelaharonoff/Development/code/web-js-oo-task-list-web-0616/tmpTestSupport/jasmine.js:506:11
run@file:///Users/emanuelaharonoff/Development/code/web-js-oo-task-list-web-0616/tmpTestSupport/jasmine.js:1505:22
[...]
attemptAsync@file:///Users/emanuelaharonoff/Development/code/web-js-oo-task-list-web-0616/tmpTestSupport/jasmine.js:1520:16
run@file:///Users/emanuelaharonoff/Development/code/web-js-oo-task-list-web-0616/tmpTestSupport/jasmine.js:1496:28
next@file:///Users/emanuelaharonoff/Development/code/web-js-oo-task-list-web-0616/tmpTestSupport/jasmine.js:1517:40
complete@file:///Users/emanuelaharonoff/Development/code/web-js-oo-task-list-web-0616/tmpTestSupport/jasmine.js:333:19
clearStack@file:///Users/emanuelaharonoff/Development/code/web-js-oo-task-list-web-0616/tmpTestSupport/jasmine.js:506:11
run@file:///Users/emanuelaharonoff/Development/code/web-js-oo-task-list-web-0616/tmpTestSupport/jasmine.js:1505:22
execute@file:///Users/emanuelaharonoff/Development/code/web-js-oo-task-list-web-0616/tmpTestSupport/jasmine.js:1485:13
queueRunnerFactory@file:///Users/emanuelaharonoff/Development/code/web-js-oo-task-list-web-0616/tmpTestSupport/jasmine.js:518:42
execute@file:///Users/emanuelaharonoff/Development/code/web-js-oo-task-list-web-0616/tmpTestSupport/jasmine.js:306:28
file:///Users/emanuelaharonoff/Development/code/web-js-oo-task-list-web-0616/tmpTestSupport/jasmine.js:1708:44
attemptAsync@file:///Users/emanuelaharonoff/Development/code/web-js-oo-task-list-web-0616/tmpTestSupport/jasmine.js:1520:16
run@file:///Users/emanuelaharonoff/Development/code/web-js-oo-task-list-web-0616/tmpTestSupport/jasmine.js:1496:28
next@file:///Users/emanuelaharonoff/Development/code/web-js-oo-task-list-web-0616/tmpTestSupport/jasmine.js:1517:40
complete@file:///Users/emanuelaharonoff/Development/code/web-js-oo-task-list-web-0616/tmpTestSupport/jasmine.js:333:19
clearStack@file:///Users/emanuelaharonoff/Development/code/web-js-oo-task-list-web-0616/tmpTestSupport/jasmine.js:506:11
run@file:///Users/emanuelaharonoff/Development/code/web-js-oo-task-list-web-0616/tmpTestSupport/jasmine.js:1505:22
execute@file:///Users/emanuelaharonoff/Development/code/web-js-oo-task-list-web-0616/tmpTestSupport/jasmine.js:1485:13
queueRunnerFactory@file:///Users/emanuelaharonoff/Development/code/web-js-oo-task-list-web-0616/tmpTestSupport/jasmine.js:518:42
execute@file:///Users/emanuelaharonoff/Development/code/web-js-oo-task-list-web-0616/tmpTestSupport/jasmine.js:306:28
file:///Users/emanuelaharonoff/Development/code/web-js-oo-task-list-web-0616/tmpTestSupport/jasmine.js:1708:44
attemptAsync@file:///Users/emanuelaharonoff/Development/code/web-js-oo-task-list-web-0616/tmpTestSupport/jasmine.js:1520:16
run@file:///Users/emanuelaharonoff/Development/code/web-js-oo-task-list-web-0616/tmpTestSupport/jasmine.js:1496:28
next@file:///Users/emanuelaharonoff/Development/code/web-js-oo-task-list-web-0616/tmpTestSupport/jasmine.js:1517:40
complete@file:///Users/emanuelaharonoff/Development/code/web-js-oo-task-list-web-0616/tmpTestSupport/jasmine.js:333:19
clearStack@file:///Users/emanuelaharonoff/Development/code/web-js-oo-task-list-web-0616/tmpTestSupport/jasmine.js:506:11
run@file:///Users/emanuelaharonoff/Development/code/web-js-oo-task-list-web-0616/tmpTestSupport/jasmine.js:1505:22
execute@file:///Users/emanuelaharonoff/Development/code/web-js-oo-task-list-web-0616/tmpTestSupport/jasmine.js:1485:13
queueRunnerFactory@file:///Users/emanuelaharonoff/Development/code/web-js-oo-task-list-web-0616/tmpTestSupport/jasmine.js:518:42
execute@file:///Users/emanuelaharonoff/Development/code/web-js-oo-task-list-web-0616/tmpTestSupport/jasmine.js:306:28
file:///Users/emanuelaharonoff/Development/code/web-js-oo-task-list-web-0616/tmpTestSupport/jasmine.js:1708:44
attemptAsync@file:///Users/emanuelaharonoff/Development/code/web-js-oo-task-list-web-0616/tmpTestSupport/jasmine.js:1520:16
run@file:///Users/emanuelaharonoff/Development/code/web-js-oo-task-list-web-0616/tmpTestSupport/jasmine.js:1496:28
next@file:///Users/emanuelaharonoff/Development/code/web-js-oo-task-list-web-0616/tmpTestSupport/jasmine.js:1517:40
complete@file:///Users/emanuelaharonoff/Development/code/web-js-oo-task-list-web-0616/tmpTestSupport/jasmine.js:333:19
clearStack@file:///Users/emanuelaharonoff/Development/code/web-js-oo-task-list-web-0616/tmpTestSupport/jasmine.js:506:11
run@file:///Users/emanuelaharonoff/Development/code/web-js-oo-task-list-web-0616/tmpTestSupport/jasmine.js:1505:22
execute@file:///Users/emanuelaharonoff/Development/code/web-js-oo-task-list-web-0616/tmpTestSupport/jasmine.js:1485:13
queueRunnerFactory@file:///Users/emanuelaharonoff/Development/code/web-js-oo-task-list-web-0616/tmpTestSupport/jasmine.js:518:42
execute@file:///Users/emanuelaharonoff/Development/code/web-js-oo-task-list-web-0616/tmpTestSupport/jasmine.js:306:28
file:///Users/emanuelaharonoff/Development/code/web-js-oo-task-list-web-0616/tmpTestSupport/jasmine.js:1708:44
attemptAsync@file:///Users/emanuelaharonoff/Development/code/web-js-oo-task-list-web-0616/tmpTestSupport/jasmine.js:1520:16
run@file:///Users/emanuelaharonoff/Development/code/web-js-oo-task-list-web-0616/tmpTestSupport/jasmine.js:1496:28
execute@file:///Users/emanuelaharonoff/Development/code/web-js-oo-task-list-web-0616/tmpTestSupport/jasmine.js:1485:13
queueRunnerFactory@file:///Users/emanuelaharonoff/Development/code/web-js-oo-task-list-web-0616/tmpTestSupport/jasmine.js:518:42
execute@file:///Users/emanuelaharonoff/Development/code/web-js-oo-task-list-web-0616/tmpTestSupport/jasmine.js:1694:21
file:///Users/emanuelaharonoff/Development/code/web-js-oo-task-list-web-0616/tmpTestSupport/jasmine.js:1708:44
attemptAsync@file:///Users/emanuelaharonoff/Development/code/web-js-oo-task-list-web-0616/tmpTestSupport/jasmine.js:1520:16
run@file:///Users/emanuelaharonoff/Development/code/web-js-oo-task-list-web-0616/tmpTestSupport/jasmine.js:1496:28
execute@file:///Users/emanuelaharonoff/Development/code/web-js-oo-task-list-web-0616/tmpTestSupport/jasmine.js:1485:13
queueRunnerFactory@file:///Users/emanuelaharonoff/Development/code/web-js-oo-task-list-web-0616/tmpTestSupport/jasmine.js:518:42
execute@file:///Users/emanuelaharonoff/Development/code/web-js-oo-task-list-web-0616/tmpTestSupport/jasmine.js:1694:21
file:///Users/emanuelaharonoff/Development/code/web-js-oo-task-list-web-0616/tmpTestSupport/jasmine.js:1708:44
attemptAsync@file:///Users/emanuelaharonoff/Development/code/web-js-oo-task-list-web-0616/tmpTestSupport/jasmine.js:1520:16
run@file:///Users/emanuelaharonoff/Development/code/web-js-oo-task-list-web-0616/tmpTestSupport/jasmine.js:1496:28
execute@file:///Users/emanuelaharonoff/Development/code/web-js-oo-task-list-web-0616/tmpTestSupport/jasmine.js:1485:13
queueRunnerFactory@file:///Users/emanuelaharonoff/Development/code/web-js-oo-task-list-web-0616/tmpTestSupport/jasmine.js:518:42
execute@file:///Users/emanuelaharonoff/Development/code/web-js-oo-task-list-web-0616/tmpTestSupport/jasmine.js:1694:21
file:///Users/emanuelaharonoff/Development/code/web-js-oo-task-list-web-0616/tmpTestSupport/jasmine.js:1708:44
attemptAsync@file:///Users/emanuelaharonoff/Development/code/web-js-oo-task-list-web-0616/tmpTestSupport/jasmine.js:1520:16
run@file:///Users/emanuelaharonoff/Development/code/web-js-oo-task-list-web-0616/tmpTestSupport/jasmine.js:1496:28
execute@file:///Users/emanuelaharonoff/Development/code/web-js-oo-task-list-web-0616/tmpTestSupport/jasmine.js:1485:13
queueRunnerFactory@file:///Users/emanuelaharonoff/Development/code/web-js-oo-task-list-web-0616/tmpTestSupport/jasmine.js:518:42
execute@file:///Users/emanuelaharonoff/Development/code/web-js-oo-task-list-web-0616/tmpTestSupport/jasmine.js:1694:21
file:///Users/emanuelaharonoff/Development/code/web-js-oo-task-list-web-0616/tmpTestSupport/jasmine.js:541:83
attemptAsync@file:///Users/emanuelaharonoff/Development/code/web-js-oo-task-list-web-0616/tmpTestSupport/jasmine.js:1520:16
run@file:///Users/emanuelaharonoff/Development/code/web-js-oo-task-list-web-0616/tmpTestSupport/jasmine.js:1496:28
execute@file:///Users/emanuelaharonoff/Development/code/web-js-oo-task-list-web-0616/tmpTestSupport/jasmine.js:1485:13
queueRunnerFactory@file:///Users/emanuelaharonoff/Development/code/web-js-oo-task-list-web-0616/tmpTestSupport/jasmine.js:518:42
execute@file:///Users/emanuelaharonoff/Development/code/web-js-oo-task-list-web-0616/tmpTestSupport/jasmine.js:548:25
onload@file:///Users/emanuelaharonoff/Development/code/web-js-oo-task-list-web-0616/tmpTestSupport/boot.js:172:16			</failure>
		</testcase>
		<testcase classname="List Model" name="Constructor Properties should have an &amp;quot;all&amp;quot; property to hold instances of each list created" time="0">
			<failure type="" message="ReferenceError: Can&amp;apos;t find variable: List in file:///Users/emanuelaharonoff/Development/code/web-js-oo-task-list-web-0616/spec/list.spec.js (line 61)">
file:///Users/emanuelaharonoff/Development/code/web-js-oo-task-list-web-0616/spec/list.spec.js:61:20
attemptSync@file:///Users/emanuelaharonoff/Development/code/web-js-oo-task-list-web-0616/tmpTestSupport/jasmine.js:1510:16
run@file:///Users/emanuelaharonoff/Development/code/web-js-oo-task-list-web-0616/tmpTestSupport/jasmine.js:1498:20
execute@file:///Users/emanuelaharonoff/Development/code/web-js-oo-task-list-web-0616/tmpTestSupport/jasmine.js:1485:13
queueRunnerFactory@file:///Users/emanuelaharonoff/Development/code/web-js-oo-task-list-web-0616/tmpTestSupport/jasmine.js:518:42
execute@file:///Users/emanuelaharonoff/Development/code/web-js-oo-task-list-web-0616/tmpTestSupport/jasmine.js:306:28
file:///Users/emanuelaharonoff/Development/code/web-js-oo-task-list-web-0616/tmpTestSupport/jasmine.js:1708:44
attemptAsync@file:///Users/emanuelaharonoff/Development/code/web-js-oo-task-list-web-0616/tmpTestSupport/jasmine.js:1520:16
run@file:///Users/emanuelaharonoff/Development/code/web-js-oo-task-list-web-0616/tmpTestSupport/jasmine.js:1496:28
execute@file:///Users/emanuelaharonoff/Development/code/web-js-oo-task-list-web-0616/tmpTestSupport/jasmine.js:1485:13
queueRunnerFactory@file:///Users/emanuelaharonoff/Development/code/web-js-oo-task-list-web-0616/tmpTestSupport/jasmine.js:518:42
execute@file:///Users/emanuelaharonoff/Development/code/web-js-oo-task-list-web-0616/tmpTestSupport/jasmine.js:1694:21
file:///Users/emanuelaharonoff/Development/code/web-js-oo-task-list-web-0616/tmpTestSupport/jasmine.js:1708:44
attemptAsync@file:///Users/emanuelaharonoff/Development/code/web-js-oo-task-list-web-0616/tmpTestSupport/jasmine.js:1520:16
run@file:///Users/emanuelaharonoff/Development/code/web-js-oo-task-list-web-0616/tmpTestSupport/jasmine.js:1496:28
next@file:///Users/emanuelaharonoff/Development/code/web-js-oo-task-list-web-0616/tmpTestSupport/jasmine.js:1517:40
complete@file:///Users/emanuelaharonoff/Development/code/web-js-oo-task-list-web-0616/tmpTestSupport/jasmine.js:1703:19			</failure>
			<failure type="" message="ReferenceError: Can&amp;apos;t find variable: List in file:///Users/emanuelaharonoff/Development/code/web-js-oo-task-list-web-0616/spec/list.spec.js (line 65)">
file:///Users/emanuelaharonoff/Development/code/web-js-oo-task-list-web-0616/spec/list.spec.js:65:18
attemptSync@file:///Users/emanuelaharonoff/Development/code/web-js-oo-task-list-web-0616/tmpTestSupport/jasmine.js:1510:16
run@file:///Users/emanuelaharonoff/Development/code/web-js-oo-task-list-web-0616/tmpTestSupport/jasmine.js:1498:20
execute@file:///Users/emanuelaharonoff/Development/code/web-js-oo-task-list-web-0616/tmpTestSupport/jasmine.js:1485:13
queueRunnerFactory@file:///Users/emanuelaharonoff/Development/code/web-js-oo-task-list-web-0616/tmpTestSupport/jasmine.js:518:42
execute@file:///Users/emanuelaharonoff/Development/code/web-js-oo-task-list-web-0616/tmpTestSupport/jasmine.js:306:28
file:///Users/emanuelaharonoff/Development/code/web-js-oo-task-list-web-0616/tmpTestSupport/jasmine.js:1708:44
attemptAsync@file:///Users/emanuelaharonoff/Development/code/web-js-oo-task-list-web-0616/tmpTestSupport/jasmine.js:1520:16
run@file:///Users/emanuelaharonoff/Development/code/web-js-oo-task-list-web-0616/tmpTestSupport/jasmine.js:1496:28
execute@file:///Users/emanuelaharonoff/Development/code/web-js-oo-task-list-web-0616/tmpTestSupport/jasmine.js:1485:13
queueRunnerFactory@file:///Users/emanuelaharonoff/Development/code/web-js-oo-task-list-web-0616/tmpTestSupport/jasmine.js:518:42
execute@file:///Users/emanuelaharonoff/Development/code/web-js-oo-task-list-web-0616/tmpTestSupport/jasmine.js:1694:21
file:///Users/emanuelaharonoff/Development/code/web-js-oo-task-list-web-0616/tmpTestSupport/jasmine.js:1708:44
attemptAsync@file:///Users/emanuelaharonoff/Development/code/web-js-oo-task-list-web-0616/tmpTestSupport/jasmine.js:1520:16
run@file:///Users/emanuelaharonoff/Development/code/web-js-oo-task-list-web-0616/tmpTestSupport/jasmine.js:1496:28
next@file:///Users/emanuelaharonoff/Development/code/web-js-oo-task-list-web-0616/tmpTestSupport/jasmine.js:1517:40
complete@file:///Users/emanuelaharonoff/Development/code/web-js-oo-task-list-web-0616/tmpTestSupport/jasmine.js:1703:19			</failure>
		</testcase>
		<testcase classname="List Model" name="Constructor Properties should keep track of all instances in an all property" time="0.001">
			<failure type="" message="ReferenceError: Can&amp;apos;t find variable: List in file:///Users/emanuelaharonoff/Development/code/web-js-oo-task-list-web-0616/spec/list.spec.js (line 61)">
file:///Users/emanuelaharonoff/Development/code/web-js-oo-task-list-web-0616/spec/list.spec.js:61:20
attemptSync@file:///Users/emanuelaharonoff/Development/code/web-js-oo-task-list-web-0616/tmpTestSupport/jasmine.js:1510:16
run@file:///Users/emanuelaharonoff/Development/code/web-js-oo-task-list-web-0616/tmpTestSupport/jasmine.js:1498:20
execute@file:///Users/emanuelaharonoff/Development/code/web-js-oo-task-list-web-0616/tmpTestSupport/jasmine.js:1485:13
queueRunnerFactory@file:///Users/emanuelaharonoff/Development/code/web-js-oo-task-list-web-0616/tmpTestSupport/jasmine.js:518:42
execute@file:///Users/emanuelaharonoff/Development/code/web-js-oo-task-list-web-0616/tmpTestSupport/jasmine.js:306:28
file:///Users/emanuelaharonoff/Development/code/web-js-oo-task-list-web-0616/tmpTestSupport/jasmine.js:1708:44
attemptAsync@file:///Users/emanuelaharonoff/Development/code/web-js-oo-task-list-web-0616/tmpTestSupport/jasmine.js:1520:16
run@file:///Users/emanuelaharonoff/Development/code/web-js-oo-task-list-web-0616/tmpTestSupport/jasmine.js:1496:28
next@file:///Users/emanuelaharonoff/Development/code/web-js-oo-task-list-web-0616/tmpTestSupport/jasmine.js:1517:40
complete@file:///Users/emanuelaharonoff/Development/code/web-js-oo-task-list-web-0616/tmpTestSupport/jasmine.js:333:19
clearStack@file:///Users/emanuelaharonoff/Development/code/web-js-oo-task-list-web-0616/tmpTestSupport/jasmine.js:506:11
run@file:///Users/emanuelaharonoff/Development/code/web-js-oo-task-list-web-0616/tmpTestSupport/jasmine.js:1505:22
execute@file:///Users/emanuelaharonoff/Development/code/web-js-oo-task-list-web-0616/tmpTestSupport/jasmine.js:1485:13
queueRunnerFactory@file:///Users/emanuelaharonoff/Development/code/web-js-oo-task-list-web-0616/tmpTestSupport/jasmine.js:518:42
execute@file:///Users/emanuelaharonoff/Development/code/web-js-oo-task-list-web-0616/tmpTestSupport/jasmine.js:306:28
file:///Users/emanuelaharonoff/Development/code/web-js-oo-task-list-web-0616/tmpTestSupport/jasmine.js:1708:44
attemptAsync@file:///Users/emanuelaharonoff/Development/code/web-js-oo-task-list-web-0616/tmpTestSupport/jasmine.js:1520:16
run@file:///Users/emanuelaharonoff/Development/code/web-js-oo-task-list-web-0616/tmpTestSupport/jasmine.js:1496:28
execute@file:///Users/emanuelaharonoff/Development/code/web-js-oo-task-list-web-0616/tmpTestSupport/jasmine.js:1485:13
queueRunnerFactory@file:///Users/emanuelaharonoff/Development/code/web-js-oo-task-list-web-0616/tmpTestSupport/jasmine.js:518:42
execute@file:///Users/emanuelaharonoff/Development/code/web-js-oo-task-list-web-0616/tmpTestSupport/jasmine.js:1694:21
file:///Users/emanuelaharonoff/Development/code/web-js-oo-task-list-web-0616/tmpTestSupport/jasmine.js:1708:44
attemptAsync@file:///Users/emanuelaharonoff/Development/code/web-js-oo-task-list-web-0616/tmpTestSupport/jasmine.js:1520:16
run@file:///Users/emanuelaharonoff/Development/code/web-js-oo-task-list-web-0616/tmpTestSupport/jasmine.js:1496:28
next@file:///Users/emanuelaharonoff/Development/code/web-js-oo-task-list-web-0616/tmpTestSupport/jasmine.js:1517:40
complete@file:///Users/emanuelaharonoff/Development/code/web-js-oo-task-list-web-0616/tmpTestSupport/jasmine.js:1703:19			</failure>
			<failure type="" message="ReferenceError: Can&amp;apos;t find variable: List in file:///Users/emanuelaharonoff/Development/code/web-js-oo-task-list-web-0616/spec/list.spec.js (line 69)">
file:///Users/emanuelaharonoff/Development/code/web-js-oo-task-list-web-0616/spec/list.spec.js:69:27
attemptSync@file:///Users/emanuelaharonoff/Development/code/web-js-oo-task-list-web-0616/tmpTestSupport/jasmine.js:1510:16
run@file:///Users/emanuelaharonoff/Development/code/web-js-oo-task-list-web-0616/tmpTestSupport/jasmine.js:1498:20
execute@file:///Users/emanuelaharonoff/Development/code/web-js-oo-task-list-web-0616/tmpTestSupport/jasmine.js:1485:13
queueRunnerFactory@file:///Users/emanuelaharonoff/Development/code/web-js-oo-task-list-web-0616/tmpTestSupport/jasmine.js:518:42
execute@file:///Users/emanuelaharonoff/Development/code/web-js-oo-task-list-web-0616/tmpTestSupport/jasmine.js:306:28
file:///Users/emanuelaharonoff/Development/code/web-js-oo-task-list-web-0616/tmpTestSupport/jasmine.js:1708:44
attemptAsync@file:///Users/emanuelaharonoff/Development/code/web-js-oo-task-list-web-0616/tmpTestSupport/jasmine.js:1520:16
run@file:///Users/emanuelaharonoff/Development/code/web-js-oo-task-list-web-0616/tmpTestSupport/jasmine.js:1496:28
next@file:///Users/emanuelaharonoff/Development/code/web-js-oo-task-list-web-0616/tmpTestSupport/jasmine.js:1517:40
complete@file:///Users/emanuelaharonoff/Development/code/web-js-oo-task-list-web-0616/tmpTestSupport/jasmine.js:333:19
clearStack@file:///Users/emanuelaharonoff/Development/code/web-js-oo-task-list-web-0616/tmpTestSupport/jasmine.js:506:11
run@file:///Users/emanuelaharonoff/Development/code/web-js-oo-task-list-web-0616/tmpTestSupport/jasmine.js:1505:22
execute@file:///Users/emanuelaharonoff/Development/code/web-js-oo-task-list-web-0616/tmpTestSupport/jasmine.js:1485:13
queueRunnerFactory@file:///Users/emanuelaharonoff/Development/code/web-js-oo-task-list-web-0616/tmpTestSupport/jasmine.js:518:42
execute@file:///Users/emanuelaharonoff/Development/code/web-js-oo-task-list-web-0616/tmpTestSupport/jasmine.js:306:28
file:///Users/emanuelaharonoff/Development/code/web-js-oo-task-list-web-0616/tmpTestSupport/jasmine.js:1708:44
attemptAsync@file:///Users/emanuelaharonoff/Development/code/web-js-oo-task-list-web-0616/tmpTestSupport/jasmine.js:1520:16
run@file:///Users/emanuelaharonoff/Development/code/web-js-oo-task-list-web-0616/tmpTestSupport/jasmine.js:1496:28
execute@file:///Users/emanuelaharonoff/Development/code/web-js-oo-task-list-web-0616/tmpTestSupport/jasmine.js:1485:13
queueRunnerFactory@file:///Users/emanuelaharonoff/Development/code/web-js-oo-task-list-web-0616/tmpTestSupport/jasmine.js:518:42
execute@file:///Users/emanuelaharonoff/Development/code/web-js-oo-task-list-web-0616/tmpTestSupport/jasmine.js:1694:21
file:///Users/emanuelaharonoff/Development/code/web-js-oo-task-list-web-0616/tmpTestSupport/jasmine.js:1708:44
attemptAsync@file:///Users/emanuelaharonoff/Development/code/web-js-oo-task-list-web-0616/tmpTestSupport/jasmine.js:1520:16
run@file:///Users/emanuelaharonoff/Development/code/web-js-oo-task-list-web-0616/tmpTestSupport/jasmine.js:1496:28
next@file:///Users/emanuelaharonoff/Development/code/web-js-oo-task-list-web-0616/tmpTestSupport/jasmine.js:1517:40
complete@file:///Users/emanuelaharonoff/Development/code/web-js-oo-task-list-web-0616/tmpTestSupport/jasmine.js:1703:19			</failure>
		</testcase>
	</testsuite>
</testsuites>

