<?xml version="1.0" encoding="UTF-8"?>
<testsuites>
	<testsuite tests="9" errors="0" failures="9" time="0.04" timestamp="2016-07-28T10:39:14">
		<testcase classname="Tasks Controller" name="creating a new TasksController should have a $addTaskForm property that holds a selected element with the id &amp;apos;#add_task&amp;apos;" time="0.002">
			<failure type="" message="ReferenceError: Can&amp;apos;t find variable: TasksController in file:///Users/emanuelaharonoff/Development/code/web-js-oo-task-list-web-0616/spec/tasks.controller.spec.js (line 7)">
file:///Users/emanuelaharonoff/Development/code/web-js-oo-task-list-web-0616/spec/tasks.controller.spec.js:7:42
attemptSync@file:///Users/emanuelaharonoff/Development/code/web-js-oo-task-list-web-0616/tmpTestSupport/jasmine.js:1510:16
run@file:///Users/emanuelaharonoff/Development/code/web-js-oo-task-list-web-0616/tmpTestSupport/jasmine.js:1498:20
execute@file:///Users/emanuelaharonoff/Development/code/web-js-oo-task-list-web-0616/tmpTestSupport/jasmine.js:1485:13
queueRunnerFactory@file:///Users/emanuelaharonoff/Development/code/web-js-oo-task-list-web-0616/tmpTestSupport/jasmine.js:518:42
execute@file:///Users/emanuelaharonoff/Development/code/web-js-oo-task-list-web-0616/tmpTestSupport/jasmine.js:306:28
file:///Users/emanuelaharonoff/Development/code/web-js-oo-task-list-web-0616/tmpTestSupport/jasmine.js:1708:44
attemptAsync@file:///Users/emanuelaharonoff/Development/code/web-js-oo-task-list-web-0616/tmpTestSupport/jasmine.js:1520:16
run@file:///Users/emanuelaharonoff/Development/code/web-js-oo-task-list-web-0616/tmpTestSupport/jasmine.js:1496:28
execute@file:///Users/emanuelaharonoff/Development/code/web-js-oo-task-list-web-0616/tmpTestSupport/jasmine.js:1485:13
queueRunnerFactory@file:///Users/emanuelaharonoff/Development/code/web-js-oo-task-list-web-0616/tmpTestSupport/jasmine.js:518:42
execute@file:///Users/emanuelaharonoff/Development/code/web-js-oo-task-list-web-0616/tmpTestSupport/jasmine.js:1694:21
file:///Users/emanuelaharonoff/Development/code/web-js-oo-task-list-web-0616/tmpTestSupport/jasmine.js:1708:44
attemptAsync@file:///Users/emanuelaharonoff/Development/code/web-js-oo-task-list-web-0616/tmpTestSupport/jasmine.js:1520:16
run@file:///Users/emanuelaharonoff/Development/code/web-js-oo-task-list-web-0616/tmpTestSupport/jasmine.js:1496:28
execute@file:///Users/emanuelaharonoff/Development/code/web-js-oo-task-list-web-0616/tmpTestSupport/jasmine.js:1485:13
queueRunnerFactory@file:///Users/emanuelaharonoff/Development/code/web-js-oo-task-list-web-0616/tmpTestSupport/jasmine.js:518:42
execute@file:///Users/emanuelaharonoff/Development/code/web-js-oo-task-list-web-0616/tmpTestSupport/jasmine.js:1694:21
file:///Users/emanuelaharonoff/Development/code/web-js-oo-task-list-web-0616/tmpTestSupport/jasmine.js:1708:44
attemptAsync@file:///Users/emanuelaharonoff/Development/code/web-js-oo-task-list-web-0616/tmpTestSupport/jasmine.js:1520:16
run@file:///Users/emanuelaharonoff/Development/code/web-js-oo-task-list-web-0616/tmpTestSupport/jasmine.js:1496:28
next@file:///Users/emanuelaharonoff/Development/code/web-js-oo-task-list-web-0616/tmpTestSupport/jasmine.js:1517:40
complete@file:///Users/emanuelaharonoff/Development/code/web-js-oo-task-list-web-0616/tmpTestSupport/jasmine.js:1703:19
clearStack@file:///Users/emanuelaharonoff/Development/code/web-js-oo-task-list-web-0616/tmpTestSupport/jasmine.js:506:11
run@file:///Users/emanuelaharonoff/Development/code/web-js-oo-task-list-web-0616/tmpTestSupport/jasmine.js:1505:22
next@file:///Users/emanuelaharonoff/Development/code/web-js-oo-task-list-web-0616/tmpTestSupport/jasmine.js:1517:40
complete@file:///Users/emanuelaharonoff/Development/code/web-js-oo-task-list-web-0616/tmpTestSupport/jasmine.js:1703:19
clearStack@file:///Users/emanuelaharonoff/Development/code/web-js-oo-task-list-web-0616/tmpTestSupport/jasmine.js:506:11
run@file:///Users/emanuelaharonoff/Development/code/web-js-oo-task-list-web-0616/tmpTestSupport/jasmine.js:1505:22
next@file:///Users/emanuelaharonoff/Development/code/web-js-oo-task-list-web-0616/tmpTestSupport/jasmine.js:1517:40
complete@file:///Users/emanuelaharonoff/Development/code/web-js-oo-task-list-web-0616/tmpTestSupport/jasmine.js:333:19
clearStack@file:///Users/emanuelaharonoff/Development/code/web-js-oo-task-list-web-0616/tmpTestSupport/jasmine.js:506:11
run@file:///Users/emanuelaharonoff/Development/code/web-js-oo-task-list-web-0616/tmpTestSupport/jasmine.js:1505:22
execute@file:///Users/emanuelaharonoff/Development/code/web-js-oo-task-list-web-0616/tmpTestSupport/jasmine.js:1485:13
queueRunnerFactory@file:///Users/emanuelaharonoff/Development/code/web-js-oo-task-list-web-0616/tmpTestSupport/jasmine.js:518:42
execute@file:///Users/emanuelaharonoff/Development/code/web-js-oo-task-list-web-0616/tmpTestSupport/jasmine.js:306:28
file:///Users/emanuelaharonoff/Development/code/web-js-oo-task-list-web-0616/tmpTestSupport/jasmine.js:1708:44
attemptAsync@file:///Users/emanuelaharonoff/Development/code/web-js-oo-task-list-web-0616/tmpTestSupport/jasmine.js:1520:16
run@file:///Users/emanuelaharonoff/Development/code/web-js-oo-task-list-web-0616/tmpTestSupport/jasmine.js:1496:28
next@file:///Users/emanuelaharonoff/Development/code/web-js-oo-task-list-web-0616/tmpTestSupport/jasmine.js:1517:40
complete@file:///Users/emanuelaharonoff/Development/code/web-js-oo-task-list-web-0616/tmpTestSupport/jasmine.js:333:19
clearStack@file:///Users/emanuelaharonoff/Development/code/web-js-oo-task-list-web-0616/tmpTestSupport/jasmine.js:506:11
run@file:///Users/emanuelaharonoff/Development/code/web-js-oo-task-list-web-0616/tmpTestSupport/jasmine.js:1505:22
execute@file:///Users/emanuelaharonoff/Development/code/web-js-oo-task-list-web-0616/tmpTestSupport/jasmine.js:1485:13
queueRunnerFactory@file:///Users/emanuelaharonoff/Development/code/web-js-oo-task-list-web-0616/tmpTestSupport/jasmine.js:518:42
execute@file:///Users/emanuelaharonoff/Development/code/web-js-oo-task-list-web-0616/tmpTestSupport/jasmine.js:306:28
file:///Users/emanuelaharonoff/Development/code/web-js-oo-task-list-web-0616/tmpTestSupport/jasmine.js:1708:44
attemptAsync@file:///Users/emanuelaharonoff/Development/code/web-js-oo-task-list-web-0616/tmpTestSupport/jasmine.js:1520:16
run@file:///Users/emanuelaharonoff/Development/code/web-js-oo-task-list-web-0616/tmpTestSupport/jasmine.js:1496:28
next@file:///Users/emanuelaharonoff/Development/code/web-js-oo-task-list-web-0616/tmpTestSupport/jasmine.js:1517:40
complete@file:///Users/emanuelaharonoff/Development/code/web-js-oo-task-list-web-0616/tmpTestSupport/jasmine.js:333:19
clearStack@file:///Users/emanuelaharonoff/Development/code/web-js-oo-task-list-web-0616/tmpTestSupport/jasmine.js:506:11
run@file:///Users/emanuelaharonoff/Development/code/web-js-oo-task-list-web-0616/tmpTestSupport/jasmine.js:1505:22
execute@file:///Users/emanuelaharonoff/Development/code/web-js-oo-task-list-web-0616/tmpTestSupport/jasmine.js:1485:13
queueRunnerFactory@file:///Users/emanuelaharonoff/Development/code/web-js-oo-task-list-web-0616/tmpTestSupport/jasmine.js:518:42
execute@file:///Users/emanuelaharonoff/Development/code/web-js-oo-task-list-web-0616/tmpTestSupport/jasmine.js:306:28
file:///Users/emanuelaharonoff/Development/code/web-js-oo-task-list-web-0616/tmpTestSupport/jasmine.js:1708:44
attemptAsync@file:///Users/emanuelaharonoff/Development/code/web-js-oo-task-list-web-0616/tmpTestSupport/jasmine.js:1520:16
run@file:///Users/emanuelaharonoff/Development/code/web-js-oo-task-list-web-0616/tmpTestSupport/jasmine.js:1496:28
next@file:///Users/emanuelaharonoff/Development/code/web-js-oo-task-list-web-0616/tmpTestSupport/jasmine.js:1517:40
complete@file:///Users/emanuelaharonoff/Development/code/web-js-oo-task-list-web-0616/tmpTestSupport/jasmine.js:333:19
clearStack@file:///Users/emanuelaharonoff/Development/code/web-js-oo-task-list-web-0616/tmpTestSupport/jasmine.js:506:11
run@file:///Users/emanuelaharonoff/Development/code/web-js-oo-task-list-web-0616/tmpTestSupport/jasmine.js:1505:22
execute@file:///Users/emanuelaharonoff/Development/code/web-js-oo-task-list-web-0616/tmpTestSupport/jasmine.js:1485:13
queueRunnerFactory@file:///Users/emanuelaharonoff/Development/code/web-js-oo-task-list-web-0616/tmpTestSupport/jasmine.js:518:42
execute@file:///Users/emanuelaharonoff/Development/code/web-js-oo-task-list-web-0616/tmpTestSupport/jasmine.js:306:28
file:///Users/emanuelaharonoff/Development/code/web-js-oo-task-list-web-0616/tmpTestSupport/jasmine.js:1708:44
attemptAsync@file:///Users/emanuelaharonoff/Development/code/web-js-oo-task-list-web-0616/tmpTestSupport/jasmine.js:1520:16
run@file:///Users/emanuelaharonoff/Development/code/web-js-oo-task-list-web-0616/tmpTestSupport/jasmine.js:1496:28
execute@file:///Users/emanuelaharonoff/Development/code/web-js-oo-task-list-web-0616/tmpTestSupport/jasmine.js:1485:13
queueRunnerFactory@file:///Users/emanuelaharonoff/Development/code/web-js-oo-task-list-web-0616/tmpTestSupport/jasmine.js:518:42
execute@file:///Users/emanuelaharonoff/Development/code/web-js-oo-task-list-web-0616/tmpTestSupport/jasmine.js:1694:21
file:///Users/emanuelaharonoff/Development/code/web-js-oo-task-list-web-0616/tmpTestSupport/jasmine.js:1708:44
attemptAsync@file:///Users/emanuelaharonoff/Development/code/web-js-oo-task-list-web-0616/tmpTestSupport/jasmine.js:1520:16
run@file:///Users/emanuelaharonoff/Development/code/web-js-oo-task-list-web-0616/tmpTestSupport/jasmine.js:1496:28
next@file:///Users/emanuelaharonoff/Development/code/web-js-oo-task-list-web-0616/tmpTestSupport/jasmine.js:1517:40
complete@file:///Users/emanuelaharonoff/Development/code/web-js-oo-task-list-web-0616/tmpTestSupport/jasmine.js:1703:19
clearStack@file:///Users/emanuelaharonoff/Development/code/web-js-oo-task-list-web-0616/tmpTestSupport/jasmine.js:506:11
run@file:///Users/emanuelaharonoff/Development/code/web-js-oo-task-list-web-0616/tmpTestSupport/jasmine.js:1505:22
next@file:///Users/emanuelaharonoff/Development/code/web-js-oo-task-list-web-0616/tmpTestSupport/jasmine.js:1517:40
complete@file:///Users/emanuelaharonoff/Development/code/web-js-oo-task-list-web-0616/tmpTestSupport/jasmine.js:333:19
clearStack@file:///Users/emanuelaharonoff/Development/code/web-js-oo-task-list-web-0616/tmpTestSupport/jasmine.js:506:11
run@file:///Users/emanuelaharonoff/Development/code/web-js-oo-task-list-web-0616/tmpTestSupport/jasmine.js:1505:22
execute@file:///Users/emanuelaharonoff/Development/code/web-js-oo-task-list-web-0616/tmpTestSupport/jasmine.js:1485:13
queueRunnerFactory@file:///Users/emanuelaharonoff/Development/code/web-js-oo-task-list-web-0616/tmpTestSupport/jasmine.js:518:42
execute@file:///Users/emanuelaharonoff/Development/code/web-js-oo-task-list-web-0616/tmpTestSupport/jasmine.js:306:28
file:///Users/emanuelaharonoff/Development/code/web-js-oo-task-list-web-0616/tmpTestSupport/jasmine.js:1708:44
attemptAsync@file:///Users/emanuelaharonoff/Development/code/web-js-oo-task-list-web-0616/tmpTestSupport/jasmine.js:1520:16
run@file:///Users/emanuelaharonoff/Development/code/web-js-oo-task-list-web-0616/tmpTestSupport/jasmine.js:1496:28
next@file:///Users/emanuelaharonoff/Development/code/web-js-oo-task-list-web-0616/tmpTestSupport/jasmine.js:1517:40
complete@file:///Users/emanuelaharonoff/Development/code/web-js-oo-task-list-web-0616/tmpTestSupport/jasmine.js:333:19
clearStack@file:///Users/emanuelaharonoff/Development/code/web-js-oo-task-list-web-0616/tmpTestSupport/jasmine.js:506:11
run@file:///Users/emanuelaharonoff/Development/code/web-js-oo-task-list-web-0616/tmpTestSupport/jasmine.js:1505:22
execute@file:///Users/emanuelaharonoff/Development/code/web-js-oo-task-list-web-0616/tmpTestSupport/jasmine.js:1485:13
queueRunnerFactory@file:///Users/emanuelaharonoff/Development/code/web-js-oo-task-list-web-0616/tmpTestSupport/jasmine.js:518:42
execute@file:///Users/emanuelaharonoff/Development/code/web-js-oo-task-list-web-0616/tmpTestSupport/jasmine.js:306:28
file:///Users/emanuelaharonoff/Development/code/web-js-oo-task-list-web-0616/tmpTestSupport/jasmine.js:1708:44
attemptAsync@file:///Users/emanuelaharonoff/Development/code/web-js-oo-task-list-web-0616/tmpTestSupport/jasmine.js:1520:16
run@file:///Users/emanuelaharonoff/Development/code/web-js-oo-task-list-web-0616/tmpTestSupport/jasmine.js:1496:28
next@file:///Users/emanuelaharonoff/Development/code/web-js-oo-task-list-web-0616/tmpTestSupport/jasmine.js:1517:40
complete@file:///Users/emanuelaharonoff/Development/code/web-js-oo-task-list-web-0616/tmpTestSupport/jasmine.js:333:19
clearStack@file:///Users/emanuelaharonoff/Development/code/web-js-oo-task-list-web-0616/tmpTestSupport/jasmine.js:506:11
run@file:///Users/emanuelaharonoff/Development/code/web-js-oo-task-list-web-0616/tmpTestSupport/jasmine.js:1505:22
execute@file:///Users/emanuelaharonoff/Development/code/web-js-oo-task-list-web-0616/tmpTestSupport/jasmine.js:1485:13
queueRunnerFactory@file:///Users/emanuelaharonoff/Development/code/web-js-oo-task-list-web-0616/tmpTestSupport/jasmine.js:518:42
execute@file:///Users/emanuelaharonoff/Development/code/web-js-oo-task-list-web-0616/tmpTestSupport/jasmine.js:306:28
file:///Users/emanuelaharonoff/Development/code/web-js-oo-task-list-web-0616/tmpTestSupport/jasmine.js:1708:44
attemptAsync@file:///Users/emanuelaharonoff/Development/code/web-js-oo-task-list-web-0616/tmpTestSupport/jasmine.js:1520:16
run@file:///Users/emanuelaharonoff/Development/code/web-js-oo-task-list-web-0616/tmpTestSupport/jasmine.js:1496:28
next@file:///Users/emanuelaharonoff/Development/code/web-js-oo-task-list-web-0616/tmpTestSupport/jasmine.js:1517:40
complete@file:///Users/emanuelaharonoff/Development/code/web-js-oo-task-list-web-0616/tmpTestSupport/jasmine.js:333:19
clearStack@file:///Users/emanuelaharonoff/Development/code/web-js-oo-task-list-web-0616/tmpTestSupport/jasmine.js:506:11
run@file:///Users/emanuelaharonoff/Development/code/web-js-oo-task-list-web-0616/tmpTestSupport/jasmine.js:1505:22
execute@file:///Users/emanuelaharonoff/Development/code/web-js-oo-task-list-web-0616/tmpTestSupport/jasmine.js:1485:13
queueRunnerFactory@file:///Users/emanuelaharonoff/Development/code/web-js-oo-task-list-web-0616/tmpTestSupport/jasmine.js:518:42
execute@file:///Users/emanuelaharonoff/Development/code/web-js-oo-task-list-web-0616/tmpTestSupport/jasmine.js:306:28
file:///Users/emanuelaharonoff/Development/code/web-js-oo-task-list-web-0616/tmpTestSupport/jasmine.js:1708:44
attemptAsync@file:///Users/emanuelaharonoff/Development/code/web-js-oo-task-list-web-0616/tmpTestSupport/jasmine.js:1520:16
run@file:///Users/emanuelaharonoff/Development/code/web-js-oo-task-list-web-0616/tmpTestSupport/jasmine.js:1496:28
next@file:///Users/emanuelaharonoff/Development/code/web-js-oo-task-list-web-0616/tmpTestSupport/jasmine.js:1517:40
complete@file:///Users/emanuelaharonoff/Development/code/web-js-oo-task-list-web-0616/tmpTestSupport/jasmine.js:333:19
clearStack@file:///Users/emanuelaharonoff/Development/code/web-js-oo-task-list-web-0616/tmpTestSupport/jasmine.js:506:11
run@file:///Users/emanuelaharonoff/Development/code/web-js-oo-task-list-web-0616/tmpTestSupport/jasmine.js:1505:22
execute@file:///Users/emanuelaharonoff/Development/code/web-js-oo-task-list-web-0616/tmpTestSupport/jasmine.js:1485:13
queueRunnerFactory@file:///Users/emanuelaharonoff/Development/code/web-js-oo-task-list-web-0616/tmpTestSupport/jasmine.js:518:42
execute@file:///Users/emanuelaharonoff/Development/code/web-js-oo-task-list-web-0616/tmpTestSupport/jasmine.js:306:28
file:///Users/emanuelaharonoff/Development/code/web-js-oo-task-list-web-0616/tmpTestSupport/jasmine.js:1708:44
attemptAsync@file:///Users/emanuelaharonoff/Development/code/web-js-oo-task-list-web-0616/tmpTestSupport/jasmine.js:1520:16
run@file:///Users/emanuelaharonoff/Development/code/web-js-oo-task-list-web-0616/tmpTestSupport/jasmine.js:1496:28
execute@file:///Users/emanuelaharonoff/Development/code/web-js-oo-task-list-web-0616/tmpTestSupport/jasmine.js:1485:13
queueRunnerFactory@file:///Users/emanuelaharonoff/Development/code/web-js-oo-task-list-web-0616/tmpTestSupport/jasmine.js:518:42
execute@file:///Users/emanuelaharonoff/Development/code/web-js-oo-task-list-web-0616/tmpTestSupport/jasmine.js:1694:21
file:///Users/emanuelaharonoff/Development/code/web-js-oo-task-list-web-0616/tmpTestSupport/jasmine.js:1708:44
attemptAsync@file:///Users/emanuelaharonoff/Development/code/web-js-oo-task-list-web-0616/tmpTestSupport/jasmine.js:1520:16
run@file:///Users/emanuelaharonoff/Development/code/web-js-oo-task-list-web-0616/tmpTestSupport/jasmine.js:1496:28
execute@file:///Users/emanuelaharonoff/Development/code/web-js-oo-task-list-web-0616/tmpTestSupport/jasmine.js:1485:13
queueRunnerFactory@file:///Users/emanuelaharonoff/Development/code/web-js-oo-task-list-web-0616/tmpTestSupport/jasmine.js:518:42
execute@file:///Users/emanuelaharonoff/Development/code/web-js-oo-task-list-web-0616/tmpTestSupport/jasmine.js:1694:21
file:///Users/emanuelaharonoff/Development/code/web-js-oo-task-list-web-0616/tmpTestSupport/jasmine.js:1708:44
attemptAsync@file:///Users/emanuelaharonoff/Development/code/web-js-oo-task-list-web-0616/tmpTestSupport/jasmine.js:1520:16
run@file:///Users/emanuelaharonoff/Development/code/web-js-oo-task-list-web-0616/tmpTestSupport/jasmine.js:1496:28
next@file:///Users/emanuelaharonoff/Development/code/web-js-oo-task-list-web-0616/tmpTestSupport/jasmine.js:1517:40
complete@file:///Users/emanuelaharonoff/Development/code/web-js-oo-task-list-web-0616/tmpTestSupport/jasmine.js:1703:19
clearStack@file:///Users/emanuelaharonoff/Development/code/web-js-oo-task-list-web-0616/tmpTestSupport/jasmine.js:506:11
run@file:///Users/emanuelaharonoff/Development/code/web-js-oo-task-list-web-0616/tmpTestSupport/jasmine.js:1505:22
next@file:///Users/emanuelaharonoff/Development/code/web-js-oo-task-list-web-0616/tmpTestSupport/jasmine.js:1517:40
complete@file:///Users/emanuelaharonoff/Development/code/web-js-oo-task-list-web-0616/tmpTestSupport/jasmine.js:1703:19
clearStack@file:///Users/emanuelaharonoff/Development/code/web-js-oo-task-list-web-0616/tmpTestSupport/jasmine.js:506:11
run@file:///Users/emanuelaharonoff/Development/code/web-js-oo-task-list-web-0616/tmpTestSupport/jasmine.js:1505:22
next@file:///Users/emanuelaharonoff/Development/code/web-js-oo-task-list-web-0616/tmpTestSupport/jasmine.js:1517:40
complete@file:///Users/emanuelaharonoff/Development/code/web-js-oo-task-list-web-0616/tmpTestSupport/jasmine.js:333:19
clearStack@file:///Users/emanuelaharonoff/Development/code/web-js-oo-task-list-web-0616/tmpTestSupport/jasmine.js:506:11
run@file:///Users/emanuelaharonoff/Development/code/web-js-oo-task-list-web-0616/tmpTestSupport/jasmine.js:1505:22
execute@file:///Users/emanuelaharonoff/Development/code/web-js-oo-task-list-web-0616/tmpTestSupport/jasmine.js:1485:13
queueRunnerFactory@file:///Users/emanuelaharonoff/Development/code/web-js-oo-task-list-web-0616/tmpTestSupport/jasmine.js:518:42
execute@file:///Users/emanuelaharonoff/Development/code/web-js-oo-task-list-web-0616/tmpTestSupport/jasmine.js:306:28
file:///Users/emanuelaharonoff/Development/code/web-js-oo-task-list-web-0616/tmpTestSupport/jasmine.js:1708:44
attemptAsync@file:///Users/emanuelaharonoff/Development/code/web-js-oo-task-list-web-0616/tmpTestSupport/jasmine.js:1520:16
run@file:///Users/emanuelaharonoff/Development/code/web-js-oo-task-list-web-0616/tmpTestSupport/jasmine.js:1496:28
next@file:///Users/emanuelaharonoff/Development/code/web-js-oo-task-list-web-0616/tmpTestSupport/jasmine.js:1517:40
complete@file:///Users/emanuelaharonoff/Development/code/web-js-oo-task-list-web-0616/tmpTestSupport/jasmine.js:333:19
clearStack@file:///Users/emanuelaharonoff/Development/code/web-js-oo-task-list-web-0616/tmpTestSupport/jasmine.js:506:11
run@file:///Users/emanuelaharonoff/Development/code/web-js-oo-task-list-web-0616/tmpTestSupport/jasmine.js:1505:22
execute@file:///Users/emanuelaharonoff/Development/code/web-js-oo-task-list-web-0616/tmpTestSupport/jasmine.js:1485:13
queueRunnerFactory@file:///Users/emanuelaharonoff/Development/code/web-js-oo-task-list-web-0616/tmpTestSupport/jasmine.js:518:42
execute@file:///Users/emanuelaharonoff/Development/code/web-js-oo-task-list-web-0616/tmpTestSupport/jasmine.js:306:28
file:///Users/emanuelaharonoff/Development/code/web-js-oo-task-list-web-0616/tmpTestSupport/jasmine.js:1708:44
attemptAsync@file:///Users/emanuelaharonoff/Development/code/web-js-oo-task-list-web-0616/tmpTestSupport/jasmine.js:1520:16
run@file:///Users/emanuelaharonoff/Development/code/web-js-oo-task-list-web-0616/tmpTestSupport/jasmine.js:1496:28
execute@file:///Users/emanuelaharonoff/Development/code/web-js-oo-task-list-web-0616/tmpTestSupport/jasmine.js:1485:13
queueRunnerFactory@file:///Users/emanuelaharonoff/Development/code/web-js-oo-task-list-web-0616/tmpTestSupport/jasmine.js:518:42
execute@file:///Users/emanuelaharonoff/Development/code/web-js-oo-task-list-web-0616/tmpTestSupport/jasmine.js:1694:21
file:///Users/emanuelaharonoff/Development/code/web-js-oo-task-list-web-0616/tmpTestSupport/jasmine.js:1708:44
attemptAsync@file:///Users/emanuelaharonoff/Development/code/web-js-oo-task-list-web-0616/tmpTestSupport/jasmine.js:1520:16
run@file:///Users/emanuelaharonoff/Development/code/web-js-oo-task-list-web-0616/tmpTestSupport/jasmine.js:1496:28
next@file:///Users/emanuelaharonoff/Development/code/web-js-oo-task-list-web-0616/tmpTestSupport/jasmine.js:1517:40
complete@file:///Users/emanuelaharonoff/Development/code/web-js-oo-task-list-web-0616/tmpTestSupport/jasmine.js:1703:19			</failure>
			<failure type="" message="TypeError: undefined is not an object (evaluating &amp;apos;tasksController.$addTaskForm&amp;apos;) in file:///Users/emanuelaharonoff/Development/code/web-js-oo-task-list-web-0616/spec/tasks.controller.spec.js (line 14)">
file:///Users/emanuelaharonoff/Development/code/web-js-oo-task-list-web-0616/spec/tasks.controller.spec.js:14:29
attemptSync@file:///Users/emanuelaharonoff/Development/code/web-js-oo-task-list-web-0616/tmpTestSupport/jasmine.js:1510:16
run@file:///Users/emanuelaharonoff/Development/code/web-js-oo-task-list-web-0616/tmpTestSupport/jasmine.js:1498:20
execute@file:///Users/emanuelaharonoff/Development/code/web-js-oo-task-list-web-0616/tmpTestSupport/jasmine.js:1485:13
queueRunnerFactory@file:///Users/emanuelaharonoff/Development/code/web-js-oo-task-list-web-0616/tmpTestSupport/jasmine.js:518:42
execute@file:///Users/emanuelaharonoff/Development/code/web-js-oo-task-list-web-0616/tmpTestSupport/jasmine.js:306:28
file:///Users/emanuelaharonoff/Development/code/web-js-oo-task-list-web-0616/tmpTestSupport/jasmine.js:1708:44
attemptAsync@file:///Users/emanuelaharonoff/Development/code/web-js-oo-task-list-web-0616/tmpTestSupport/jasmine.js:1520:16
run@file:///Users/emanuelaharonoff/Development/code/web-js-oo-task-list-web-0616/tmpTestSupport/jasmine.js:1496:28
execute@file:///Users/emanuelaharonoff/Development/code/web-js-oo-task-list-web-0616/tmpTestSupport/jasmine.js:1485:13
queueRunnerFactory@file:///Users/emanuelaharonoff/Development/code/web-js-oo-task-list-web-0616/tmpTestSupport/jasmine.js:518:42
execute@file:///Users/emanuelaharonoff/Development/code/web-js-oo-task-list-web-0616/tmpTestSupport/jasmine.js:1694:21
file:///Users/emanuelaharonoff/Development/code/web-js-oo-task-list-web-0616/tmpTestSupport/jasmine.js:1708:44
attemptAsync@file:///Users/emanuelaharonoff/Development/code/web-js-oo-task-list-web-0616/tmpTestSupport/jasmine.js:1520:16
run@file:///Users/emanuelaharonoff/Development/code/web-js-oo-task-list-web-0616/tmpTestSupport/jasmine.js:1496:28
execute@file:///Users/emanuelaharonoff/Development/code/web-js-oo-task-list-web-0616/tmpTestSupport/jasmine.js:1485:13
queueRunnerFactory@file:///Users/emanuelaharonoff/Development/code/web-js-oo-task-list-web-0616/tmpTestSupport/jasmine.js:518:42
execute@file:///Users/emanuelaharonoff/Development/code/web-js-oo-task-list-web-0616/tmpTestSupport/jasmine.js:1694:21
file:///Users/emanuelaharonoff/Development/code/web-js-oo-task-list-web-0616/tmpTestSupport/jasmine.js:1708:44
attemptAsync@file:///Users/emanuelaharonoff/Development/code/web-js-oo-task-list-web-0616/tmpTestSupport/jasmine.js:1520:16
run@file:///Users/emanuelaharonoff/Development/code/web-js-oo-task-list-web-0616/tmpTestSupport/jasmine.js:1496:28
next@file:///Users/emanuelaharonoff/Development/code/web-js-oo-task-list-web-0616/tmpTestSupport/jasmine.js:1517:40
complete@file:///Users/emanuelaharonoff/Development/code/web-js-oo-task-list-web-0616/tmpTestSupport/jasmine.js:1703:19
clearStack@file:///Users/emanuelaharonoff/Development/code/web-js-oo-task-list-web-0616/tmpTestSupport/jasmine.js:506:11
run@file:///Users/emanuelaharonoff/Development/code/web-js-oo-task-list-web-0616/tmpTestSupport/jasmine.js:1505:22
next@file:///Users/emanuelaharonoff/Development/code/web-js-oo-task-list-web-0616/tmpTestSupport/jasmine.js:1517:40
complete@file:///Users/emanuelaharonoff/Development/code/web-js-oo-task-list-web-0616/tmpTestSupport/jasmine.js:1703:19
clearStack@file:///Users/emanuelaharonoff/Development/code/web-js-oo-task-list-web-0616/tmpTestSupport/jasmine.js:506:11
run@file:///Users/emanuelaharonoff/Development/code/web-js-oo-task-list-web-0616/tmpTestSupport/jasmine.js:1505:22
next@file:///Users/emanuelaharonoff/Development/code/web-js-oo-task-list-web-0616/tmpTestSupport/jasmine.js:1517:40
complete@file:///Users/emanuelaharonoff/Development/code/web-js-oo-task-list-web-0616/tmpTestSupport/jasmine.js:333:19
clearStack@file:///Users/emanuelaharonoff/Development/code/web-js-oo-task-list-web-0616/tmpTestSupport/jasmine.js:506:11
run@file:///Users/emanuelaharonoff/Development/code/web-js-oo-task-list-web-0616/tmpTestSupport/jasmine.js:1505:22
execute@file:///Users/emanuelaharonoff/Development/code/web-js-oo-task-list-web-0616/tmpTestSupport/jasmine.js:1485:13
queueRunnerFactory@file:///Users/emanuelaharonoff/Development/code/web-js-oo-task-list-web-0616/tmpTestSupport/jasmine.js:518:42
execute@file:///Users/emanuelaharonoff/Development/code/web-js-oo-task-list-web-0616/tmpTestSupport/jasmine.js:306:28
file:///Users/emanuelaharonoff/Development/code/web-js-oo-task-list-web-0616/tmpTestSupport/jasmine.js:1708:44
attemptAsync@file:///Users/emanuelaharonoff/Development/code/web-js-oo-task-list-web-0616/tmpTestSupport/jasmine.js:1520:16
run@file:///Users/emanuelaharonoff/Development/code/web-js-oo-task-list-web-0616/tmpTestSupport/jasmine.js:1496:28
next@file:///Users/emanuelaharonoff/Development/code/web-js-oo-task-list-web-0616/tmpTestSupport/jasmine.js:1517:40
complete@file:///Users/emanuelaharonoff/Development/code/web-js-oo-task-list-web-0616/tmpTestSupport/jasmine.js:333:19
clearStack@file:///Users/emanuelaharonoff/Development/code/web-js-oo-task-list-web-0616/tmpTestSupport/jasmine.js:506:11
run@file:///Users/emanuelaharonoff/Development/code/web-js-oo-task-list-web-0616/tmpTestSupport/jasmine.js:1505:22
execute@file:///Users/emanuelaharonoff/Development/code/web-js-oo-task-list-web-0616/tmpTestSupport/jasmine.js:1485:13
queueRunnerFactory@file:///Users/emanuelaharonoff/Development/code/web-js-oo-task-list-web-0616/tmpTestSupport/jasmine.js:518:42
execute@file:///Users/emanuelaharonoff/Development/code/web-js-oo-task-list-web-0616/tmpTestSupport/jasmine.js:306:28
file:///Users/emanuelaharonoff/Development/code/web-js-oo-task-list-web-0616/tmpTestSupport/jasmine.js:1708:44
attemptAsync@file:///Users/emanuelaharonoff/Development/code/web-js-oo-task-list-web-0616/tmpTestSupport/jasmine.js:1520:16
run@file:///Users/emanuelaharonoff/Development/code/web-js-oo-task-list-web-0616/tmpTestSupport/jasmine.js:1496:28
next@file:///Users/emanuelaharonoff/Development/code/web-js-oo-task-list-web-0616/tmpTestSupport/jasmine.js:1517:40
complete@file:///Users/emanuelaharonoff/Development/code/web-js-oo-task-list-web-0616/tmpTestSupport/jasmine.js:333:19
clearStack@file:///Users/emanuelaharonoff/Development/code/web-js-oo-task-list-web-0616/tmpTestSupport/jasmine.js:506:11
run@file:///Users/emanuelaharonoff/Development/code/web-js-oo-task-list-web-0616/tmpTestSupport/jasmine.js:1505:22
execute@file:///Users/emanuelaharonoff/Development/code/web-js-oo-task-list-web-0616/tmpTestSupport/jasmine.js:1485:13
queueRunnerFactory@file:///Users/emanuelaharonoff/Development/code/web-js-oo-task-list-web-0616/tmpTestSupport/jasmine.js:518:42
execute@file:///Users/emanuelaharonoff/Development/code/web-js-oo-task-list-web-0616/tmpTestSupport/jasmine.js:306:28
file:///Users/emanuelaharonoff/Development/code/web-js-oo-task-list-web-0616/tmpTestSupport/jasmine.js:1708:44
attemptAsync@file:///Users/emanuelaharonoff/Development/code/web-js-oo-task-list-web-0616/tmpTestSupport/jasmine.js:1520:16
run@file:///Users/emanuelaharonoff/Development/code/web-js-oo-task-list-web-0616/tmpTestSupport/jasmine.js:1496:28
next@file:///Users/emanuelaharonoff/Development/code/web-js-oo-task-list-web-0616/tmpTestSupport/jasmine.js:1517:40
complete@file:///Users/emanuelaharonoff/Development/code/web-js-oo-task-list-web-0616/tmpTestSupport/jasmine.js:333:19
clearStack@file:///Users/emanuelaharonoff/Development/code/web-js-oo-task-list-web-0616/tmpTestSupport/jasmine.js:506:11
run@file:///Users/emanuelaharonoff/Development/code/web-js-oo-task-list-web-0616/tmpTestSupport/jasmine.js:1505:22
execute@file:///Users/emanuelaharonoff/Development/code/web-js-oo-task-list-web-0616/tmpTestSupport/jasmine.js:1485:13
queueRunnerFactory@file:///Users/emanuelaharonoff/Development/code/web-js-oo-task-list-web-0616/tmpTestSupport/jasmine.js:518:42
execute@file:///Users/emanuelaharonoff/Development/code/web-js-oo-task-list-web-0616/tmpTestSupport/jasmine.js:306:28
file:///Users/emanuelaharonoff/Development/code/web-js-oo-task-list-web-0616/tmpTestSupport/jasmine.js:1708:44
attemptAsync@file:///Users/emanuelaharonoff/Development/code/web-js-oo-task-list-web-0616/tmpTestSupport/jasmine.js:1520:16
run@file:///Users/emanuelaharonoff/Development/code/web-js-oo-task-list-web-0616/tmpTestSupport/jasmine.js:1496:28
execute@file:///Users/emanuelaharonoff/Development/code/web-js-oo-task-list-web-0616/tmpTestSupport/jasmine.js:1485:13
queueRunnerFactory@file:///Users/emanuelaharonoff/Development/code/web-js-oo-task-list-web-0616/tmpTestSupport/jasmine.js:518:42
execute@file:///Users/emanuelaharonoff/Development/code/web-js-oo-task-list-web-0616/tmpTestSupport/jasmine.js:1694:21
file:///Users/emanuelaharonoff/Development/code/web-js-oo-task-list-web-0616/tmpTestSupport/jasmine.js:1708:44
attemptAsync@file:///Users/emanuelaharonoff/Development/code/web-js-oo-task-list-web-0616/tmpTestSupport/jasmine.js:1520:16
run@file:///Users/emanuelaharonoff/Development/code/web-js-oo-task-list-web-0616/tmpTestSupport/jasmine.js:1496:28
next@file:///Users/emanuelaharonoff/Development/code/web-js-oo-task-list-web-0616/tmpTestSupport/jasmine.js:1517:40
complete@file:///Users/emanuelaharonoff/Development/code/web-js-oo-task-list-web-0616/tmpTestSupport/jasmine.js:1703:19
clearStack@file:///Users/emanuelaharonoff/Development/code/web-js-oo-task-list-web-0616/tmpTestSupport/jasmine.js:506:11
run@file:///Users/emanuelaharonoff/Development/code/web-js-oo-task-list-web-0616/tmpTestSupport/jasmine.js:1505:22
next@file:///Users/emanuelaharonoff/Development/code/web-js-oo-task-list-web-0616/tmpTestSupport/jasmine.js:1517:40
complete@file:///Users/emanuelaharonoff/Development/code/web-js-oo-task-list-web-0616/tmpTestSupport/jasmine.js:333:19
clearStack@file:///Users/emanuelaharonoff/Development/code/web-js-oo-task-list-web-0616/tmpTestSupport/jasmine.js:506:11
run@file:///Users/emanuelaharonoff/Development/code/web-js-oo-task-list-web-0616/tmpTestSupport/jasmine.js:1505:22
execute@file:///Users/emanuelaharonoff/Development/code/web-js-oo-task-list-web-0616/tmpTestSupport/jasmine.js:1485:13
queueRunnerFactory@file:///Users/emanuelaharonoff/Development/code/web-js-oo-task-list-web-0616/tmpTestSupport/jasmine.js:518:42
execute@file:///Users/emanuelaharonoff/Development/code/web-js-oo-task-list-web-0616/tmpTestSupport/jasmine.js:306:28
file:///Users/emanuelaharonoff/Development/code/web-js-oo-task-list-web-0616/tmpTestSupport/jasmine.js:1708:44
attemptAsync@file:///Users/emanuelaharonoff/Development/code/web-js-oo-task-list-web-0616/tmpTestSupport/jasmine.js:1520:16
run@file:///Users/emanuelaharonoff/Development/code/web-js-oo-task-list-web-0616/tmpTestSupport/jasmine.js:1496:28
next@file:///Users/emanuelaharonoff/Development/code/web-js-oo-task-list-web-0616/tmpTestSupport/jasmine.js:1517:40
complete@file:///Users/emanuelaharonoff/Development/code/web-js-oo-task-list-web-0616/tmpTestSupport/jasmine.js:333:19
clearStack@file:///Users/emanuelaharonoff/Development/code/web-js-oo-task-list-web-0616/tmpTestSupport/jasmine.js:506:11
run@file:///Users/emanuelaharonoff/Development/code/web-js-oo-task-list-web-0616/tmpTestSupport/jasmine.js:1505:22
execute@file:///Users/emanuelaharonoff/Development/code/web-js-oo-task-list-web-0616/tmpTestSupport/jasmine.js:1485:13
queueRunnerFactory@file:///Users/emanuelaharonoff/Development/code/web-js-oo-task-list-web-0616/tmpTestSupport/jasmine.js:518:42
execute@file:///Users/emanuelaharonoff/Development/code/web-js-oo-task-list-web-0616/tmpTestSupport/jasmine.js:306:28
file:///Users/emanuelaharonoff/Development/code/web-js-oo-task-list-web-0616/tmpTestSupport/jasmine.js:1708:44
attemptAsync@file:///Users/emanuelaharonoff/Development/code/web-js-oo-task-list-web-0616/tmpTestSupport/jasmine.js:1520:16
run@file:///Users/emanuelaharonoff/Development/code/web-js-oo-task-list-web-0616/tmpTestSupport/jasmine.js:1496:28
next@file:///Users/emanuelaharonoff/Development/code/web-js-oo-task-list-web-0616/tmpTestSupport/jasmine.js:1517:40
complete@file:///Users/emanuelaharonoff/Development/code/web-js-oo-task-list-web-0616/tmpTestSupport/jasmine.js:333:19
clearStack@file:///Users/emanuelaharonoff/Development/code/web-js-oo-task-list-web-0616/tmpTestSupport/jasmine.js:506:11
run@file:///Users/emanuelaharonoff/Development/code/web-js-oo-task-list-web-0616/tmpTestSupport/jasmine.js:1505:22
execute@file:///Users/emanuelaharonoff/Development/code/web-js-oo-task-list-web-0616/tmpTestSupport/jasmine.js:1485:13
queueRunnerFactory@file:///Users/emanuelaharonoff/Development/code/web-js-oo-task-list-web-0616/tmpTestSupport/jasmine.js:518:42
execute@file:///Users/emanuelaharonoff/Development/code/web-js-oo-task-list-web-0616/tmpTestSupport/jasmine.js:306:28
file:///Users/emanuelaharonoff/Development/code/web-js-oo-task-list-web-0616/tmpTestSupport/jasmine.js:1708:44
attemptAsync@file:///Users/emanuelaharonoff/Development/code/web-js-oo-task-list-web-0616/tmpTestSupport/jasmine.js:1520:16
run@file:///Users/emanuelaharonoff/Development/code/web-js-oo-task-list-web-0616/tmpTestSupport/jasmine.js:1496:28
next@file:///Users/emanuelaharonoff/Development/code/web-js-oo-task-list-web-0616/tmpTestSupport/jasmine.js:1517:40
complete@file:///Users/emanuelaharonoff/Development/code/web-js-oo-task-list-web-0616/tmpTestSupport/jasmine.js:333:19
clearStack@file:///Users/emanuelaharonoff/Development/code/web-js-oo-task-list-web-0616/tmpTestSupport/jasmine.js:506:11
run@file:///Users/emanuelaharonoff/Development/code/web-js-oo-task-list-web-0616/tmpTestSupport/jasmine.js:1505:22
execute@file:///Users/emanuelaharonoff/Development/code/web-js-oo-task-list-web-0616/tmpTestSupport/jasmine.js:1485:13
queueRunnerFactory@file:///Users/emanuelaharonoff/Development/code/web-js-oo-task-list-web-0616/tmpTestSupport/jasmine.js:518:42
execute@file:///Users/emanuelaharonoff/Development/code/web-js-oo-task-list-web-0616/tmpTestSupport/jasmine.js:306:28
file:///Users/emanuelaharonoff/Development/code/web-js-oo-task-list-web-0616/tmpTestSupport/jasmine.js:1708:44
attemptAsync@file:///Users/emanuelaharonoff/Development/code/web-js-oo-task-list-web-0616/tmpTestSupport/jasmine.js:1520:16
run@file:///Users/emanuelaharonoff/Development/code/web-js-oo-task-list-web-0616/tmpTestSupport/jasmine.js:1496:28
next@file:///Users/emanuelaharonoff/Development/code/web-js-oo-task-list-web-0616/tmpTestSupport/jasmine.js:1517:40
complete@file:///Users/emanuelaharonoff/Development/code/web-js-oo-task-list-web-0616/tmpTestSupport/jasmine.js:333:19
clearStack@file:///Users/emanuelaharonoff/Development/code/web-js-oo-task-list-web-0616/tmpTestSupport/jasmine.js:506:11
run@file:///Users/emanuelaharonoff/Development/code/web-js-oo-task-list-web-0616/tmpTestSupport/jasmine.js:1505:22
execute@file:///Users/emanuelaharonoff/Development/code/web-js-oo-task-list-web-0616/tmpTestSupport/jasmine.js:1485:13
queueRunnerFactory@file:///Users/emanuelaharonoff/Development/code/web-js-oo-task-list-web-0616/tmpTestSupport/jasmine.js:518:42
execute@file:///Users/emanuelaharonoff/Development/code/web-js-oo-task-list-web-0616/tmpTestSupport/jasmine.js:306:28
file:///Users/emanuelaharonoff/Development/code/web-js-oo-task-list-web-0616/tmpTestSupport/jasmine.js:1708:44
attemptAsync@file:///Users/emanuelaharonoff/Development/code/web-js-oo-task-list-web-0616/tmpTestSupport/jasmine.js:1520:16
run@file:///Users/emanuelaharonoff/Development/code/web-js-oo-task-list-web-0616/tmpTestSupport/jasmine.js:1496:28
execute@file:///Users/emanuelaharonoff/Development/code/web-js-oo-task-list-web-0616/tmpTestSupport/jasmine.js:1485:13
queueRunnerFactory@file:///Users/emanuelaharonoff/Development/code/web-js-oo-task-list-web-0616/tmpTestSupport/jasmine.js:518:42
execute@file:///Users/emanuelaharonoff/Development/code/web-js-oo-task-list-web-0616/tmpTestSupport/jasmine.js:1694:21
file:///Users/emanuelaharonoff/Development/code/web-js-oo-task-list-web-0616/tmpTestSupport/jasmine.js:1708:44
attemptAsync@file:///Users/emanuelaharonoff/Development/code/web-js-oo-task-list-web-0616/tmpTestSupport/jasmine.js:1520:16
run@file:///Users/emanuelaharonoff/Development/code/web-js-oo-task-list-web-0616/tmpTestSupport/jasmine.js:1496:28
execute@file:///Users/emanuelaharonoff/Development/code/web-js-oo-task-list-web-0616/tmpTestSupport/jasmine.js:1485:13
queueRunnerFactory@file:///Users/emanuelaharonoff/Development/code/web-js-oo-task-list-web-0616/tmpTestSupport/jasmine.js:518:42
execute@file:///Users/emanuelaharonoff/Development/code/web-js-oo-task-list-web-0616/tmpTestSupport/jasmine.js:1694:21
file:///Users/emanuelaharonoff/Development/code/web-js-oo-task-list-web-0616/tmpTestSupport/jasmine.js:1708:44
attemptAsync@file:///Users/emanuelaharonoff/Development/code/web-js-oo-task-list-web-0616/tmpTestSupport/jasmine.js:1520:16
run@file:///Users/emanuelaharonoff/Development/code/web-js-oo-task-list-web-0616/tmpTestSupport/jasmine.js:1496:28
next@file:///Users/emanuelaharonoff/Development/code/web-js-oo-task-list-web-0616/tmpTestSupport/jasmine.js:1517:40
complete@file:///Users/emanuelaharonoff/Development/code/web-js-oo-task-list-web-0616/tmpTestSupport/jasmine.js:1703:19
clearStack@file:///Users/emanuelaharonoff/Development/code/web-js-oo-task-list-web-0616/tmpTestSupport/jasmine.js:506:11
run@file:///Users/emanuelaharonoff/Development/code/web-js-oo-task-list-web-0616/tmpTestSupport/jasmine.js:1505:22
next@file:///Users/emanuelaharonoff/Development/code/web-js-oo-task-list-web-0616/tmpTestSupport/jasmine.js:1517:40
complete@file:///Users/emanuelaharonoff/Development/code/web-js-oo-task-list-web-0616/tmpTestSupport/jasmine.js:1703:19
clearStack@file:///Users/emanuelaharonoff/Development/code/web-js-oo-task-list-web-0616/tmpTestSupport/jasmine.js:506:11
run@file:///Users/emanuelaharonoff/Development/code/web-js-oo-task-list-web-0616/tmpTestSupport/jasmine.js:1505:22
next@file:///Users/emanuelaharonoff/Development/code/web-js-oo-task-list-web-0616/tmpTestSupport/jasmine.js:1517:40
complete@file:///Users/emanuelaharonoff/Development/code/web-js-oo-task-list-web-0616/tmpTestSupport/jasmine.js:333:19
clearStack@file:///Users/emanuelaharonoff/Development/code/web-js-oo-task-list-web-0616/tmpTestSupport/jasmine.js:506:11
run@file:///Users/emanuelaharonoff/Development/code/web-js-oo-task-list-web-0616/tmpTestSupport/jasmine.js:1505:22
execute@file:///Users/emanuelaharonoff/Development/code/web-js-oo-task-list-web-0616/tmpTestSupport/jasmine.js:1485:13
queueRunnerFactory@file:///Users/emanuelaharonoff/Development/code/web-js-oo-task-list-web-0616/tmpTestSupport/jasmine.js:518:42
execute@file:///Users/emanuelaharonoff/Development/code/web-js-oo-task-list-web-0616/tmpTestSupport/jasmine.js:306:28
file:///Users/emanuelaharonoff/Development/code/web-js-oo-task-list-web-0616/tmpTestSupport/jasmine.js:1708:44
attemptAsync@file:///Users/emanuelaharonoff/Development/code/web-js-oo-task-list-web-0616/tmpTestSupport/jasmine.js:1520:16
run@file:///Users/emanuelaharonoff/Development/code/web-js-oo-task-list-web-0616/tmpTestSupport/jasmine.js:1496:28
next@file:///Users/emanuelaharonoff/Development/code/web-js-oo-task-list-web-0616/tmpTestSupport/jasmine.js:1517:40
complete@file:///Users/emanuelaharonoff/Development/code/web-js-oo-task-list-web-0616/tmpTestSupport/jasmine.js:333:19
clearStack@file:///Users/emanuelaharonoff/Development/code/web-js-oo-task-list-web-0616/tmpTestSupport/jasmine.js:506:11
run@file:///Users/emanuelaharonoff/Development/code/web-js-oo-task-list-web-0616/tmpTestSupport/jasmine.js:1505:22
execute@file:///Users/emanuelaharonoff/Development/code/web-js-oo-task-list-web-0616/tmpTestSupport/jasmine.js:1485:13
queueRunnerFactory@file:///Users/emanuelaharonoff/Development/code/web-js-oo-task-list-web-0616/tmpTestSupport/jasmine.js:518:42
execute@file:///Users/emanuelaharonoff/Development/code/web-js-oo-task-list-web-0616/tmpTestSupport/jasmine.js:306:28
file:///Users/emanuelaharonoff/Development/code/web-js-oo-task-list-web-0616/tmpTestSupport/jasmine.js:1708:44
attemptAsync@file:///Users/emanuelaharonoff/Development/code/web-js-oo-task-list-web-0616/tmpTestSupport/jasmine.js:1520:16
run@file:///Users/emanuelaharonoff/Development/code/web-js-oo-task-list-web-0616/tmpTestSupport/jasmine.js:1496:28
execute@file:///Users/emanuelaharonoff/Development/code/web-js-oo-task-list-web-0616/tmpTestSupport/jasmine.js:1485:13
queueRunnerFactory@file:///Users/emanuelaharonoff/Development/code/web-js-oo-task-list-web-0616/tmpTestSupport/jasmine.js:518:42
execute@file:///Users/emanuelaharonoff/Development/code/web-js-oo-task-list-web-0616/tmpTestSupport/jasmine.js:1694:21
file:///Users/emanuelaharonoff/Development/code/web-js-oo-task-list-web-0616/tmpTestSupport/jasmine.js:1708:44
attemptAsync@file:///Users/emanuelaharonoff/Development/code/web-js-oo-task-list-web-0616/tmpTestSupport/jasmine.js:1520:16
run@file:///Users/emanuelaharonoff/Development/code/web-js-oo-task-list-web-0616/tmpTestSupport/jasmine.js:1496:28
next@file:///Users/emanuelaharonoff/Development/code/web-js-oo-task-list-web-0616/tmpTestSupport/jasmine.js:1517:40
complete@file:///Users/emanuelaharonoff/Development/code/web-js-oo-task-list-web-0616/tmpTestSupport/jasmine.js:1703:19			</failure>
		</testcase>
		<testcase classname="Tasks Controller" name="creating a new TasksController should have a $taskDescriptionInput property that holds a selected element with the id &amp;apos;#task_description&amp;apos;" time="0.002">
			<failure type="" message="ReferenceError: Can&amp;apos;t find variable: TasksController in file:///Users/emanuelaharonoff/Development/code/web-js-oo-task-list-web-0616/spec/tasks.controller.spec.js (line 7)">
file:///Users/emanuelaharonoff/Development/code/web-js-oo-task-list-web-0616/spec/tasks.controller.spec.js:7:42
attemptSync@file:///Users/emanuelaharonoff/Development/code/web-js-oo-task-list-web-0616/tmpTestSupport/jasmine.js:1510:16
run@file:///Users/emanuelaharonoff/Development/code/web-js-oo-task-list-web-0616/tmpTestSupport/jasmine.js:1498:20
execute@file:///Users/emanuelaharonoff/Development/code/web-js-oo-task-list-web-0616/tmpTestSupport/jasmine.js:1485:13
queueRunnerFactory@file:///Users/emanuelaharonoff/Development/code/web-js-oo-task-list-web-0616/tmpTestSupport/jasmine.js:518:42
execute@file:///Users/emanuelaharonoff/Development/code/web-js-oo-task-list-web-0616/tmpTestSupport/jasmine.js:306:28
file:///Users/emanuelaharonoff/Development/code/web-js-oo-task-list-web-0616/tmpTestSupport/jasmine.js:1708:44
attemptAsync@file:///Users/emanuelaharonoff/Development/code/web-js-oo-task-list-web-0616/tmpTestSupport/jasmine.js:1520:16
run@file:///Users/emanuelaharonoff/Development/code/web-js-oo-task-list-web-0616/tmpTestSupport/jasmine.js:1496:28
next@file:///Users/emanuelaharonoff/Development/code/web-js-oo-task-list-web-0616/tmpTestSupport/jasmine.js:1517:40
complete@file:///Users/emanuelaharonoff/Development/code/web-js-oo-task-list-web-0616/tmpTestSupport/jasmine.js:333:19
clearStack@file:///Users/emanuelaharonoff/Development/code/web-js-oo-task-list-web-0616/tmpTestSupport/jasmine.js:506:11
run@file:///Users/emanuelaharonoff/Development/code/web-js-oo-task-list-web-0616/tmpTestSupport/jasmine.js:1505:22
execute@file:///Users/emanuelaharonoff/Development/code/web-js-oo-task-list-web-0616/tmpTestSupport/jasmine.js:1485:13
queueRunnerFactory@file:///Users/emanuelaharonoff/Development/code/web-js-oo-task-list-web-0616/tmpTestSupport/jasmine.js:518:42
execute@file:///Users/emanuelaharonoff/Development/code/web-js-oo-task-list-web-0616/tmpTestSupport/jasmine.js:306:28
file:///Users/emanuelaharonoff/Development/code/web-js-oo-task-list-web-0616/tmpTestSupport/jasmine.js:1708:44
attemptAsync@file:///Users/emanuelaharonoff/Development/code/web-js-oo-task-list-web-0616/tmpTestSupport/jasmine.js:1520:16
run@file:///Users/emanuelaharonoff/Development/code/web-js-oo-task-list-web-0616/tmpTestSupport/jasmine.js:1496:28
execute@file:///Users/emanuelaharonoff/Development/code/web-js-oo-task-list-web-0616/tmpTestSupport/jasmine.js:1485:13
queueRunnerFactory@file:///Users/emanuelaharonoff/Development/code/web-js-oo-task-list-web-0616/tmpTestSupport/jasmine.js:518:42
execute@file:///Users/emanuelaharonoff/Development/code/web-js-oo-task-list-web-0616/tmpTestSupport/jasmine.js:1694:21
file:///Users/emanuelaharonoff/Development/code/web-js-oo-task-list-web-0616/tmpTestSupport/jasmine.js:1708:44
attemptAsync@file:///Users/emanuelaharonoff/Development/code/web-js-oo-task-list-web-0616/tmpTestSupport/jasmine.js:1520:16
run@file:///Users/emanuelaharonoff/Development/code/web-js-oo-task-list-web-0616/tmpTestSupport/jasmine.js:1496:28
execute@file:///Users/emanuelaharonoff/Development/code/web-js-oo-task-list-web-0616/tmpTestSupport/jasmine.js:1485:13
queueRunnerFactory@file:///Users/emanuelaharonoff/Development/code/web-js-oo-task-list-web-0616/tmpTestSupport/jasmine.js:518:42
execute@file:///Users/emanuelaharonoff/Development/code/web-js-oo-task-list-web-0616/tmpTestSupport/jasmine.js:1694:21
file:///Users/emanuelaharonoff/Development/code/web-js-oo-task-list-web-0616/tmpTestSupport/jasmine.js:1708:44
attemptAsync@file:///Users/emanuelaharonoff/Development/code/web-js-oo-task-list-web-0616/tmpTestSupport/jasmine.js:1520:16
run@file:///Users/emanuelaharonoff/Development/code/web-js-oo-task-list-web-0616/tmpTestSupport/jasmine.js:1496:28
next@file:///Users/emanuelaharonoff/Development/code/web-js-oo-task-list-web-0616/tmpTestSupport/jasmine.js:1517:40
complete@file:///Users/emanuelaharonoff/Development/code/web-js-oo-task-list-web-0616/tmpTestSupport/jasmine.js:1703:19
clearStack@file:///Users/emanuelaharonoff/Development/code/web-js-oo-task-list-web-0616/tmpTestSupport/jasmine.js:506:11
run@file:///Users/emanuelaharonoff/Development/code/web-js-oo-task-list-web-0616/tmpTestSupport/jasmine.js:1505:22
next@file:///Users/emanuelaharonoff/Development/code/web-js-oo-task-list-web-0616/tmpTestSupport/jasmine.js:1517:40
complete@file:///Users/emanuelaharonoff/Development/code/web-js-oo-task-list-web-0616/tmpTestSupport/jasmine.js:1703:19
clearStack@file:///Users/emanuelaharonoff/Development/code/web-js-oo-task-list-web-0616/tmpTestSupport/jasmine.js:506:11
run@file:///Users/emanuelaharonoff/Development/code/web-js-oo-task-list-web-0616/tmpTestSupport/jasmine.js:1505:22
next@file:///Users/emanuelaharonoff/Development/code/web-js-oo-task-list-web-0616/tmpTestSupport/jasmine.js:1517:40
complete@file:///Users/emanuelaharonoff/Development/code/web-js-oo-task-list-web-0616/tmpTestSupport/jasmine.js:333:19
clearStack@file:///Users/emanuelaharonoff/Development/code/web-js-oo-task-list-web-0616/tmpTestSupport/jasmine.js:506:11
run@file:///Users/emanuelaharonoff/Development/code/web-js-oo-task-list-web-0616/tmpTestSupport/jasmine.js:1505:22
execute@file:///Users/emanuelaharonoff/Development/code/web-js-oo-task-list-web-0616/tmpTestSupport/jasmine.js:1485:13
queueRunnerFactory@file:///Users/emanuelaharonoff/Development/code/web-js-oo-task-list-web-0616/tmpTestSupport/jasmine.js:518:42
execute@file:///Users/emanuelaharonoff/Development/code/web-js-oo-task-list-web-0616/tmpTestSupport/jasmine.js:306:28
file:///Users/emanuelaharonoff/Development/code/web-js-oo-task-list-web-0616/tmpTestSupport/jasmine.js:1708:44
attemptAsync@file:///Users/emanuelaharonoff/Development/code/web-js-oo-task-list-web-0616/tmpTestSupport/jasmine.js:1520:16
run@file:///Users/emanuelaharonoff/Development/code/web-js-oo-task-list-web-0616/tmpTestSupport/jasmine.js:1496:28
next@file:///Users/emanuelaharonoff/Development/code/web-js-oo-task-list-web-0616/tmpTestSupport/jasmine.js:1517:40
complete@file:///Users/emanuelaharonoff/Development/code/web-js-oo-task-list-web-0616/tmpTestSupport/jasmine.js:333:19
clearStack@file:///Users/emanuelaharonoff/Development/code/web-js-oo-task-list-web-0616/tmpTestSupport/jasmine.js:506:11
run@file:///Users/emanuelaharonoff/Development/code/web-js-oo-task-list-web-0616/tmpTestSupport/jasmine.js:1505:22
execute@file:///Users/emanuelaharonoff/Development/code/web-js-oo-task-list-web-0616/tmpTestSupport/jasmine.js:1485:13
queueRunnerFactory@file:///Users/emanuelaharonoff/Development/code/web-js-oo-task-list-web-0616/tmpTestSupport/jasmine.js:518:42
execute@file:///Users/emanuelaharonoff/Development/code/web-js-oo-task-list-web-0616/tmpTestSupport/jasmine.js:306:28
file:///Users/emanuelaharonoff/Development/code/web-js-oo-task-list-web-0616/tmpTestSupport/jasmine.js:1708:44
attemptAsync@file:///Users/emanuelaharonoff/Development/code/web-js-oo-task-list-web-0616/tmpTestSupport/jasmine.js:1520:16
run@file:///Users/emanuelaharonoff/Development/code/web-js-oo-task-list-web-0616/tmpTestSupport/jasmine.js:1496:28
next@file:///Users/emanuelaharonoff/Development/code/web-js-oo-task-list-web-0616/tmpTestSupport/jasmine.js:1517:40
complete@file:///Users/emanuelaharonoff/Development/code/web-js-oo-task-list-web-0616/tmpTestSupport/jasmine.js:333:19
clearStack@file:///Users/emanuelaharonoff/Development/code/web-js-oo-task-list-web-0616/tmpTestSupport/jasmine.js:506:11
run@file:///Users/emanuelaharonoff/Development/code/web-js-oo-task-list-web-0616/tmpTestSupport/jasmine.js:1505:22
execute@file:///Users/emanuelaharonoff/Development/code/web-js-oo-task-list-web-0616/tmpTestSupport/jasmine.js:1485:13
queueRunnerFactory@file:///Users/emanuelaharonoff/Development/code/web-js-oo-task-list-web-0616/tmpTestSupport/jasmine.js:518:42
execute@file:///Users/emanuelaharonoff/Development/code/web-js-oo-task-list-web-0616/tmpTestSupport/jasmine.js:306:28
file:///Users/emanuelaharonoff/Development/code/web-js-oo-task-list-web-0616/tmpTestSupport/jasmine.js:1708:44
attemptAsync@file:///Users/emanuelaharonoff/Development/code/web-js-oo-task-list-web-0616/tmpTestSupport/jasmine.js:1520:16
run@file:///Users/emanuelaharonoff/Development/code/web-js-oo-task-list-web-0616/tmpTestSupport/jasmine.js:1496:28
next@file:///Users/emanuelaharonoff/Development/code/web-js-oo-task-list-web-0616/tmpTestSupport/jasmine.js:1517:40
complete@file:///Users/emanuelaharonoff/Development/code/web-js-oo-task-list-web-0616/tmpTestSupport/jasmine.js:333:19
clearStack@file:///Users/emanuelaharonoff/Development/code/web-js-oo-task-list-web-0616/tmpTestSupport/jasmine.js:506:11
run@file:///Users/emanuelaharonoff/Development/code/web-js-oo-task-list-web-0616/tmpTestSupport/jasmine.js:1505:22
execute@file:///Users/emanuelaharonoff/Development/code/web-js-oo-task-list-web-0616/tmpTestSupport/jasmine.js:1485:13
queueRunnerFactory@file:///Users/emanuelaharonoff/Development/code/web-js-oo-task-list-web-0616/tmpTestSupport/jasmine.js:518:42
execute@file:///Users/emanuelaharonoff/Development/code/web-js-oo-task-list-web-0616/tmpTestSupport/jasmine.js:306:28
file:///Users/emanuelaharonoff/Development/code/web-js-oo-task-list-web-0616/tmpTestSupport/jasmine.js:1708:44
attemptAsync@file:///Users/emanuelaharonoff/Development/code/web-js-oo-task-list-web-0616/tmpTestSupport/jasmine.js:1520:16
run@file:///Users/emanuelaharonoff/Development/code/web-js-oo-task-list-web-0616/tmpTestSupport/jasmine.js:1496:28
execute@file:///Users/emanuelaharonoff/Development/code/web-js-oo-task-list-web-0616/tmpTestSupport/jasmine.js:1485:13
queueRunnerFactory@file:///Users/emanuelaharonoff/Development/code/web-js-oo-task-list-web-0616/tmpTestSupport/jasmine.js:518:42
execute@file:///Users/emanuelaharonoff/Development/code/web-js-oo-task-list-web-0616/tmpTestSupport/jasmine.js:1694:21
file:///Users/emanuelaharonoff/Development/code/web-js-oo-task-list-web-0616/tmpTestSupport/jasmine.js:1708:44
attemptAsync@file:///Users/emanuelaharonoff/Development/code/web-js-oo-task-list-web-0616/tmpTestSupport/jasmine.js:1520:16
run@file:///Users/emanuelaharonoff/Development/code/web-js-oo-task-list-web-0616/tmpTestSupport/jasmine.js:1496:28
next@file:///Users/emanuelaharonoff/Development/code/web-js-oo-task-list-web-0616/tmpTestSupport/jasmine.js:1517:40
complete@file:///Users/emanuelaharonoff/Development/code/web-js-oo-task-list-web-0616/tmpTestSupport/jasmine.js:1703:19
clearStack@file:///Users/emanuelaharonoff/Development/code/web-js-oo-task-list-web-0616/tmpTestSupport/jasmine.js:506:11
run@file:///Users/emanuelaharonoff/Development/code/web-js-oo-task-list-web-0616/tmpTestSupport/jasmine.js:1505:22
next@file:///Users/emanuelaharonoff/Development/code/web-js-oo-task-list-web-0616/tmpTestSupport/jasmine.js:1517:40
complete@file:///Users/emanuelaharonoff/Development/code/web-js-oo-task-list-web-0616/tmpTestSupport/jasmine.js:333:19
clearStack@file:///Users/emanuelaharonoff/Development/code/web-js-oo-task-list-web-0616/tmpTestSupport/jasmine.js:506:11
run@file:///Users/emanuelaharonoff/Development/code/web-js-oo-task-list-web-0616/tmpTestSupport/jasmine.js:1505:22
execute@file:///Users/emanuelaharonoff/Development/code/web-js-oo-task-list-web-0616/tmpTestSupport/jasmine.js:1485:13
queueRunnerFactory@file:///Users/emanuelaharonoff/Development/code/web-js-oo-task-list-web-0616/tmpTestSupport/jasmine.js:518:42
execute@file:///Users/emanuelaharonoff/Development/code/web-js-oo-task-list-web-0616/tmpTestSupport/jasmine.js:306:28
file:///Users/emanuelaharonoff/Development/code/web-js-oo-task-list-web-0616/tmpTestSupport/jasmine.js:1708:44
attemptAsync@file:///Users/emanuelaharonoff/Development/code/web-js-oo-task-list-web-0616/tmpTestSupport/jasmine.js:1520:16
run@file:///Users/emanuelaharonoff/Development/code/web-js-oo-task-list-web-0616/tmpTestSupport/jasmine.js:1496:28
next@file:///Users/emanuelaharonoff/Development/code/web-js-oo-task-list-web-0616/tmpTestSupport/jasmine.js:1517:40
complete@file:///Users/emanuelaharonoff/Development/code/web-js-oo-task-list-web-0616/tmpTestSupport/jasmine.js:333:19
clearStack@file:///Users/emanuelaharonoff/Development/code/web-js-oo-task-list-web-0616/tmpTestSupport/jasmine.js:506:11
run@file:///Users/emanuelaharonoff/Development/code/web-js-oo-task-list-web-0616/tmpTestSupport/jasmine.js:1505:22
execute@file:///Users/emanuelaharonoff/Development/code/web-js-oo-task-list-web-0616/tmpTestSupport/jasmine.js:1485:13
queueRunnerFactory@file:///Users/emanuelaharonoff/Development/code/web-js-oo-task-list-web-0616/tmpTestSupport/jasmine.js:518:42
execute@file:///Users/emanuelaharonoff/Development/code/web-js-oo-task-list-web-0616/tmpTestSupport/jasmine.js:306:28
file:///Users/emanuelaharonoff/Development/code/web-js-oo-task-list-web-0616/tmpTestSupport/jasmine.js:1708:44
attemptAsync@file:///Users/emanuelaharonoff/Development/code/web-js-oo-task-list-web-0616/tmpTestSupport/jasmine.js:1520:16
run@file:///Users/emanuelaharonoff/Development/code/web-js-oo-task-list-web-0616/tmpTestSupport/jasmine.js:1496:28
next@file:///Users/emanuelaharonoff/Development/code/web-js-oo-task-list-web-0616/tmpTestSupport/jasmine.js:1517:40
complete@file:///Users/emanuelaharonoff/Development/code/web-js-oo-task-list-web-0616/tmpTestSupport/jasmine.js:333:19
clearStack@file:///Users/emanuelaharonoff/Development/code/web-js-oo-task-list-web-0616/tmpTestSupport/jasmine.js:506:11
run@file:///Users/emanuelaharonoff/Development/code/web-js-oo-task-list-web-0616/tmpTestSupport/jasmine.js:1505:22
execute@file:///Users/emanuelaharonoff/Development/code/web-js-oo-task-list-web-0616/tmpTestSupport/jasmine.js:1485:13
queueRunnerFactory@file:///Users/emanuelaharonoff/Development/code/web-js-oo-task-list-web-0616/tmpTestSupport/jasmine.js:518:42
execute@file:///Users/emanuelaharonoff/Development/code/web-js-oo-task-list-web-0616/tmpTestSupport/jasmine.js:306:28
file:///Users/emanuelaharonoff/Development/code/web-js-oo-task-list-web-0616/tmpTestSupport/jasmine.js:1708:44
attemptAsync@file:///Users/emanuelaharonoff/Development/code/web-js-oo-task-list-web-0616/tmpTestSupport/jasmine.js:1520:16
run@file:///Users/emanuelaharonoff/Development/code/web-js-oo-task-list-web-0616/tmpTestSupport/jasmine.js:1496:28
next@file:///Users/emanuelaharonoff/Development/code/web-js-oo-task-list-web-0616/tmpTestSupport/jasmine.js:1517:40
complete@file:///Users/emanuelaharonoff/Development/code/web-js-oo-task-list-web-0616/tmpTestSupport/jasmine.js:333:19
clearStack@file:///Users/emanuelaharonoff/Development/code/web-js-oo-task-list-web-0616/tmpTestSupport/jasmine.js:506:11
run@file:///Users/emanuelaharonoff/Development/code/web-js-oo-task-list-web-0616/tmpTestSupport/jasmine.js:1505:22
execute@file:///Users/emanuelaharonoff/Development/code/web-js-oo-task-list-web-0616/tmpTestSupport/jasmine.js:1485:13
queueRunnerFactory@file:///Users/emanuelaharonoff/Development/code/web-js-oo-task-list-web-0616/tmpTestSupport/jasmine.js:518:42
execute@file:///Users/emanuelaharonoff/Development/code/web-js-oo-task-list-web-0616/tmpTestSupport/jasmine.js:306:28
file:///Users/emanuelaharonoff/Development/code/web-js-oo-task-list-web-0616/tmpTestSupport/jasmine.js:1708:44
attemptAsync@file:///Users/emanuelaharonoff/Development/code/web-js-oo-task-list-web-0616/tmpTestSupport/jasmine.js:1520:16
run@file:///Users/emanuelaharonoff/Development/code/web-js-oo-task-list-web-0616/tmpTestSupport/jasmine.js:1496:28
next@file:///Users/emanuelaharonoff/Development/code/web-js-oo-task-list-web-0616/tmpTestSupport/jasmine.js:1517:40
complete@file:///Users/emanuelaharonoff/Development/code/web-js-oo-task-list-web-0616/tmpTestSupport/jasmine.js:333:19
clearStack@file:///Users/emanuelaharonoff/Development/code/web-js-oo-task-list-web-0616/tmpTestSupport/jasmine.js:506:11
run@file:///Users/emanuelaharonoff/Development/code/web-js-oo-task-list-web-0616/tmpTestSupport/jasmine.js:1505:22
execute@file:///Users/emanuelaharonoff/Development/code/web-js-oo-task-list-web-0616/tmpTestSupport/jasmine.js:1485:13
queueRunnerFactory@file:///Users/emanuelaharonoff/Development/code/web-js-oo-task-list-web-0616/tmpTestSupport/jasmine.js:518:42
execute@file:///Users/emanuelaharonoff/Development/code/web-js-oo-task-list-web-0616/tmpTestSupport/jasmine.js:306:28
file:///Users/emanuelaharonoff/Development/code/web-js-oo-task-list-web-0616/tmpTestSupport/jasmine.js:1708:44
attemptAsync@file:///Users/emanuelaharonoff/Development/code/web-js-oo-task-list-web-0616/tmpTestSupport/jasmine.js:1520:16
run@file:///Users/emanuelaharonoff/Development/code/web-js-oo-task-list-web-0616/tmpTestSupport/jasmine.js:1496:28
execute@file:///Users/emanuelaharonoff/Development/code/web-js-oo-task-list-web-0616/tmpTestSupport/jasmine.js:1485:13
queueRunnerFactory@file:///Users/emanuelaharonoff/Development/code/web-js-oo-task-list-web-0616/tmpTestSupport/jasmine.js:518:42
execute@file:///Users/emanuelaharonoff/Development/code/web-js-oo-task-list-web-0616/tmpTestSupport/jasmine.js:1694:21
file:///Users/emanuelaharonoff/Development/code/web-js-oo-task-list-web-0616/tmpTestSupport/jasmine.js:1708:44
attemptAsync@file:///Users/emanuelaharonoff/Development/code/web-js-oo-task-list-web-0616/tmpTestSupport/jasmine.js:1520:16
run@file:///Users/emanuelaharonoff/Development/code/web-js-oo-task-list-web-0616/tmpTestSupport/jasmine.js:1496:28
execute@file:///Users/emanuelaharonoff/Development/code/web-js-oo-task-list-web-0616/tmpTestSupport/jasmine.js:1485:13
queueRunnerFactory@file:///Users/emanuelaharonoff/Development/code/web-js-oo-task-list-web-0616/tmpTestSupport/jasmine.js:518:42
execute@file:///Users/emanuelaharonoff/Development/code/web-js-oo-task-list-web-0616/tmpTestSupport/jasmine.js:1694:21
file:///Users/emanuelaharonoff/Development/code/web-js-oo-task-list-web-0616/tmpTestSupport/jasmine.js:1708:44
attemptAsync@file:///Users/emanuelaharonoff/Development/code/web-js-oo-task-list-web-0616/tmpTestSupport/jasmine.js:1520:16
run@file:///Users/emanuelaharonoff/Development/code/web-js-oo-task-list-web-0616/tmpTestSupport/jasmine.js:1496:28
next@file:///Users/emanuelaharonoff/Development/code/web-js-oo-task-list-web-0616/tmpTestSupport/jasmine.js:1517:40
complete@file:///Users/emanuelaharonoff/Development/code/web-js-oo-task-list-web-0616/tmpTestSupport/jasmine.js:1703:19
clearStack@file:///Users/emanuelaharonoff/Development/code/web-js-oo-task-list-web-0616/tmpTestSupport/jasmine.js:506:11
run@file:///Users/emanuelaharonoff/Development/code/web-js-oo-task-list-web-0616/tmpTestSupport/jasmine.js:1505:22
next@file:///Users/emanuelaharonoff/Development/code/web-js-oo-task-list-web-0616/tmpTestSupport/jasmine.js:1517:40
complete@file:///Users/emanuelaharonoff/Development/code/web-js-oo-task-list-web-0616/tmpTestSupport/jasmine.js:1703:19
clearStack@file:///Users/emanuelaharonoff/Development/code/web-js-oo-task-list-web-0616/tmpTestSupport/jasmine.js:506:11
run@file:///Users/emanuelaharonoff/Development/code/web-js-oo-task-list-web-0616/tmpTestSupport/jasmine.js:1505:22
next@file:///Users/emanuelaharonoff/Development/code/web-js-oo-task-list-web-0616/tmpTestSupport/jasmine.js:1517:40
complete@file:///Users/emanuelaharonoff/Development/code/web-js-oo-task-list-web-0616/tmpTestSupport/jasmine.js:333:19
clearStack@file:///Users/emanuelaharonoff/Development/code/web-js-oo-task-list-web-0616/tmpTestSupport/jasmine.js:506:11
run@file:///Users/emanuelaharonoff/Development/code/web-js-oo-task-list-web-0616/tmpTestSupport/jasmine.js:1505:22
execute@file:///Users/emanuelaharonoff/Development/code/web-js-oo-task-list-web-0616/tmpTestSupport/jasmine.js:1485:13
queueRunnerFactory@file:///Users/emanuelaharonoff/Development/code/web-js-oo-task-list-web-0616/tmpTestSupport/jasmine.js:518:42
execute@file:///Users/emanuelaharonoff/Development/code/web-js-oo-task-list-web-0616/tmpTestSupport/jasmine.js:306:28
file:///Users/emanuelaharonoff/Development/code/web-js-oo-task-list-web-0616/tmpTestSupport/jasmine.js:1708:44
attemptAsync@file:///Users/emanuelaharonoff/Development/code/web-js-oo-task-list-web-0616/tmpTestSupport/jasmine.js:1520:16
run@file:///Users/emanuelaharonoff/Development/code/web-js-oo-task-list-web-0616/tmpTestSupport/jasmine.js:1496:28
next@file:///Users/emanuelaharonoff/Development/code/web-js-oo-task-list-web-0616/tmpTestSupport/jasmine.js:1517:40
complete@file:///Users/emanuelaharonoff/Development/code/web-js-oo-task-list-web-0616/tmpTestSupport/jasmine.js:333:19
clearStack@file:///Users/emanuelaharonoff/Development/code/web-js-oo-task-list-web-0616/tmpTestSupport/jasmine.js:506:11
run@file:///Users/emanuelaharonoff/Development/code/web-js-oo-task-list-web-0616/tmpTestSupport/jasmine.js:1505:22
execute@file:///Users/emanuelaharonoff/Development/code/web-js-oo-task-list-web-0616/tmpTestSupport/jasmine.js:1485:13
queueRunnerFactory@file:///Users/emanuelaharonoff/Development/code/web-js-oo-task-list-web-0616/tmpTestSupport/jasmine.js:518:42
execute@file:///Users/emanuelaharonoff/Development/code/web-js-oo-task-list-web-0616/tmpTestSupport/jasmine.js:306:28
file:///Users/emanuelaharonoff/Development/code/web-js-oo-task-list-web-0616/tmpTestSupport/jasmine.js:1708:44
attemptAsync@file:///Users/emanuelaharonoff/Development/code/web-js-oo-task-list-web-0616/tmpTestSupport/jasmine.js:1520:16
run@file:///Users/emanuelaharonoff/Development/code/web-js-oo-task-list-web-0616/tmpTestSupport/jasmine.js:1496:28
execute@file:///Users/emanuelaharonoff/Development/code/web-js-oo-task-list-web-0616/tmpTestSupport/jasmine.js:1485:13
queueRunnerFactory@file:///Users/emanuelaharonoff/Development/code/web-js-oo-task-list-web-0616/tmpTestSupport/jasmine.js:518:42
execute@file:///Users/emanuelaharonoff/Development/code/web-js-oo-task-list-web-0616/tmpTestSupport/jasmine.js:1694:21
file:///Users/emanuelaharonoff/Development/code/web-js-oo-task-list-web-0616/tmpTestSupport/jasmine.js:1708:44
attemptAsync@file:///Users/emanuelaharonoff/Development/code/web-js-oo-task-list-web-0616/tmpTestSupport/jasmine.js:1520:16
run@file:///Users/emanuelaharonoff/Development/code/web-js-oo-task-list-web-0616/tmpTestSupport/jasmine.js:1496:28
next@file:///Users/emanuelaharonoff/Development/code/web-js-oo-task-list-web-0616/tmpTestSupport/jasmine.js:1517:40
complete@file:///Users/emanuelaharonoff/Development/code/web-js-oo-task-list-web-0616/tmpTestSupport/jasmine.js:1703:19			</failure>
			<failure type="" message="TypeError: undefined is not an object (evaluating &amp;apos;tasksController.$taskDescriptionInput&amp;apos;) in file:///Users/emanuelaharonoff/Development/code/web-js-oo-task-list-web-0616/spec/tasks.controller.spec.js (line 17)">
file:///Users/emanuelaharonoff/Development/code/web-js-oo-task-list-web-0616/spec/tasks.controller.spec.js:17:29
attemptSync@file:///Users/emanuelaharonoff/Development/code/web-js-oo-task-list-web-0616/tmpTestSupport/jasmine.js:1510:16
run@file:///Users/emanuelaharonoff/Development/code/web-js-oo-task-list-web-0616/tmpTestSupport/jasmine.js:1498:20
execute@file:///Users/emanuelaharonoff/Development/code/web-js-oo-task-list-web-0616/tmpTestSupport/jasmine.js:1485:13
queueRunnerFactory@file:///Users/emanuelaharonoff/Development/code/web-js-oo-task-list-web-0616/tmpTestSupport/jasmine.js:518:42
execute@file:///Users/emanuelaharonoff/Development/code/web-js-oo-task-list-web-0616/tmpTestSupport/jasmine.js:306:28
file:///Users/emanuelaharonoff/Development/code/web-js-oo-task-list-web-0616/tmpTestSupport/jasmine.js:1708:44
attemptAsync@file:///Users/emanuelaharonoff/Development/code/web-js-oo-task-list-web-0616/tmpTestSupport/jasmine.js:1520:16
run@file:///Users/emanuelaharonoff/Development/code/web-js-oo-task-list-web-0616/tmpTestSupport/jasmine.js:1496:28
next@file:///Users/emanuelaharonoff/Development/code/web-js-oo-task-list-web-0616/tmpTestSupport/jasmine.js:1517:40
complete@file:///Users/emanuelaharonoff/Development/code/web-js-oo-task-list-web-0616/tmpTestSupport/jasmine.js:333:19
clearStack@file:///Users/emanuelaharonoff/Development/code/web-js-oo-task-list-web-0616/tmpTestSupport/jasmine.js:506:11
run@file:///Users/emanuelaharonoff/Development/code/web-js-oo-task-list-web-0616/tmpTestSupport/jasmine.js:1505:22
execute@file:///Users/emanuelaharonoff/Development/code/web-js-oo-task-list-web-0616/tmpTestSupport/jasmine.js:1485:13
queueRunnerFactory@file:///Users/emanuelaharonoff/Development/code/web-js-oo-task-list-web-0616/tmpTestSupport/jasmine.js:518:42
execute@file:///Users/emanuelaharonoff/Development/code/web-js-oo-task-list-web-0616/tmpTestSupport/jasmine.js:306:28
file:///Users/emanuelaharonoff/Development/code/web-js-oo-task-list-web-0616/tmpTestSupport/jasmine.js:1708:44
attemptAsync@file:///Users/emanuelaharonoff/Development/code/web-js-oo-task-list-web-0616/tmpTestSupport/jasmine.js:1520:16
run@file:///Users/emanuelaharonoff/Development/code/web-js-oo-task-list-web-0616/tmpTestSupport/jasmine.js:1496:28
execute@file:///Users/emanuelaharonoff/Development/code/web-js-oo-task-list-web-0616/tmpTestSupport/jasmine.js:1485:13
queueRunnerFactory@file:///Users/emanuelaharonoff/Development/code/web-js-oo-task-list-web-0616/tmpTestSupport/jasmine.js:518:42
execute@file:///Users/emanuelaharonoff/Development/code/web-js-oo-task-list-web-0616/tmpTestSupport/jasmine.js:1694:21
file:///Users/emanuelaharonoff/Development/code/web-js-oo-task-list-web-0616/tmpTestSupport/jasmine.js:1708:44
attemptAsync@file:///Users/emanuelaharonoff/Development/code/web-js-oo-task-list-web-0616/tmpTestSupport/jasmine.js:1520:16
run@file:///Users/emanuelaharonoff/Development/code/web-js-oo-task-list-web-0616/tmpTestSupport/jasmine.js:1496:28
execute@file:///Users/emanuelaharonoff/Development/code/web-js-oo-task-list-web-0616/tmpTestSupport/jasmine.js:1485:13
queueRunnerFactory@file:///Users/emanuelaharonoff/Development/code/web-js-oo-task-list-web-0616/tmpTestSupport/jasmine.js:518:42
execute@file:///Users/emanuelaharonoff/Development/code/web-js-oo-task-list-web-0616/tmpTestSupport/jasmine.js:1694:21
file:///Users/emanuelaharonoff/Development/code/web-js-oo-task-list-web-0616/tmpTestSupport/jasmine.js:1708:44
attemptAsync@file:///Users/emanuelaharonoff/Development/code/web-js-oo-task-list-web-0616/tmpTestSupport/jasmine.js:1520:16
run@file:///Users/emanuelaharonoff/Development/code/web-js-oo-task-list-web-0616/tmpTestSupport/jasmine.js:1496:28
next@file:///Users/emanuelaharonoff/Development/code/web-js-oo-task-list-web-0616/tmpTestSupport/jasmine.js:1517:40
complete@file:///Users/emanuelaharonoff/Development/code/web-js-oo-task-list-web-0616/tmpTestSupport/jasmine.js:1703:19
clearStack@file:///Users/emanuelaharonoff/Development/code/web-js-oo-task-list-web-0616/tmpTestSupport/jasmine.js:506:11
run@file:///Users/emanuelaharonoff/Development/code/web-js-oo-task-list-web-0616/tmpTestSupport/jasmine.js:1505:22
next@file:///Users/emanuelaharonoff/Development/code/web-js-oo-task-list-web-0616/tmpTestSupport/jasmine.js:1517:40
complete@file:///Users/emanuelaharonoff/Development/code/web-js-oo-task-list-web-0616/tmpTestSupport/jasmine.js:1703:19
clearStack@file:///Users/emanuelaharonoff/Development/code/web-js-oo-task-list-web-0616/tmpTestSupport/jasmine.js:506:11
run@file:///Users/emanuelaharonoff/Development/code/web-js-oo-task-list-web-0616/tmpTestSupport/jasmine.js:1505:22
next@file:///Users/emanuelaharonoff/Development/code/web-js-oo-task-list-web-0616/tmpTestSupport/jasmine.js:1517:40
complete@file:///Users/emanuelaharonoff/Development/code/web-js-oo-task-list-web-0616/tmpTestSupport/jasmine.js:333:19
clearStack@file:///Users/emanuelaharonoff/Development/code/web-js-oo-task-list-web-0616/tmpTestSupport/jasmine.js:506:11
run@file:///Users/emanuelaharonoff/Development/code/web-js-oo-task-list-web-0616/tmpTestSupport/jasmine.js:1505:22
execute@file:///Users/emanuelaharonoff/Development/code/web-js-oo-task-list-web-0616/tmpTestSupport/jasmine.js:1485:13
queueRunnerFactory@file:///Users/emanuelaharonoff/Development/code/web-js-oo-task-list-web-0616/tmpTestSupport/jasmine.js:518:42
execute@file:///Users/emanuelaharonoff/Development/code/web-js-oo-task-list-web-0616/tmpTestSupport/jasmine.js:306:28
file:///Users/emanuelaharonoff/Development/code/web-js-oo-task-list-web-0616/tmpTestSupport/jasmine.js:1708:44
attemptAsync@file:///Users/emanuelaharonoff/Development/code/web-js-oo-task-list-web-0616/tmpTestSupport/jasmine.js:1520:16
run@file:///Users/emanuelaharonoff/Development/code/web-js-oo-task-list-web-0616/tmpTestSupport/jasmine.js:1496:28
next@file:///Users/emanuelaharonoff/Development/code/web-js-oo-task-list-web-0616/tmpTestSupport/jasmine.js:1517:40
complete@file:///Users/emanuelaharonoff/Development/code/web-js-oo-task-list-web-0616/tmpTestSupport/jasmine.js:333:19
clearStack@file:///Users/emanuelaharonoff/Development/code/web-js-oo-task-list-web-0616/tmpTestSupport/jasmine.js:506:11
run@file:///Users/emanuelaharonoff/Development/code/web-js-oo-task-list-web-0616/tmpTestSupport/jasmine.js:1505:22
execute@file:///Users/emanuelaharonoff/Development/code/web-js-oo-task-list-web-0616/tmpTestSupport/jasmine.js:1485:13
queueRunnerFactory@file:///Users/emanuelaharonoff/Development/code/web-js-oo-task-list-web-0616/tmpTestSupport/jasmine.js:518:42
execute@file:///Users/emanuelaharonoff/Development/code/web-js-oo-task-list-web-0616/tmpTestSupport/jasmine.js:306:28
file:///Users/emanuelaharonoff/Development/code/web-js-oo-task-list-web-0616/tmpTestSupport/jasmine.js:1708:44
attemptAsync@file:///Users/emanuelaharonoff/Development/code/web-js-oo-task-list-web-0616/tmpTestSupport/jasmine.js:1520:16
run@file:///Users/emanuelaharonoff/Development/code/web-js-oo-task-list-web-0616/tmpTestSupport/jasmine.js:1496:28
next@file:///Users/emanuelaharonoff/Development/code/web-js-oo-task-list-web-0616/tmpTestSupport/jasmine.js:1517:40
complete@file:///Users/emanuelaharonoff/Development/code/web-js-oo-task-list-web-0616/tmpTestSupport/jasmine.js:333:19
clearStack@file:///Users/emanuelaharonoff/Development/code/web-js-oo-task-list-web-0616/tmpTestSupport/jasmine.js:506:11
run@file:///Users/emanuelaharonoff/Development/code/web-js-oo-task-list-web-0616/tmpTestSupport/jasmine.js:1505:22
execute@file:///Users/emanuelaharonoff/Development/code/web-js-oo-task-list-web-0616/tmpTestSupport/jasmine.js:1485:13
queueRunnerFactory@file:///Users/emanuelaharonoff/Development/code/web-js-oo-task-list-web-0616/tmpTestSupport/jasmine.js:518:42
execute@file:///Users/emanuelaharonoff/Development/code/web-js-oo-task-list-web-0616/tmpTestSupport/jasmine.js:306:28
file:///Users/emanuelaharonoff/Development/code/web-js-oo-task-list-web-0616/tmpTestSupport/jasmine.js:1708:44
attemptAsync@file:///Users/emanuelaharonoff/Development/code/web-js-oo-task-list-web-0616/tmpTestSupport/jasmine.js:1520:16
run@file:///Users/emanuelaharonoff/Development/code/web-js-oo-task-list-web-0616/tmpTestSupport/jasmine.js:1496:28
next@file:///Users/emanuelaharonoff/Development/code/web-js-oo-task-list-web-0616/tmpTestSupport/jasmine.js:1517:40
complete@file:///Users/emanuelaharonoff/Development/code/web-js-oo-task-list-web-0616/tmpTestSupport/jasmine.js:333:19
clearStack@file:///Users/emanuelaharonoff/Development/code/web-js-oo-task-list-web-0616/tmpTestSupport/jasmine.js:506:11
run@file:///Users/emanuelaharonoff/Development/code/web-js-oo-task-list-web-0616/tmpTestSupport/jasmine.js:1505:22
execute@file:///Users/emanuelaharonoff/Development/code/web-js-oo-task-list-web-0616/tmpTestSupport/jasmine.js:1485:13
queueRunnerFactory@file:///Users/emanuelaharonoff/Development/code/web-js-oo-task-list-web-0616/tmpTestSupport/jasmine.js:518:42
execute@file:///Users/emanuelaharonoff/Development/code/web-js-oo-task-list-web-0616/tmpTestSupport/jasmine.js:306:28
file:///Users/emanuelaharonoff/Development/code/web-js-oo-task-list-web-0616/tmpTestSupport/jasmine.js:1708:44
attemptAsync@file:///Users/emanuelaharonoff/Development/code/web-js-oo-task-list-web-0616/tmpTestSupport/jasmine.js:1520:16
run@file:///Users/emanuelaharonoff/Development/code/web-js-oo-task-list-web-0616/tmpTestSupport/jasmine.js:1496:28
execute@file:///Users/emanuelaharonoff/Development/code/web-js-oo-task-list-web-0616/tmpTestSupport/jasmine.js:1485:13
queueRunnerFactory@file:///Users/emanuelaharonoff/Development/code/web-js-oo-task-list-web-0616/tmpTestSupport/jasmine.js:518:42
execute@file:///Users/emanuelaharonoff/Development/code/web-js-oo-task-list-web-0616/tmpTestSupport/jasmine.js:1694:21
file:///Users/emanuelaharonoff/Development/code/web-js-oo-task-list-web-0616/tmpTestSupport/jasmine.js:1708:44
attemptAsync@file:///Users/emanuelaharonoff/Development/code/web-js-oo-task-list-web-0616/tmpTestSupport/jasmine.js:1520:16
run@file:///Users/emanuelaharonoff/Development/code/web-js-oo-task-list-web-0616/tmpTestSupport/jasmine.js:1496:28
next@file:///Users/emanuelaharonoff/Development/code/web-js-oo-task-list-web-0616/tmpTestSupport/jasmine.js:1517:40
complete@file:///Users/emanuelaharonoff/Development/code/web-js-oo-task-list-web-0616/tmpTestSupport/jasmine.js:1703:19
clearStack@file:///Users/emanuelaharonoff/Development/code/web-js-oo-task-list-web-0616/tmpTestSupport/jasmine.js:506:11
run@file:///Users/emanuelaharonoff/Development/code/web-js-oo-task-list-web-0616/tmpTestSupport/jasmine.js:1505:22
next@file:///Users/emanuelaharonoff/Development/code/web-js-oo-task-list-web-0616/tmpTestSupport/jasmine.js:1517:40
complete@file:///Users/emanuelaharonoff/Development/code/web-js-oo-task-list-web-0616/tmpTestSupport/jasmine.js:333:19
clearStack@file:///Users/emanuelaharonoff/Development/code/web-js-oo-task-list-web-0616/tmpTestSupport/jasmine.js:506:11
run@file:///Users/emanuelaharonoff/Development/code/web-js-oo-task-list-web-0616/tmpTestSupport/jasmine.js:1505:22
execute@file:///Users/emanuelaharonoff/Development/code/web-js-oo-task-list-web-0616/tmpTestSupport/jasmine.js:1485:13
queueRunnerFactory@file:///Users/emanuelaharonoff/Development/code/web-js-oo-task-list-web-0616/tmpTestSupport/jasmine.js:518:42
execute@file:///Users/emanuelaharonoff/Development/code/web-js-oo-task-list-web-0616/tmpTestSupport/jasmine.js:306:28
file:///Users/emanuelaharonoff/Development/code/web-js-oo-task-list-web-0616/tmpTestSupport/jasmine.js:1708:44
attemptAsync@file:///Users/emanuelaharonoff/Development/code/web-js-oo-task-list-web-0616/tmpTestSupport/jasmine.js:1520:16
run@file:///Users/emanuelaharonoff/Development/code/web-js-oo-task-list-web-0616/tmpTestSupport/jasmine.js:1496:28
next@file:///Users/emanuelaharonoff/Development/code/web-js-oo-task-list-web-0616/tmpTestSupport/jasmine.js:1517:40
complete@file:///Users/emanuelaharonoff/Development/code/web-js-oo-task-list-web-0616/tmpTestSupport/jasmine.js:333:19
clearStack@file:///Users/emanuelaharonoff/Development/code/web-js-oo-task-list-web-0616/tmpTestSupport/jasmine.js:506:11
run@file:///Users/emanuelaharonoff/Development/code/web-js-oo-task-list-web-0616/tmpTestSupport/jasmine.js:1505:22
execute@file:///Users/emanuelaharonoff/Development/code/web-js-oo-task-list-web-0616/tmpTestSupport/jasmine.js:1485:13
queueRunnerFactory@file:///Users/emanuelaharonoff/Development/code/web-js-oo-task-list-web-0616/tmpTestSupport/jasmine.js:518:42
execute@file:///Users/emanuelaharonoff/Development/code/web-js-oo-task-list-web-0616/tmpTestSupport/jasmine.js:306:28
file:///Users/emanuelaharonoff/Development/code/web-js-oo-task-list-web-0616/tmpTestSupport/jasmine.js:1708:44
attemptAsync@file:///Users/emanuelaharonoff/Development/code/web-js-oo-task-list-web-0616/tmpTestSupport/jasmine.js:1520:16
run@file:///Users/emanuelaharonoff/Development/code/web-js-oo-task-list-web-0616/tmpTestSupport/jasmine.js:1496:28
next@file:///Users/emanuelaharonoff/Development/code/web-js-oo-task-list-web-0616/tmpTestSupport/jasmine.js:1517:40
complete@file:///Users/emanuelaharonoff/Development/code/web-js-oo-task-list-web-0616/tmpTestSupport/jasmine.js:333:19
clearStack@file:///Users/emanuelaharonoff/Development/code/web-js-oo-task-list-web-0616/tmpTestSupport/jasmine.js:506:11
run@file:///Users/emanuelaharonoff/Development/code/web-js-oo-task-list-web-0616/tmpTestSupport/jasmine.js:1505:22
execute@file:///Users/emanuelaharonoff/Development/code/web-js-oo-task-list-web-0616/tmpTestSupport/jasmine.js:1485:13
queueRunnerFactory@file:///Users/emanuelaharonoff/Development/code/web-js-oo-task-list-web-0616/tmpTestSupport/jasmine.js:518:42
execute@file:///Users/emanuelaharonoff/Development/code/web-js-oo-task-list-web-0616/tmpTestSupport/jasmine.js:306:28
file:///Users/emanuelaharonoff/Development/code/web-js-oo-task-list-web-0616/tmpTestSupport/jasmine.js:1708:44
attemptAsync@file:///Users/emanuelaharonoff/Development/code/web-js-oo-task-list-web-0616/tmpTestSupport/jasmine.js:1520:16
run@file:///Users/emanuelaharonoff/Development/code/web-js-oo-task-list-web-0616/tmpTestSupport/jasmine.js:1496:28
[...]
attemptAsync@file:///Users/emanuelaharonoff/Development/code/web-js-oo-task-list-web-0616/tmpTestSupport/jasmine.js:1520:16
run@file:///Users/emanuelaharonoff/Development/code/web-js-oo-task-list-web-0616/tmpTestSupport/jasmine.js:1496:28
next@file:///Users/emanuelaharonoff/Development/code/web-js-oo-task-list-web-0616/tmpTestSupport/jasmine.js:1517:40
complete@file:///Users/emanuelaharonoff/Development/code/web-js-oo-task-list-web-0616/tmpTestSupport/jasmine.js:1703:19
clearStack@file:///Users/emanuelaharonoff/Development/code/web-js-oo-task-list-web-0616/tmpTestSupport/jasmine.js:506:11
run@file:///Users/emanuelaharonoff/Development/code/web-js-oo-task-list-web-0616/tmpTestSupport/jasmine.js:1505:22
next@file:///Users/emanuelaharonoff/Development/code/web-js-oo-task-list-web-0616/tmpTestSupport/jasmine.js:1517:40
complete@file:///Users/emanuelaharonoff/Development/code/web-js-oo-task-list-web-0616/tmpTestSupport/jasmine.js:333:19
clearStack@file:///Users/emanuelaharonoff/Development/code/web-js-oo-task-list-web-0616/tmpTestSupport/jasmine.js:506:11
run@file:///Users/emanuelaharonoff/Development/code/web-js-oo-task-list-web-0616/tmpTestSupport/jasmine.js:1505:22
execute@file:///Users/emanuelaharonoff/Development/code/web-js-oo-task-list-web-0616/tmpTestSupport/jasmine.js:1485:13
queueRunnerFactory@file:///Users/emanuelaharonoff/Development/code/web-js-oo-task-list-web-0616/tmpTestSupport/jasmine.js:518:42
execute@file:///Users/emanuelaharonoff/Development/code/web-js-oo-task-list-web-0616/tmpTestSupport/jasmine.js:306:28
file:///Users/emanuelaharonoff/Development/code/web-js-oo-task-list-web-0616/tmpTestSupport/jasmine.js:1708:44
attemptAsync@file:///Users/emanuelaharonoff/Development/code/web-js-oo-task-list-web-0616/tmpTestSupport/jasmine.js:1520:16
run@file:///Users/emanuelaharonoff/Development/code/web-js-oo-task-list-web-0616/tmpTestSupport/jasmine.js:1496:28
next@file:///Users/emanuelaharonoff/Development/code/web-js-oo-task-list-web-0616/tmpTestSupport/jasmine.js:1517:40
complete@file:///Users/emanuelaharonoff/Development/code/web-js-oo-task-list-web-0616/tmpTestSupport/jasmine.js:333:19			</failure>
			<failure type="" message="ReferenceError: Can&amp;apos;t find variable: List in file:///Users/emanuelaharonoff/Development/code/web-js-oo-task-list-web-0616/spec/tasks.controller.spec.js (line 33)">
file:///Users/emanuelaharonoff/Development/code/web-js-oo-task-list-web-0616/spec/tasks.controller.spec.js:33:20
attemptSync@file:///Users/emanuelaharonoff/Development/code/web-js-oo-task-list-web-0616/tmpTestSupport/jasmine.js:1510:16
run@file:///Users/emanuelaharonoff/Development/code/web-js-oo-task-list-web-0616/tmpTestSupport/jasmine.js:1498:20
execute@file:///Users/emanuelaharonoff/Development/code/web-js-oo-task-list-web-0616/tmpTestSupport/jasmine.js:1485:13
queueRunnerFactory@file:///Users/emanuelaharonoff/Development/code/web-js-oo-task-list-web-0616/tmpTestSupport/jasmine.js:518:42
execute@file:///Users/emanuelaharonoff/Development/code/web-js-oo-task-list-web-0616/tmpTestSupport/jasmine.js:306:28
file:///Users/emanuelaharonoff/Development/code/web-js-oo-task-list-web-0616/tmpTestSupport/jasmine.js:1708:44
attemptAsync@file:///Users/emanuelaharonoff/Development/code/web-js-oo-task-list-web-0616/tmpTestSupport/jasmine.js:1520:16
run@file:///Users/emanuelaharonoff/Development/code/web-js-oo-task-list-web-0616/tmpTestSupport/jasmine.js:1496:28
next@file:///Users/emanuelaharonoff/Development/code/web-js-oo-task-list-web-0616/tmpTestSupport/jasmine.js:1517:40
complete@file:///Users/emanuelaharonoff/Development/code/web-js-oo-task-list-web-0616/tmpTestSupport/jasmine.js:333:19
clearStack@file:///Users/emanuelaharonoff/Development/code/web-js-oo-task-list-web-0616/tmpTestSupport/jasmine.js:506:11
run@file:///Users/emanuelaharonoff/Development/code/web-js-oo-task-list-web-0616/tmpTestSupport/jasmine.js:1505:22
execute@file:///Users/emanuelaharonoff/Development/code/web-js-oo-task-list-web-0616/tmpTestSupport/jasmine.js:1485:13
queueRunnerFactory@file:///Users/emanuelaharonoff/Development/code/web-js-oo-task-list-web-0616/tmpTestSupport/jasmine.js:518:42
execute@file:///Users/emanuelaharonoff/Development/code/web-js-oo-task-list-web-0616/tmpTestSupport/jasmine.js:306:28
file:///Users/emanuelaharonoff/Development/code/web-js-oo-task-list-web-0616/tmpTestSupport/jasmine.js:1708:44
attemptAsync@file:///Users/emanuelaharonoff/Development/code/web-js-oo-task-list-web-0616/tmpTestSupport/jasmine.js:1520:16
run@file:///Users/emanuelaharonoff/Development/code/web-js-oo-task-list-web-0616/tmpTestSupport/jasmine.js:1496:28
execute@file:///Users/emanuelaharonoff/Development/code/web-js-oo-task-list-web-0616/tmpTestSupport/jasmine.js:1485:13
queueRunnerFactory@file:///Users/emanuelaharonoff/Development/code/web-js-oo-task-list-web-0616/tmpTestSupport/jasmine.js:518:42
execute@file:///Users/emanuelaharonoff/Development/code/web-js-oo-task-list-web-0616/tmpTestSupport/jasmine.js:1694:21
file:///Users/emanuelaharonoff/Development/code/web-js-oo-task-list-web-0616/tmpTestSupport/jasmine.js:1708:44
attemptAsync@file:///Users/emanuelaharonoff/Development/code/web-js-oo-task-list-web-0616/tmpTestSupport/jasmine.js:1520:16
run@file:///Users/emanuelaharonoff/Development/code/web-js-oo-task-list-web-0616/tmpTestSupport/jasmine.js:1496:28
next@file:///Users/emanuelaharonoff/Development/code/web-js-oo-task-list-web-0616/tmpTestSupport/jasmine.js:1517:40
complete@file:///Users/emanuelaharonoff/Development/code/web-js-oo-task-list-web-0616/tmpTestSupport/jasmine.js:333:19
clearStack@file:///Users/emanuelaharonoff/Development/code/web-js-oo-task-list-web-0616/tmpTestSupport/jasmine.js:506:11
run@file:///Users/emanuelaharonoff/Development/code/web-js-oo-task-list-web-0616/tmpTestSupport/jasmine.js:1505:22
execute@file:///Users/emanuelaharonoff/Development/code/web-js-oo-task-list-web-0616/tmpTestSupport/jasmine.js:1485:13
queueRunnerFactory@file:///Users/emanuelaharonoff/Development/code/web-js-oo-task-list-web-0616/tmpTestSupport/jasmine.js:518:42
execute@file:///Users/emanuelaharonoff/Development/code/web-js-oo-task-list-web-0616/tmpTestSupport/jasmine.js:306:28
file:///Users/emanuelaharonoff/Development/code/web-js-oo-task-list-web-0616/tmpTestSupport/jasmine.js:1708:44
attemptAsync@file:///Users/emanuelaharonoff/Development/code/web-js-oo-task-list-web-0616/tmpTestSupport/jasmine.js:1520:16
run@file:///Users/emanuelaharonoff/Development/code/web-js-oo-task-list-web-0616/tmpTestSupport/jasmine.js:1496:28
next@file:///Users/emanuelaharonoff/Development/code/web-js-oo-task-list-web-0616/tmpTestSupport/jasmine.js:1517:40
complete@file:///Users/emanuelaharonoff/Development/code/web-js-oo-task-list-web-0616/tmpTestSupport/jasmine.js:333:19
clearStack@file:///Users/emanuelaharonoff/Development/code/web-js-oo-task-list-web-0616/tmpTestSupport/jasmine.js:506:11
run@file:///Users/emanuelaharonoff/Development/code/web-js-oo-task-list-web-0616/tmpTestSupport/jasmine.js:1505:22
execute@file:///Users/emanuelaharonoff/Development/code/web-js-oo-task-list-web-0616/tmpTestSupport/jasmine.js:1485:13
queueRunnerFactory@file:///Users/emanuelaharonoff/Development/code/web-js-oo-task-list-web-0616/tmpTestSupport/jasmine.js:518:42
execute@file:///Users/emanuelaharonoff/Development/code/web-js-oo-task-list-web-0616/tmpTestSupport/jasmine.js:306:28
file:///Users/emanuelaharonoff/Development/code/web-js-oo-task-list-web-0616/tmpTestSupport/jasmine.js:1708:44
attemptAsync@file:///Users/emanuelaharonoff/Development/code/web-js-oo-task-list-web-0616/tmpTestSupport/jasmine.js:1520:16
run@file:///Users/emanuelaharonoff/Development/code/web-js-oo-task-list-web-0616/tmpTestSupport/jasmine.js:1496:28
execute@file:///Users/emanuelaharonoff/Development/code/web-js-oo-task-list-web-0616/tmpTestSupport/jasmine.js:1485:13
queueRunnerFactory@file:///Users/emanuelaharonoff/Development/code/web-js-oo-task-list-web-0616/tmpTestSupport/jasmine.js:518:42
execute@file:///Users/emanuelaharonoff/Development/code/web-js-oo-task-list-web-0616/tmpTestSupport/jasmine.js:1694:21
file:///Users/emanuelaharonoff/Development/code/web-js-oo-task-list-web-0616/tmpTestSupport/jasmine.js:1708:44
attemptAsync@file:///Users/emanuelaharonoff/Development/code/web-js-oo-task-list-web-0616/tmpTestSupport/jasmine.js:1520:16
run@file:///Users/emanuelaharonoff/Development/code/web-js-oo-task-list-web-0616/tmpTestSupport/jasmine.js:1496:28
execute@file:///Users/emanuelaharonoff/Development/code/web-js-oo-task-list-web-0616/tmpTestSupport/jasmine.js:1485:13
queueRunnerFactory@file:///Users/emanuelaharonoff/Development/code/web-js-oo-task-list-web-0616/tmpTestSupport/jasmine.js:518:42
execute@file:///Users/emanuelaharonoff/Development/code/web-js-oo-task-list-web-0616/tmpTestSupport/jasmine.js:1694:21
file:///Users/emanuelaharonoff/Development/code/web-js-oo-task-list-web-0616/tmpTestSupport/jasmine.js:1708:44
attemptAsync@file:///Users/emanuelaharonoff/Development/code/web-js-oo-task-list-web-0616/tmpTestSupport/jasmine.js:1520:16
run@file:///Users/emanuelaharonoff/Development/code/web-js-oo-task-list-web-0616/tmpTestSupport/jasmine.js:1496:28
next@file:///Users/emanuelaharonoff/Development/code/web-js-oo-task-list-web-0616/tmpTestSupport/jasmine.js:1517:40
complete@file:///Users/emanuelaharonoff/Development/code/web-js-oo-task-list-web-0616/tmpTestSupport/jasmine.js:1703:19
clearStack@file:///Users/emanuelaharonoff/Development/code/web-js-oo-task-list-web-0616/tmpTestSupport/jasmine.js:506:11
run@file:///Users/emanuelaharonoff/Development/code/web-js-oo-task-list-web-0616/tmpTestSupport/jasmine.js:1505:22
next@file:///Users/emanuelaharonoff/Development/code/web-js-oo-task-list-web-0616/tmpTestSupport/jasmine.js:1517:40
complete@file:///Users/emanuelaharonoff/Development/code/web-js-oo-task-list-web-0616/tmpTestSupport/jasmine.js:333:19
clearStack@file:///Users/emanuelaharonoff/Development/code/web-js-oo-task-list-web-0616/tmpTestSupport/jasmine.js:506:11
run@file:///Users/emanuelaharonoff/Development/code/web-js-oo-task-list-web-0616/tmpTestSupport/jasmine.js:1505:22
execute@file:///Users/emanuelaharonoff/Development/code/web-js-oo-task-list-web-0616/tmpTestSupport/jasmine.js:1485:13
queueRunnerFactory@file:///Users/emanuelaharonoff/Development/code/web-js-oo-task-list-web-0616/tmpTestSupport/jasmine.js:518:42
execute@file:///Users/emanuelaharonoff/Development/code/web-js-oo-task-list-web-0616/tmpTestSupport/jasmine.js:306:28
file:///Users/emanuelaharonoff/Development/code/web-js-oo-task-list-web-0616/tmpTestSupport/jasmine.js:1708:44
attemptAsync@file:///Users/emanuelaharonoff/Development/code/web-js-oo-task-list-web-0616/tmpTestSupport/jasmine.js:1520:16
run@file:///Users/emanuelaharonoff/Development/code/web-js-oo-task-list-web-0616/tmpTestSupport/jasmine.js:1496:28
next@file:///Users/emanuelaharonoff/Development/code/web-js-oo-task-list-web-0616/tmpTestSupport/jasmine.js:1517:40
complete@file:///Users/emanuelaharonoff/Development/code/web-js-oo-task-list-web-0616/tmpTestSupport/jasmine.js:333:19			</failure>
			<failure type="" message="ReferenceError: Can&amp;apos;t find variable: List in file:///Users/emanuelaharonoff/Development/code/web-js-oo-task-list-web-0616/spec/tasks.controller.spec.js (line 86)">
file:///Users/emanuelaharonoff/Development/code/web-js-oo-task-list-web-0616/spec/tasks.controller.spec.js:86:22
attemptSync@file:///Users/emanuelaharonoff/Development/code/web-js-oo-task-list-web-0616/tmpTestSupport/jasmine.js:1510:16
run@file:///Users/emanuelaharonoff/Development/code/web-js-oo-task-list-web-0616/tmpTestSupport/jasmine.js:1498:20
execute@file:///Users/emanuelaharonoff/Development/code/web-js-oo-task-list-web-0616/tmpTestSupport/jasmine.js:1485:13
queueRunnerFactory@file:///Users/emanuelaharonoff/Development/code/web-js-oo-task-list-web-0616/tmpTestSupport/jasmine.js:518:42
execute@file:///Users/emanuelaharonoff/Development/code/web-js-oo-task-list-web-0616/tmpTestSupport/jasmine.js:306:28
file:///Users/emanuelaharonoff/Development/code/web-js-oo-task-list-web-0616/tmpTestSupport/jasmine.js:1708:44
attemptAsync@file:///Users/emanuelaharonoff/Development/code/web-js-oo-task-list-web-0616/tmpTestSupport/jasmine.js:1520:16
run@file:///Users/emanuelaharonoff/Development/code/web-js-oo-task-list-web-0616/tmpTestSupport/jasmine.js:1496:28
next@file:///Users/emanuelaharonoff/Development/code/web-js-oo-task-list-web-0616/tmpTestSupport/jasmine.js:1517:40
complete@file:///Users/emanuelaharonoff/Development/code/web-js-oo-task-list-web-0616/tmpTestSupport/jasmine.js:333:19
clearStack@file:///Users/emanuelaharonoff/Development/code/web-js-oo-task-list-web-0616/tmpTestSupport/jasmine.js:506:11
run@file:///Users/emanuelaharonoff/Development/code/web-js-oo-task-list-web-0616/tmpTestSupport/jasmine.js:1505:22
execute@file:///Users/emanuelaharonoff/Development/code/web-js-oo-task-list-web-0616/tmpTestSupport/jasmine.js:1485:13
queueRunnerFactory@file:///Users/emanuelaharonoff/Development/code/web-js-oo-task-list-web-0616/tmpTestSupport/jasmine.js:518:42
execute@file:///Users/emanuelaharonoff/Development/code/web-js-oo-task-list-web-0616/tmpTestSupport/jasmine.js:306:28
file:///Users/emanuelaharonoff/Development/code/web-js-oo-task-list-web-0616/tmpTestSupport/jasmine.js:1708:44
attemptAsync@file:///Users/emanuelaharonoff/Development/code/web-js-oo-task-list-web-0616/tmpTestSupport/jasmine.js:1520:16
run@file:///Users/emanuelaharonoff/Development/code/web-js-oo-task-list-web-0616/tmpTestSupport/jasmine.js:1496:28
execute@file:///Users/emanuelaharonoff/Development/code/web-js-oo-task-list-web-0616/tmpTestSupport/jasmine.js:1485:13
queueRunnerFactory@file:///Users/emanuelaharonoff/Development/code/web-js-oo-task-list-web-0616/tmpTestSupport/jasmine.js:518:42
execute@file:///Users/emanuelaharonoff/Development/code/web-js-oo-task-list-web-0616/tmpTestSupport/jasmine.js:1694:21
file:///Users/emanuelaharonoff/Development/code/web-js-oo-task-list-web-0616/tmpTestSupport/jasmine.js:1708:44
attemptAsync@file:///Users/emanuelaharonoff/Development/code/web-js-oo-task-list-web-0616/tmpTestSupport/jasmine.js:1520:16
run@file:///Users/emanuelaharonoff/Development/code/web-js-oo-task-list-web-0616/tmpTestSupport/jasmine.js:1496:28
next@file:///Users/emanuelaharonoff/Development/code/web-js-oo-task-list-web-0616/tmpTestSupport/jasmine.js:1517:40
complete@file:///Users/emanuelaharonoff/Development/code/web-js-oo-task-list-web-0616/tmpTestSupport/jasmine.js:333:19
clearStack@file:///Users/emanuelaharonoff/Development/code/web-js-oo-task-list-web-0616/tmpTestSupport/jasmine.js:506:11
run@file:///Users/emanuelaharonoff/Development/code/web-js-oo-task-list-web-0616/tmpTestSupport/jasmine.js:1505:22
execute@file:///Users/emanuelaharonoff/Development/code/web-js-oo-task-list-web-0616/tmpTestSupport/jasmine.js:1485:13
queueRunnerFactory@file:///Users/emanuelaharonoff/Development/code/web-js-oo-task-list-web-0616/tmpTestSupport/jasmine.js:518:42
execute@file:///Users/emanuelaharonoff/Development/code/web-js-oo-task-list-web-0616/tmpTestSupport/jasmine.js:306:28
file:///Users/emanuelaharonoff/Development/code/web-js-oo-task-list-web-0616/tmpTestSupport/jasmine.js:1708:44
attemptAsync@file:///Users/emanuelaharonoff/Development/code/web-js-oo-task-list-web-0616/tmpTestSupport/jasmine.js:1520:16
run@file:///Users/emanuelaharonoff/Development/code/web-js-oo-task-list-web-0616/tmpTestSupport/jasmine.js:1496:28
next@file:///Users/emanuelaharonoff/Development/code/web-js-oo-task-list-web-0616/tmpTestSupport/jasmine.js:1517:40
complete@file:///Users/emanuelaharonoff/Development/code/web-js-oo-task-list-web-0616/tmpTestSupport/jasmine.js:333:19
clearStack@file:///Users/emanuelaharonoff/Development/code/web-js-oo-task-list-web-0616/tmpTestSupport/jasmine.js:506:11
run@file:///Users/emanuelaharonoff/Development/code/web-js-oo-task-list-web-0616/tmpTestSupport/jasmine.js:1505:22
execute@file:///Users/emanuelaharonoff/Development/code/web-js-oo-task-list-web-0616/tmpTestSupport/jasmine.js:1485:13
queueRunnerFactory@file:///Users/emanuelaharonoff/Development/code/web-js-oo-task-list-web-0616/tmpTestSupport/jasmine.js:518:42
execute@file:///Users/emanuelaharonoff/Development/code/web-js-oo-task-list-web-0616/tmpTestSupport/jasmine.js:306:28
file:///Users/emanuelaharonoff/Development/code/web-js-oo-task-list-web-0616/tmpTestSupport/jasmine.js:1708:44
attemptAsync@file:///Users/emanuelaharonoff/Development/code/web-js-oo-task-list-web-0616/tmpTestSupport/jasmine.js:1520:16
run@file:///Users/emanuelaharonoff/Development/code/web-js-oo-task-list-web-0616/tmpTestSupport/jasmine.js:1496:28
execute@file:///Users/emanuelaharonoff/Development/code/web-js-oo-task-list-web-0616/tmpTestSupport/jasmine.js:1485:13
queueRunnerFactory@file:///Users/emanuelaharonoff/Development/code/web-js-oo-task-list-web-0616/tmpTestSupport/jasmine.js:518:42
execute@file:///Users/emanuelaharonoff/Development/code/web-js-oo-task-list-web-0616/tmpTestSupport/jasmine.js:1694:21
file:///Users/emanuelaharonoff/Development/code/web-js-oo-task-list-web-0616/tmpTestSupport/jasmine.js:1708:44
attemptAsync@file:///Users/emanuelaharonoff/Development/code/web-js-oo-task-list-web-0616/tmpTestSupport/jasmine.js:1520:16
run@file:///Users/emanuelaharonoff/Development/code/web-js-oo-task-list-web-0616/tmpTestSupport/jasmine.js:1496:28
execute@file:///Users/emanuelaharonoff/Development/code/web-js-oo-task-list-web-0616/tmpTestSupport/jasmine.js:1485:13
queueRunnerFactory@file:///Users/emanuelaharonoff/Development/code/web-js-oo-task-list-web-0616/tmpTestSupport/jasmine.js:518:42
execute@file:///Users/emanuelaharonoff/Development/code/web-js-oo-task-list-web-0616/tmpTestSupport/jasmine.js:1694:21
file:///Users/emanuelaharonoff/Development/code/web-js-oo-task-list-web-0616/tmpTestSupport/jasmine.js:1708:44
attemptAsync@file:///Users/emanuelaharonoff/Development/code/web-js-oo-task-list-web-0616/tmpTestSupport/jasmine.js:1520:16
run@file:///Users/emanuelaharonoff/Development/code/web-js-oo-task-list-web-0616/tmpTestSupport/jasmine.js:1496:28
next@file:///Users/emanuelaharonoff/Development/code/web-js-oo-task-list-web-0616/tmpTestSupport/jasmine.js:1517:40
complete@file:///Users/emanuelaharonoff/Development/code/web-js-oo-task-list-web-0616/tmpTestSupport/jasmine.js:1703:19
clearStack@file:///Users/emanuelaharonoff/Development/code/web-js-oo-task-list-web-0616/tmpTestSupport/jasmine.js:506:11
run@file:///Users/emanuelaharonoff/Development/code/web-js-oo-task-list-web-0616/tmpTestSupport/jasmine.js:1505:22
next@file:///Users/emanuelaharonoff/Development/code/web-js-oo-task-list-web-0616/tmpTestSupport/jasmine.js:1517:40
complete@file:///Users/emanuelaharonoff/Development/code/web-js-oo-task-list-web-0616/tmpTestSupport/jasmine.js:333:19
clearStack@file:///Users/emanuelaharonoff/Development/code/web-js-oo-task-list-web-0616/tmpTestSupport/jasmine.js:506:11
run@file:///Users/emanuelaharonoff/Development/code/web-js-oo-task-list-web-0616/tmpTestSupport/jasmine.js:1505:22
execute@file:///Users/emanuelaharonoff/Development/code/web-js-oo-task-list-web-0616/tmpTestSupport/jasmine.js:1485:13
queueRunnerFactory@file:///Users/emanuelaharonoff/Development/code/web-js-oo-task-list-web-0616/tmpTestSupport/jasmine.js:518:42
execute@file:///Users/emanuelaharonoff/Development/code/web-js-oo-task-list-web-0616/tmpTestSupport/jasmine.js:306:28
file:///Users/emanuelaharonoff/Development/code/web-js-oo-task-list-web-0616/tmpTestSupport/jasmine.js:1708:44
attemptAsync@file:///Users/emanuelaharonoff/Development/code/web-js-oo-task-list-web-0616/tmpTestSupport/jasmine.js:1520:16
run@file:///Users/emanuelaharonoff/Development/code/web-js-oo-task-list-web-0616/tmpTestSupport/jasmine.js:1496:28
next@file:///Users/emanuelaharonoff/Development/code/web-js-oo-task-list-web-0616/tmpTestSupport/jasmine.js:1517:40
complete@file:///Users/emanuelaharonoff/Development/code/web-js-oo-task-list-web-0616/tmpTestSupport/jasmine.js:333:19			</failure>
		</testcase>
	</testsuite>
</testsuites>

