<?xml version="1.0" encoding="UTF-8"?>
<testsuites>
	<testsuite tests="9" errors="0" failures="9" time="0.035" timestamp="2016-07-28T10:39:14">
		<testcase classname="Lists Controller" name="creating a new List Controller should have a $addListForm property that holds a selected element with the id &amp;apos;#add_list&amp;apos;" time="0.002">
			<failure type="" message="ReferenceError: Can&amp;apos;t find variable: ListsController in file:///Users/emanuelaharonoff/Development/code/web-js-oo-task-list-web-0616/spec/lists.controller.spec.js (line 9)">
file:///Users/emanuelaharonoff/Development/code/web-js-oo-task-list-web-0616/spec/lists.controller.spec.js:9:42
attemptSync@file:///Users/emanuelaharonoff/Development/code/web-js-oo-task-list-web-0616/tmpTestSupport/jasmine.js:1510:16
run@file:///Users/emanuelaharonoff/Development/code/web-js-oo-task-list-web-0616/tmpTestSupport/jasmine.js:1498:20
execute@file:///Users/emanuelaharonoff/Development/code/web-js-oo-task-list-web-0616/tmpTestSupport/jasmine.js:1485:13
queueRunnerFactory@file:///Users/emanuelaharonoff/Development/code/web-js-oo-task-list-web-0616/tmpTestSupport/jasmine.js:518:42
execute@file:///Users/emanuelaharonoff/Development/code/web-js-oo-task-list-web-0616/tmpTestSupport/jasmine.js:306:28
file:///Users/emanuelaharonoff/Development/code/web-js-oo-task-list-web-0616/tmpTestSupport/jasmine.js:1708:44
attemptAsync@file:///Users/emanuelaharonoff/Development/code/web-js-oo-task-list-web-0616/tmpTestSupport/jasmine.js:1520:16
run@file:///Users/emanuelaharonoff/Development/code/web-js-oo-task-list-web-0616/tmpTestSupport/jasmine.js:1496:28
execute@file:///Users/emanuelaharonoff/Development/code/web-js-oo-task-list-web-0616/tmpTestSupport/jasmine.js:1485:13
queueRunnerFactory@file:///Users/emanuelaharonoff/Development/code/web-js-oo-task-list-web-0616/tmpTestSupport/jasmine.js:518:42
execute@file:///Users/emanuelaharonoff/Development/code/web-js-oo-task-list-web-0616/tmpTestSupport/jasmine.js:1694:21
file:///Users/emanuelaharonoff/Development/code/web-js-oo-task-list-web-0616/tmpTestSupport/jasmine.js:1708:44
attemptAsync@file:///Users/emanuelaharonoff/Development/code/web-js-oo-task-list-web-0616/tmpTestSupport/jasmine.js:1520:16
run@file:///Users/emanuelaharonoff/Development/code/web-js-oo-task-list-web-0616/tmpTestSupport/jasmine.js:1496:28
execute@file:///Users/emanuelaharonoff/Development/code/web-js-oo-task-list-web-0616/tmpTestSupport/jasmine.js:1485:13
queueRunnerFactory@file:///Users/emanuelaharonoff/Development/code/web-js-oo-task-list-web-0616/tmpTestSupport/jasmine.js:518:42
execute@file:///Users/emanuelaharonoff/Development/code/web-js-oo-task-list-web-0616/tmpTestSupport/jasmine.js:1694:21
file:///Users/emanuelaharonoff/Development/code/web-js-oo-task-list-web-0616/tmpTestSupport/jasmine.js:1708:44
attemptAsync@file:///Users/emanuelaharonoff/Development/code/web-js-oo-task-list-web-0616/tmpTestSupport/jasmine.js:1520:16
run@file:///Users/emanuelaharonoff/Development/code/web-js-oo-task-list-web-0616/tmpTestSupport/jasmine.js:1496:28
next@file:///Users/emanuelaharonoff/Development/code/web-js-oo-task-list-web-0616/tmpTestSupport/jasmine.js:1517:40
complete@file:///Users/emanuelaharonoff/Development/code/web-js-oo-task-list-web-0616/tmpTestSupport/jasmine.js:1703:19
clearStack@file:///Users/emanuelaharonoff/Development/code/web-js-oo-task-list-web-0616/tmpTestSupport/jasmine.js:506:11
run@file:///Users/emanuelaharonoff/Development/code/web-js-oo-task-list-web-0616/tmpTestSupport/jasmine.js:1505:22
next@file:///Users/emanuelaharonoff/Development/code/web-js-oo-task-list-web-0616/tmpTestSupport/jasmine.js:1517:40
complete@file:///Users/emanuelaharonoff/Development/code/web-js-oo-task-list-web-0616/tmpTestSupport/jasmine.js:1703:19
clearStack@file:///Users/emanuelaharonoff/Development/code/web-js-oo-task-list-web-0616/tmpTestSupport/jasmine.js:506:11
run@file:///Users/emanuelaharonoff/Development/code/web-js-oo-task-list-web-0616/tmpTestSupport/jasmine.js:1505:22
next@file:///Users/emanuelaharonoff/Development/code/web-js-oo-task-list-web-0616/tmpTestSupport/jasmine.js:1517:40
complete@file:///Users/emanuelaharonoff/Development/code/web-js-oo-task-list-web-0616/tmpTestSupport/jasmine.js:333:19
clearStack@file:///Users/emanuelaharonoff/Development/code/web-js-oo-task-list-web-0616/tmpTestSupport/jasmine.js:506:11
run@file:///Users/emanuelaharonoff/Development/code/web-js-oo-task-list-web-0616/tmpTestSupport/jasmine.js:1505:22
execute@file:///Users/emanuelaharonoff/Development/code/web-js-oo-task-list-web-0616/tmpTestSupport/jasmine.js:1485:13
queueRunnerFactory@file:///Users/emanuelaharonoff/Development/code/web-js-oo-task-list-web-0616/tmpTestSupport/jasmine.js:518:42
execute@file:///Users/emanuelaharonoff/Development/code/web-js-oo-task-list-web-0616/tmpTestSupport/jasmine.js:306:28
file:///Users/emanuelaharonoff/Development/code/web-js-oo-task-list-web-0616/tmpTestSupport/jasmine.js:1708:44
attemptAsync@file:///Users/emanuelaharonoff/Development/code/web-js-oo-task-list-web-0616/tmpTestSupport/jasmine.js:1520:16
run@file:///Users/emanuelaharonoff/Development/code/web-js-oo-task-list-web-0616/tmpTestSupport/jasmine.js:1496:28
next@file:///Users/emanuelaharonoff/Development/code/web-js-oo-task-list-web-0616/tmpTestSupport/jasmine.js:1517:40
complete@file:///Users/emanuelaharonoff/Development/code/web-js-oo-task-list-web-0616/tmpTestSupport/jasmine.js:333:19
clearStack@file:///Users/emanuelaharonoff/Development/code/web-js-oo-task-list-web-0616/tmpTestSupport/jasmine.js:506:11
run@file:///Users/emanuelaharonoff/Development/code/web-js-oo-task-list-web-0616/tmpTestSupport/jasmine.js:1505:22
execute@file:///Users/emanuelaharonoff/Development/code/web-js-oo-task-list-web-0616/tmpTestSupport/jasmine.js:1485:13
queueRunnerFactory@file:///Users/emanuelaharonoff/Development/code/web-js-oo-task-list-web-0616/tmpTestSupport/jasmine.js:518:42
execute@file:///Users/emanuelaharonoff/Development/code/web-js-oo-task-list-web-0616/tmpTestSupport/jasmine.js:306:28
file:///Users/emanuelaharonoff/Development/code/web-js-oo-task-list-web-0616/tmpTestSupport/jasmine.js:1708:44
attemptAsync@file:///Users/emanuelaharonoff/Development/code/web-js-oo-task-list-web-0616/tmpTestSupport/jasmine.js:1520:16
run@file:///Users/emanuelaharonoff/Development/code/web-js-oo-task-list-web-0616/tmpTestSupport/jasmine.js:1496:28
execute@file:///Users/emanuelaharonoff/Development/code/web-js-oo-task-list-web-0616/tmpTestSupport/jasmine.js:1485:13
queueRunnerFactory@file:///Users/emanuelaharonoff/Development/code/web-js-oo-task-list-web-0616/tmpTestSupport/jasmine.js:518:42
execute@file:///Users/emanuelaharonoff/Development/code/web-js-oo-task-list-web-0616/tmpTestSupport/jasmine.js:1694:21
file:///Users/emanuelaharonoff/Development/code/web-js-oo-task-list-web-0616/tmpTestSupport/jasmine.js:1708:44
attemptAsync@file:///Users/emanuelaharonoff/Development/code/web-js-oo-task-list-web-0616/tmpTestSupport/jasmine.js:1520:16
run@file:///Users/emanuelaharonoff/Development/code/web-js-oo-task-list-web-0616/tmpTestSupport/jasmine.js:1496:28
next@file:///Users/emanuelaharonoff/Development/code/web-js-oo-task-list-web-0616/tmpTestSupport/jasmine.js:1517:40
complete@file:///Users/emanuelaharonoff/Development/code/web-js-oo-task-list-web-0616/tmpTestSupport/jasmine.js:1703:19			</failure>
			<failure type="" message="TypeError: undefined is not an object (evaluating &amp;apos;listsController.$addListForm&amp;apos;) in file:///Users/emanuelaharonoff/Development/code/web-js-oo-task-list-web-0616/spec/lists.controller.spec.js (line 14)">
file:///Users/emanuelaharonoff/Development/code/web-js-oo-task-list-web-0616/spec/lists.controller.spec.js:14:29
attemptSync@file:///Users/emanuelaharonoff/Development/code/web-js-oo-task-list-web-0616/tmpTestSupport/jasmine.js:1510:16
run@file:///Users/emanuelaharonoff/Development/code/web-js-oo-task-list-web-0616/tmpTestSupport/jasmine.js:1498:20
execute@file:///Users/emanuelaharonoff/Development/code/web-js-oo-task-list-web-0616/tmpTestSupport/jasmine.js:1485:13
queueRunnerFactory@file:///Users/emanuelaharonoff/Development/code/web-js-oo-task-list-web-0616/tmpTestSupport/jasmine.js:518:42
execute@file:///Users/emanuelaharonoff/Development/code/web-js-oo-task-list-web-0616/tmpTestSupport/jasmine.js:306:28
file:///Users/emanuelaharonoff/Development/code/web-js-oo-task-list-web-0616/tmpTestSupport/jasmine.js:1708:44
attemptAsync@file:///Users/emanuelaharonoff/Development/code/web-js-oo-task-list-web-0616/tmpTestSupport/jasmine.js:1520:16
run@file:///Users/emanuelaharonoff/Development/code/web-js-oo-task-list-web-0616/tmpTestSupport/jasmine.js:1496:28
execute@file:///Users/emanuelaharonoff/Development/code/web-js-oo-task-list-web-0616/tmpTestSupport/jasmine.js:1485:13
queueRunnerFactory@file:///Users/emanuelaharonoff/Development/code/web-js-oo-task-list-web-0616/tmpTestSupport/jasmine.js:518:42
execute@file:///Users/emanuelaharonoff/Development/code/web-js-oo-task-list-web-0616/tmpTestSupport/jasmine.js:1694:21
file:///Users/emanuelaharonoff/Development/code/web-js-oo-task-list-web-0616/tmpTestSupport/jasmine.js:1708:44
attemptAsync@file:///Users/emanuelaharonoff/Development/code/web-js-oo-task-list-web-0616/tmpTestSupport/jasmine.js:1520:16
run@file:///Users/emanuelaharonoff/Development/code/web-js-oo-task-list-web-0616/tmpTestSupport/jasmine.js:1496:28
execute@file:///Users/emanuelaharonoff/Development/code/web-js-oo-task-list-web-0616/tmpTestSupport/jasmine.js:1485:13
queueRunnerFactory@file:///Users/emanuelaharonoff/Development/code/web-js-oo-task-list-web-0616/tmpTestSupport/jasmine.js:518:42
execute@file:///Users/emanuelaharonoff/Development/code/web-js-oo-task-list-web-0616/tmpTestSupport/jasmine.js:1694:21
file:///Users/emanuelaharonoff/Development/code/web-js-oo-task-list-web-0616/tmpTestSupport/jasmine.js:1708:44
attemptAsync@file:///Users/emanuelaharonoff/Development/code/web-js-oo-task-list-web-0616/tmpTestSupport/jasmine.js:1520:16
run@file:///Users/emanuelaharonoff/Development/code/web-js-oo-task-list-web-0616/tmpTestSupport/jasmine.js:1496:28
next@file:///Users/emanuelaharonoff/Development/code/web-js-oo-task-list-web-0616/tmpTestSupport/jasmine.js:1517:40
complete@file:///Users/emanuelaharonoff/Development/code/web-js-oo-task-list-web-0616/tmpTestSupport/jasmine.js:1703:19
clearStack@file:///Users/emanuelaharonoff/Development/code/web-js-oo-task-list-web-0616/tmpTestSupport/jasmine.js:506:11
run@file:///Users/emanuelaharonoff/Development/code/web-js-oo-task-list-web-0616/tmpTestSupport/jasmine.js:1505:22
next@file:///Users/emanuelaharonoff/Development/code/web-js-oo-task-list-web-0616/tmpTestSupport/jasmine.js:1517:40
complete@file:///Users/emanuelaharonoff/Development/code/web-js-oo-task-list-web-0616/tmpTestSupport/jasmine.js:1703:19
clearStack@file:///Users/emanuelaharonoff/Development/code/web-js-oo-task-list-web-0616/tmpTestSupport/jasmine.js:506:11
run@file:///Users/emanuelaharonoff/Development/code/web-js-oo-task-list-web-0616/tmpTestSupport/jasmine.js:1505:22
next@file:///Users/emanuelaharonoff/Development/code/web-js-oo-task-list-web-0616/tmpTestSupport/jasmine.js:1517:40
complete@file:///Users/emanuelaharonoff/Development/code/web-js-oo-task-list-web-0616/tmpTestSupport/jasmine.js:333:19
clearStack@file:///Users/emanuelaharonoff/Development/code/web-js-oo-task-list-web-0616/tmpTestSupport/jasmine.js:506:11
run@file:///Users/emanuelaharonoff/Development/code/web-js-oo-task-list-web-0616/tmpTestSupport/jasmine.js:1505:22
execute@file:///Users/emanuelaharonoff/Development/code/web-js-oo-task-list-web-0616/tmpTestSupport/jasmine.js:1485:13
queueRunnerFactory@file:///Users/emanuelaharonoff/Development/code/web-js-oo-task-list-web-0616/tmpTestSupport/jasmine.js:518:42
execute@file:///Users/emanuelaharonoff/Development/code/web-js-oo-task-list-web-0616/tmpTestSupport/jasmine.js:306:28
file:///Users/emanuelaharonoff/Development/code/web-js-oo-task-list-web-0616/tmpTestSupport/jasmine.js:1708:44
attemptAsync@file:///Users/emanuelaharonoff/Development/code/web-js-oo-task-list-web-0616/tmpTestSupport/jasmine.js:1520:16
run@file:///Users/emanuelaharonoff/Development/code/web-js-oo-task-list-web-0616/tmpTestSupport/jasmine.js:1496:28
next@file:///Users/emanuelaharonoff/Development/code/web-js-oo-task-list-web-0616/tmpTestSupport/jasmine.js:1517:40
complete@file:///Users/emanuelaharonoff/Development/code/web-js-oo-task-list-web-0616/tmpTestSupport/jasmine.js:333:19
clearStack@file:///Users/emanuelaharonoff/Development/code/web-js-oo-task-list-web-0616/tmpTestSupport/jasmine.js:506:11
run@file:///Users/emanuelaharonoff/Development/code/web-js-oo-task-list-web-0616/tmpTestSupport/jasmine.js:1505:22
execute@file:///Users/emanuelaharonoff/Development/code/web-js-oo-task-list-web-0616/tmpTestSupport/jasmine.js:1485:13
queueRunnerFactory@file:///Users/emanuelaharonoff/Development/code/web-js-oo-task-list-web-0616/tmpTestSupport/jasmine.js:518:42
execute@file:///Users/emanuelaharonoff/Development/code/web-js-oo-task-list-web-0616/tmpTestSupport/jasmine.js:306:28
file:///Users/emanuelaharonoff/Development/code/web-js-oo-task-list-web-0616/tmpTestSupport/jasmine.js:1708:44
attemptAsync@file:///Users/emanuelaharonoff/Development/code/web-js-oo-task-list-web-0616/tmpTestSupport/jasmine.js:1520:16
run@file:///Users/emanuelaharonoff/Development/code/web-js-oo-task-list-web-0616/tmpTestSupport/jasmine.js:1496:28
execute@file:///Users/emanuelaharonoff/Development/code/web-js-oo-task-list-web-0616/tmpTestSupport/jasmine.js:1485:13
queueRunnerFactory@file:///Users/emanuelaharonoff/Development/code/web-js-oo-task-list-web-0616/tmpTestSupport/jasmine.js:518:42
execute@file:///Users/emanuelaharonoff/Development/code/web-js-oo-task-list-web-0616/tmpTestSupport/jasmine.js:1694:21
file:///Users/emanuelaharonoff/Development/code/web-js-oo-task-list-web-0616/tmpTestSupport/jasmine.js:1708:44
attemptAsync@file:///Users/emanuelaharonoff/Development/code/web-js-oo-task-list-web-0616/tmpTestSupport/jasmine.js:1520:16
run@file:///Users/emanuelaharonoff/Development/code/web-js-oo-task-list-web-0616/tmpTestSupport/jasmine.js:1496:28
next@file:///Users/emanuelaharonoff/Development/code/web-js-oo-task-list-web-0616/tmpTestSupport/jasmine.js:1517:40
complete@file:///Users/emanuelaharonoff/Development/code/web-js-oo-task-list-web-0616/tmpTestSupport/jasmine.js:1703:19			</failure>
		</testcase>
		<testcase classname="Lists Controller" name="creating a new List Controller should have a $listTitleInput property that holds a selected element with the id &amp;apos;#list_title&amp;apos;" time="0.002">
			<failure type="" message="ReferenceError: Can&amp;apos;t find variable: ListsController in file:///Users/emanuelaharonoff/Development/code/web-js-oo-task-list-web-0616/spec/lists.controller.spec.js (line 9)">
file:///Users/emanuelaharonoff/Development/code/web-js-oo-task-list-web-0616/spec/lists.controller.spec.js:9:42
attemptSync@file:///Users/emanuelaharonoff/Development/code/web-js-oo-task-list-web-0616/tmpTestSupport/jasmine.js:1510:16
run@file:///Users/emanuelaharonoff/Development/code/web-js-oo-task-list-web-0616/tmpTestSupport/jasmine.js:1498:20
execute@file:///Users/emanuelaharonoff/Development/code/web-js-oo-task-list-web-0616/tmpTestSupport/jasmine.js:1485:13
queueRunnerFactory@file:///Users/emanuelaharonoff/Development/code/web-js-oo-task-list-web-0616/tmpTestSupport/jasmine.js:518:42
execute@file:///Users/emanuelaharonoff/Development/code/web-js-oo-task-list-web-0616/tmpTestSupport/jasmine.js:306:28
file:///Users/emanuelaharonoff/Development/code/web-js-oo-task-list-web-0616/tmpTestSupport/jasmine.js:1708:44
attemptAsync@file:///Users/emanuelaharonoff/Development/code/web-js-oo-task-list-web-0616/tmpTestSupport/jasmine.js:1520:16
run@file:///Users/emanuelaharonoff/Development/code/web-js-oo-task-list-web-0616/tmpTestSupport/jasmine.js:1496:28
next@file:///Users/emanuelaharonoff/Development/code/web-js-oo-task-list-web-0616/tmpTestSupport/jasmine.js:1517:40
complete@file:///Users/emanuelaharonoff/Development/code/web-js-oo-task-list-web-0616/tmpTestSupport/jasmine.js:333:19
clearStack@file:///Users/emanuelaharonoff/Development/code/web-js-oo-task-list-web-0616/tmpTestSupport/jasmine.js:506:11
run@file:///Users/emanuelaharonoff/Development/code/web-js-oo-task-list-web-0616/tmpTestSupport/jasmine.js:1505:22
execute@file:///Users/emanuelaharonoff/Development/code/web-js-oo-task-list-web-0616/tmpTestSupport/jasmine.js:1485:13
queueRunnerFactory@file:///Users/emanuelaharonoff/Development/code/web-js-oo-task-list-web-0616/tmpTestSupport/jasmine.js:518:42
execute@file:///Users/emanuelaharonoff/Development/code/web-js-oo-task-list-web-0616/tmpTestSupport/jasmine.js:306:28
file:///Users/emanuelaharonoff/Development/code/web-js-oo-task-list-web-0616/tmpTestSupport/jasmine.js:1708:44
attemptAsync@file:///Users/emanuelaharonoff/Development/code/web-js-oo-task-list-web-0616/tmpTestSupport/jasmine.js:1520:16
run@file:///Users/emanuelaharonoff/Development/code/web-js-oo-task-list-web-0616/tmpTestSupport/jasmine.js:1496:28
execute@file:///Users/emanuelaharonoff/Development/code/web-js-oo-task-list-web-0616/tmpTestSupport/jasmine.js:1485:13
queueRunnerFactory@file:///Users/emanuelaharonoff/Development/code/web-js-oo-task-list-web-0616/tmpTestSupport/jasmine.js:518:42
execute@file:///Users/emanuelaharonoff/Development/code/web-js-oo-task-list-web-0616/tmpTestSupport/jasmine.js:1694:21
file:///Users/emanuelaharonoff/Development/code/web-js-oo-task-list-web-0616/tmpTestSupport/jasmine.js:1708:44
attemptAsync@file:///Users/emanuelaharonoff/Development/code/web-js-oo-task-list-web-0616/tmpTestSupport/jasmine.js:1520:16
run@file:///Users/emanuelaharonoff/Development/code/web-js-oo-task-list-web-0616/tmpTestSupport/jasmine.js:1496:28
execute@file:///Users/emanuelaharonoff/Development/code/web-js-oo-task-list-web-0616/tmpTestSupport/jasmine.js:1485:13
queueRunnerFactory@file:///Users/emanuelaharonoff/Development/code/web-js-oo-task-list-web-0616/tmpTestSupport/jasmine.js:518:42
execute@file:///Users/emanuelaharonoff/Development/code/web-js-oo-task-list-web-0616/tmpTestSupport/jasmine.js:1694:21
file:///Users/emanuelaharonoff/Development/code/web-js-oo-task-list-web-0616/tmpTestSupport/jasmine.js:1708:44
attemptAsync@file:///Users/emanuelaharonoff/Development/code/web-js-oo-task-list-web-0616/tmpTestSupport/jasmine.js:1520:16
run@file:///Users/emanuelaharonoff/Development/code/web-js-oo-task-list-web-0616/tmpTestSupport/jasmine.js:1496:28
next@file:///Users/emanuelaharonoff/Development/code/web-js-oo-task-list-web-0616/tmpTestSupport/jasmine.js:1517:40
complete@file:///Users/emanuelaharonoff/Development/code/web-js-oo-task-list-web-0616/tmpTestSupport/jasmine.js:1703:19
clearStack@file:///Users/emanuelaharonoff/Development/code/web-js-oo-task-list-web-0616/tmpTestSupport/jasmine.js:506:11
run@file:///Users/emanuelaharonoff/Development/code/web-js-oo-task-list-web-0616/tmpTestSupport/jasmine.js:1505:22
next@file:///Users/emanuelaharonoff/Development/code/web-js-oo-task-list-web-0616/tmpTestSupport/jasmine.js:1517:40
complete@file:///Users/emanuelaharonoff/Development/code/web-js-oo-task-list-web-0616/tmpTestSupport/jasmine.js:1703:19
clearStack@file:///Users/emanuelaharonoff/Development/code/web-js-oo-task-list-web-0616/tmpTestSupport/jasmine.js:506:11
run@file:///Users/emanuelaharonoff/Development/code/web-js-oo-task-list-web-0616/tmpTestSupport/jasmine.js:1505:22
next@file:///Users/emanuelaharonoff/Development/code/web-js-oo-task-list-web-0616/tmpTestSupport/jasmine.js:1517:40
complete@file:///Users/emanuelaharonoff/Development/code/web-js-oo-task-list-web-0616/tmpTestSupport/jasmine.js:333:19
clearStack@file:///Users/emanuelaharonoff/Development/code/web-js-oo-task-list-web-0616/tmpTestSupport/jasmine.js:506:11
run@file:///Users/emanuelaharonoff/Development/code/web-js-oo-task-list-web-0616/tmpTestSupport/jasmine.js:1505:22
execute@file:///Users/emanuelaharonoff/Development/code/web-js-oo-task-list-web-0616/tmpTestSupport/jasmine.js:1485:13
queueRunnerFactory@file:///Users/emanuelaharonoff/Development/code/web-js-oo-task-list-web-0616/tmpTestSupport/jasmine.js:518:42
execute@file:///Users/emanuelaharonoff/Development/code/web-js-oo-task-list-web-0616/tmpTestSupport/jasmine.js:306:28
file:///Users/emanuelaharonoff/Development/code/web-js-oo-task-list-web-0616/tmpTestSupport/jasmine.js:1708:44
attemptAsync@file:///Users/emanuelaharonoff/Development/code/web-js-oo-task-list-web-0616/tmpTestSupport/jasmine.js:1520:16
run@file:///Users/emanuelaharonoff/Development/code/web-js-oo-task-list-web-0616/tmpTestSupport/jasmine.js:1496:28
next@file:///Users/emanuelaharonoff/Development/code/web-js-oo-task-list-web-0616/tmpTestSupport/jasmine.js:1517:40
complete@file:///Users/emanuelaharonoff/Development/code/web-js-oo-task-list-web-0616/tmpTestSupport/jasmine.js:333:19
clearStack@file:///Users/emanuelaharonoff/Development/code/web-js-oo-task-list-web-0616/tmpTestSupport/jasmine.js:506:11
run@file:///Users/emanuelaharonoff/Development/code/web-js-oo-task-list-web-0616/tmpTestSupport/jasmine.js:1505:22
execute@file:///Users/emanuelaharonoff/Development/code/web-js-oo-task-list-web-0616/tmpTestSupport/jasmine.js:1485:13
queueRunnerFactory@file:///Users/emanuelaharonoff/Development/code/web-js-oo-task-list-web-0616/tmpTestSupport/jasmine.js:518:42
execute@file:///Users/emanuelaharonoff/Development/code/web-js-oo-task-list-web-0616/tmpTestSupport/jasmine.js:306:28
file:///Users/emanuelaharonoff/Development/code/web-js-oo-task-list-web-0616/tmpTestSupport/jasmine.js:1708:44
attemptAsync@file:///Users/emanuelaharonoff/Development/code/web-js-oo-task-list-web-0616/tmpTestSupport/jasmine.js:1520:16
run@file:///Users/emanuelaharonoff/Development/code/web-js-oo-task-list-web-0616/tmpTestSupport/jasmine.js:1496:28
execute@file:///Users/emanuelaharonoff/Development/code/web-js-oo-task-list-web-0616/tmpTestSupport/jasmine.js:1485:13
queueRunnerFactory@file:///Users/emanuelaharonoff/Development/code/web-js-oo-task-list-web-0616/tmpTestSupport/jasmine.js:518:42
execute@file:///Users/emanuelaharonoff/Development/code/web-js-oo-task-list-web-0616/tmpTestSupport/jasmine.js:1694:21
file:///Users/emanuelaharonoff/Development/code/web-js-oo-task-list-web-0616/tmpTestSupport/jasmine.js:1708:44
attemptAsync@file:///Users/emanuelaharonoff/Development/code/web-js-oo-task-list-web-0616/tmpTestSupport/jasmine.js:1520:16
run@file:///Users/emanuelaharonoff/Development/code/web-js-oo-task-list-web-0616/tmpTestSupport/jasmine.js:1496:28
next@file:///Users/emanuelaharonoff/Development/code/web-js-oo-task-list-web-0616/tmpTestSupport/jasmine.js:1517:40
complete@file:///Users/emanuelaharonoff/Development/code/web-js-oo-task-list-web-0616/tmpTestSupport/jasmine.js:1703:19			</failure>
			<failure type="" message="TypeError: undefined is not an object (evaluating &amp;apos;listsController.$listTitleInput&amp;apos;) in file:///Users/emanuelaharonoff/Development/code/web-js-oo-task-list-web-0616/spec/lists.controller.spec.js (line 17)">
file:///Users/emanuelaharonoff/Development/code/web-js-oo-task-list-web-0616/spec/lists.controller.spec.js:17:29
attemptSync@file:///Users/emanuelaharonoff/Development/code/web-js-oo-task-list-web-0616/tmpTestSupport/jasmine.js:1510:16
run@file:///Users/emanuelaharonoff/Development/code/web-js-oo-task-list-web-0616/tmpTestSupport/jasmine.js:1498:20
execute@file:///Users/emanuelaharonoff/Development/code/web-js-oo-task-list-web-0616/tmpTestSupport/jasmine.js:1485:13
queueRunnerFactory@file:///Users/emanuelaharonoff/Development/code/web-js-oo-task-list-web-0616/tmpTestSupport/jasmine.js:518:42
execute@file:///Users/emanuelaharonoff/Development/code/web-js-oo-task-list-web-0616/tmpTestSupport/jasmine.js:306:28
file:///Users/emanuelaharonoff/Development/code/web-js-oo-task-list-web-0616/tmpTestSupport/jasmine.js:1708:44
attemptAsync@file:///Users/emanuelaharonoff/Development/code/web-js-oo-task-list-web-0616/tmpTestSupport/jasmine.js:1520:16
run@file:///Users/emanuelaharonoff/Development/code/web-js-oo-task-list-web-0616/tmpTestSupport/jasmine.js:1496:28
next@file:///Users/emanuelaharonoff/Development/code/web-js-oo-task-list-web-0616/tmpTestSupport/jasmine.js:1517:40
complete@file:///Users/emanuelaharonoff/Development/code/web-js-oo-task-list-web-0616/tmpTestSupport/jasmine.js:333:19
clearStack@file:///Users/emanuelaharonoff/Development/code/web-js-oo-task-list-web-0616/tmpTestSupport/jasmine.js:506:11
run@file:///Users/emanuelaharonoff/Development/code/web-js-oo-task-list-web-0616/tmpTestSupport/jasmine.js:1505:22
execute@file:///Users/emanuelaharonoff/Development/code/web-js-oo-task-list-web-0616/tmpTestSupport/jasmine.js:1485:13
queueRunnerFactory@file:///Users/emanuelaharonoff/Development/code/web-js-oo-task-list-web-0616/tmpTestSupport/jasmine.js:518:42
execute@file:///Users/emanuelaharonoff/Development/code/web-js-oo-task-list-web-0616/tmpTestSupport/jasmine.js:306:28
file:///Users/emanuelaharonoff/Development/code/web-js-oo-task-list-web-0616/tmpTestSupport/jasmine.js:1708:44
attemptAsync@file:///Users/emanuelaharonoff/Development/code/web-js-oo-task-list-web-0616/tmpTestSupport/jasmine.js:1520:16
run@file:///Users/emanuelaharonoff/Development/code/web-js-oo-task-list-web-0616/tmpTestSupport/jasmine.js:1496:28
execute@file:///Users/emanuelaharonoff/Development/code/web-js-oo-task-list-web-0616/tmpTestSupport/jasmine.js:1485:13
queueRunnerFactory@file:///Users/emanuelaharonoff/Development/code/web-js-oo-task-list-web-0616/tmpTestSupport/jasmine.js:518:42
execute@file:///Users/emanuelaharonoff/Development/code/web-js-oo-task-list-web-0616/tmpTestSupport/jasmine.js:1694:21
file:///Users/emanuelaharonoff/Development/code/web-js-oo-task-list-web-0616/tmpTestSupport/jasmine.js:1708:44
attemptAsync@file:///Users/emanuelaharonoff/Development/code/web-js-oo-task-list-web-0616/tmpTestSupport/jasmine.js:1520:16
run@file:///Users/emanuelaharonoff/Development/code/web-js-oo-task-list-web-0616/tmpTestSupport/jasmine.js:1496:28
execute@file:///Users/emanuelaharonoff/Development/code/web-js-oo-task-list-web-0616/tmpTestSupport/jasmine.js:1485:13
queueRunnerFactory@file:///Users/emanuelaharonoff/Development/code/web-js-oo-task-list-web-0616/tmpTestSupport/jasmine.js:518:42
execute@file:///Users/emanuelaharonoff/Development/code/web-js-oo-task-list-web-0616/tmpTestSupport/jasmine.js:1694:21
file:///Users/emanuelaharonoff/Development/code/web-js-oo-task-list-web-0616/tmpTestSupport/jasmine.js:1708:44
attemptAsync@file:///Users/emanuelaharonoff/Development/code/web-js-oo-task-list-web-0616/tmpTestSupport/jasmine.js:1520:16
run@file:///Users/emanuelaharonoff/Development/code/web-js-oo-task-list-web-0616/tmpTestSupport/jasmine.js:1496:28
next@file:///Users/emanuelaharonoff/Development/code/web-js-oo-task-list-web-0616/tmpTestSupport/jasmine.js:1517:40
complete@file:///Users/emanuelaharonoff/Development/code/web-js-oo-task-list-web-0616/tmpTestSupport/jasmine.js:1703:19
clearStack@file:///Users/emanuelaharonoff/Development/code/web-js-oo-task-list-web-0616/tmpTestSupport/jasmine.js:506:11
run@file:///Users/emanuelaharonoff/Development/code/web-js-oo-task-list-web-0616/tmpTestSupport/jasmine.js:1505:22
next@file:///Users/emanuelaharonoff/Development/code/web-js-oo-task-list-web-0616/tmpTestSupport/jasmine.js:1517:40
complete@file:///Users/emanuelaharonoff/Development/code/web-js-oo-task-list-web-0616/tmpTestSupport/jasmine.js:1703:19
clearStack@file:///Users/emanuelaharonoff/Development/code/web-js-oo-task-list-web-0616/tmpTestSupport/jasmine.js:506:11
run@file:///Users/emanuelaharonoff/Development/code/web-js-oo-task-list-web-0616/tmpTestSupport/jasmine.js:1505:22
next@file:///Users/emanuelaharonoff/Development/code/web-js-oo-task-list-web-0616/tmpTestSupport/jasmine.js:1517:40
complete@file:///Users/emanuelaharonoff/Development/code/web-js-oo-task-list-web-0616/tmpTestSupport/jasmine.js:333:19
clearStack@file:///Users/emanuelaharonoff/Development/code/web-js-oo-task-list-web-0616/tmpTestSupport/jasmine.js:506:11
run@file:///Users/emanuelaharonoff/Development/code/web-js-oo-task-list-web-0616/tmpTestSupport/jasmine.js:1505:22
execute@file:///Users/emanuelaharonoff/Development/code/web-js-oo-task-list-web-0616/tmpTestSupport/jasmine.js:1485:13
queueRunnerFactory@file:///Users/emanuelaharonoff/Development/code/web-js-oo-task-list-web-0616/tmpTestSupport/jasmine.js:518:42
execute@file:///Users/emanuelaharonoff/Development/code/web-js-oo-task-list-web-0616/tmpTestSupport/jasmine.js:306:28
file:///Users/emanuelaharonoff/Development/code/web-js-oo-task-list-web-0616/tmpTestSupport/jasmine.js:1708:44
attemptAsync@file:///Users/emanuelaharonoff/Development/code/web-js-oo-task-list-web-0616/tmpTestSupport/jasmine.js:1520:16
run@file:///Users/emanuelaharonoff/Development/code/web-js-oo-task-list-web-0616/tmpTestSupport/jasmine.js:1496:28
next@file:///Users/emanuelaharonoff/Development/code/web-js-oo-task-list-web-0616/tmpTestSupport/jasmine.js:1517:40
complete@file:///Users/emanuelaharonoff/Development/code/web-js-oo-task-list-web-0616/tmpTestSupport/jasmine.js:333:19
clearStack@file:///Users/emanuelaharonoff/Development/code/web-js-oo-task-list-web-0616/tmpTestSupport/jasmine.js:506:11
run@file:///Users/emanuelaharonoff/Development/code/web-js-oo-task-list-web-0616/tmpTestSupport/jasmine.js:1505:22
execute@file:///Users/emanuelaharonoff/Development/code/web-js-oo-task-list-web-0616/tmpTestSupport/jasmine.js:1485:13
queueRunnerFactory@file:///Users/emanuelaharonoff/Development/code/web-js-oo-task-list-web-0616/tmpTestSupport/jasmine.js:518:42
execute@file:///Users/emanuelaharonoff/Development/code/web-js-oo-task-list-web-0616/tmpTestSupport/jasmine.js:306:28
file:///Users/emanuelaharonoff/Development/code/web-js-oo-task-list-web-0616/tmpTestSupport/jasmine.js:1708:44
attemptAsync@file:///Users/emanuelaharonoff/Development/code/web-js-oo-task-list-web-0616/tmpTestSupport/jasmine.js:1520:16
run@file:///Users/emanuelaharonoff/Development/code/web-js-oo-task-list-web-0616/tmpTestSupport/jasmine.js:1496:28
execute@file:///Users/emanuelaharonoff/Development/code/web-js-oo-task-list-web-0616/tmpTestSupport/jasmine.js:1485:13
queueRunnerFactory@file:///Users/emanuelaharonoff/Development/code/web-js-oo-task-list-web-0616/tmpTestSupport/jasmine.js:518:42
execute@file:///Users/emanuelaharonoff/Development/code/web-js-oo-task-list-web-0616/tmpTestSupport/jasmine.js:1694:21
file:///Users/emanuelaharonoff/Development/code/web-js-oo-task-list-web-0616/tmpTestSupport/jasmine.js:1708:44
attemptAsync@file:///Users/emanuelaharonoff/Development/code/web-js-oo-task-list-web-0616/tmpTestSupport/jasmine.js:1520:16
run@file:///Users/emanuelaharonoff/Development/code/web-js-oo-task-list-web-0616/tmpTestSupport/jasmine.js:1496:28
next@file:///Users/emanuelaharonoff/Development/code/web-js-oo-task-list-web-0616/tmpTestSupport/jasmine.js:1517:40
complete@file:///Users/emanuelaharonoff/Development/code/web-js-oo-task-list-web-0616/tmpTestSupport/jasmine.js:1703:19			</failure>
		</testcase>
		<testcase classname="Lists Controller" name="creating a new List Controller should have a $selectListMenu property that holds a selected element with the id &amp;apos;#select_list&amp;apos;" time="0.001">
			<failure type="" message="ReferenceError: Can&amp;apos;t find variable: ListsController in file:///Users/emanuelaharonoff/Development/code/web-js-oo-task-list-web-0616/spec/lists.controller.spec.js (line 9)">
file:///Users/emanuelaharonoff/Development/code/web-js-oo-task-list-web-0616/spec/lists.controller.spec.js:9:42
attemptSync@file:///Users/emanuelaharonoff/Development/code/web-js-oo-task-list-web-0616/tmpTestSupport/jasmine.js:1510:16
run@file:///Users/emanuelaharonoff/Development/code/web-js-oo-task-list-web-0616/tmpTestSupport/jasmine.js:1498:20
execute@file:///Users/emanuelaharonoff/Development/code/web-js-oo-task-list-web-0616/tmpTestSupport/jasmine.js:1485:13
queueRunnerFactory@file:///Users/emanuelaharonoff/Development/code/web-js-oo-task-list-web-0616/tmpTestSupport/jasmine.js:518:42
execute@file:///Users/emanuelaharonoff/Development/code/web-js-oo-task-list-web-0616/tmpTestSupport/jasmine.js:306:28
file:///Users/emanuelaharonoff/Development/code/web-js-oo-task-list-web-0616/tmpTestSupport/jasmine.js:1708:44
attemptAsync@file:///Users/emanuelaharonoff/Development/code/web-js-oo-task-list-web-0616/tmpTestSupport/jasmine.js:1520:16
run@file:///Users/emanuelaharonoff/Development/code/web-js-oo-task-list-web-0616/tmpTestSupport/jasmine.js:1496:28
next@file:///Users/emanuelaharonoff/Development/code/web-js-oo-task-list-web-0616/tmpTestSupport/jasmine.js:1517:40
complete@file:///Users/emanuelaharonoff/Development/code/web-js-oo-task-list-web-0616/tmpTestSupport/jasmine.js:333:19
clearStack@file:///Users/emanuelaharonoff/Development/code/web-js-oo-task-list-web-0616/tmpTestSupport/jasmine.js:506:11
run@file:///Users/emanuelaharonoff/Development/code/web-js-oo-task-list-web-0616/tmpTestSupport/jasmine.js:1505:22
execute@file:///Users/emanuelaharonoff/Development/code/web-js-oo-task-list-web-0616/tmpTestSupport/jasmine.js:1485:13
queueRunnerFactory@file:///Users/emanuelaharonoff/Development/code/web-js-oo-task-list-web-0616/tmpTestSupport/jasmine.js:518:42
execute@file:///Users/emanuelaharonoff/Development/code/web-js-oo-task-list-web-0616/tmpTestSupport/jasmine.js:306:28
file:///Users/emanuelaharonoff/Development/code/web-js-oo-task-list-web-0616/tmpTestSupport/jasmine.js:1708:44
attemptAsync@file:///Users/emanuelaharonoff/Development/code/web-js-oo-task-list-web-0616/tmpTestSupport/jasmine.js:1520:16
run@file:///Users/emanuelaharonoff/Development/code/web-js-oo-task-list-web-0616/tmpTestSupport/jasmine.js:1496:28
next@file:///Users/emanuelaharonoff/Development/code/web-js-oo-task-list-web-0616/tmpTestSupport/jasmine.js:1517:40
complete@file:///Users/emanuelaharonoff/Development/code/web-js-oo-task-list-web-0616/tmpTestSupport/jasmine.js:333:19
clearStack@file:///Users/emanuelaharonoff/Development/code/web-js-oo-task-list-web-0616/tmpTestSupport/jasmine.js:506:11
run@file:///Users/emanuelaharonoff/Development/code/web-js-oo-task-list-web-0616/tmpTestSupport/jasmine.js:1505:22
execute@file:///Users/emanuelaharonoff/Development/code/web-js-oo-task-list-web-0616/tmpTestSupport/jasmine.js:1485:13
queueRunnerFactory@file:///Users/emanuelaharonoff/Development/code/web-js-oo-task-list-web-0616/tmpTestSupport/jasmine.js:518:42
execute@file:///Users/emanuelaharonoff/Development/code/web-js-oo-task-list-web-0616/tmpTestSupport/jasmine.js:306:28
file:///Users/emanuelaharonoff/Development/code/web-js-oo-task-list-web-0616/tmpTestSupport/jasmine.js:1708:44
attemptAsync@file:///Users/emanuelaharonoff/Development/code/web-js-oo-task-list-web-0616/tmpTestSupport/jasmine.js:1520:16
run@file:///Users/emanuelaharonoff/Development/code/web-js-oo-task-list-web-0616/tmpTestSupport/jasmine.js:1496:28
execute@file:///Users/emanuelaharonoff/Development/code/web-js-oo-task-list-web-0616/tmpTestSupport/jasmine.js:1485:13
queueRunnerFactory@file:///Users/emanuelaharonoff/Development/code/web-js-oo-task-list-web-0616/tmpTestSupport/jasmine.js:518:42
execute@file:///Users/emanuelaharonoff/Development/code/web-js-oo-task-list-web-0616/tmpTestSupport/jasmine.js:1694:21
file:///Users/emanuelaharonoff/Development/code/web-js-oo-task-list-web-0616/tmpTestSupport/jasmine.js:1708:44
attemptAsync@file:///Users/emanuelaharonoff/Development/code/web-js-oo-task-list-web-0616/tmpTestSupport/jasmine.js:1520:16
run@file:///Users/emanuelaharonoff/Development/code/web-js-oo-task-list-web-0616/tmpTestSupport/jasmine.js:1496:28
execute@file:///Users/emanuelaharonoff/Development/code/web-js-oo-task-list-web-0616/tmpTestSupport/jasmine.js:1485:13
queueRunnerFactory@file:///Users/emanuelaharonoff/Development/code/web-js-oo-task-list-web-0616/tmpTestSupport/jasmine.js:518:42
execute@file:///Users/emanuelaharonoff/Development/code/web-js-oo-task-list-web-0616/tmpTestSupport/jasmine.js:1694:21
file:///Users/emanuelaharonoff/Development/code/web-js-oo-task-list-web-0616/tmpTestSupport/jasmine.js:1708:44
attemptAsync@file:///Users/emanuelaharonoff/Development/code/web-js-oo-task-list-web-0616/tmpTestSupport/jasmine.js:1520:16
run@file:///Users/emanuelaharonoff/Development/code/web-js-oo-task-list-web-0616/tmpTestSupport/jasmine.js:1496:28
next@file:///Users/emanuelaharonoff/Development/code/web-js-oo-task-list-web-0616/tmpTestSupport/jasmine.js:1517:40
complete@file:///Users/emanuelaharonoff/Development/code/web-js-oo-task-list-web-0616/tmpTestSupport/jasmine.js:1703:19
clearStack@file:///Users/emanuelaharonoff/Development/code/web-js-oo-task-list-web-0616/tmpTestSupport/jasmine.js:506:11
run@file:///Users/emanuelaharonoff/Development/code/web-js-oo-task-list-web-0616/tmpTestSupport/jasmine.js:1505:22
next@file:///Users/emanuelaharonoff/Development/code/web-js-oo-task-list-web-0616/tmpTestSupport/jasmine.js:1517:40
complete@file:///Users/emanuelaharonoff/Development/code/web-js-oo-task-list-web-0616/tmpTestSupport/jasmine.js:1703:19
clearStack@file:///Users/emanuelaharonoff/Development/code/web-js-oo-task-list-web-0616/tmpTestSupport/jasmine.js:506:11
run@file:///Users/emanuelaharonoff/Development/code/web-js-oo-task-list-web-0616/tmpTestSupport/jasmine.js:1505:22
next@file:///Users/emanuelaharonoff/Development/code/web-js-oo-task-list-web-0616/tmpTestSupport/jasmine.js:1517:40
complete@file:///Users/emanuelaharonoff/Development/code/web-js-oo-task-list-web-0616/tmpTestSupport/jasmine.js:333:19
clearStack@file:///Users/emanuelaharonoff/Development/code/web-js-oo-task-list-web-0616/tmpTestSupport/jasmine.js:506:11
run@file:///Users/emanuelaharonoff/Development/code/web-js-oo-task-list-web-0616/tmpTestSupport/jasmine.js:1505:22
execute@file:///Users/emanuelaharonoff/Development/code/web-js-oo-task-list-web-0616/tmpTestSupport/jasmine.js:1485:13
queueRunnerFactory@file:///Users/emanuelaharonoff/Development/code/web-js-oo-task-list-web-0616/tmpTestSupport/jasmine.js:518:42
execute@file:///Users/emanuelaharonoff/Development/code/web-js-oo-task-list-web-0616/tmpTestSupport/jasmine.js:306:28
file:///Users/emanuelaharonoff/Development/code/web-js-oo-task-list-web-0616/tmpTestSupport/jasmine.js:1708:44
attemptAsync@file:///Users/emanuelaharonoff/Development/code/web-js-oo-task-list-web-0616/tmpTestSupport/jasmine.js:1520:16
run@file:///Users/emanuelaharonoff/Development/code/web-js-oo-task-list-web-0616/tmpTestSupport/jasmine.js:1496:28
next@file:///Users/emanuelaharonoff/Development/code/web-js-oo-task-list-web-0616/tmpTestSupport/jasmine.js:1517:40
complete@file:///Users/emanuelaharonoff/Development/code/web-js-oo-task-list-web-0616/tmpTestSupport/jasmine.js:333:19
clearStack@file:///Users/emanuelaharonoff/Development/code/web-js-oo-task-list-web-0616/tmpTestSupport/jasmine.js:506:11
run@file:///Users/emanuelaharonoff/Development/code/web-js-oo-task-list-web-0616/tmpTestSupport/jasmine.js:1505:22
execute@file:///Users/emanuelaharonoff/Development/code/web-js-oo-task-list-web-0616/tmpTestSupport/jasmine.js:1485:13
queueRunnerFactory@file:///Users/emanuelaharonoff/Development/code/web-js-oo-task-list-web-0616/tmpTestSupport/jasmine.js:518:42
execute@file:///Users/emanuelaharonoff/Development/code/web-js-oo-task-list-web-0616/tmpTestSupport/jasmine.js:306:28
file:///Users/emanuelaharonoff/Development/code/web-js-oo-task-list-web-0616/tmpTestSupport/jasmine.js:1708:44
attemptAsync@file:///Users/emanuelaharonoff/Development/code/web-js-oo-task-list-web-0616/tmpTestSupport/jasmine.js:1520:16
run@file:///Users/emanuelaharonoff/Development/code/web-js-oo-task-list-web-0616/tmpTestSupport/jasmine.js:1496:28
execute@file:///Users/emanuelaharonoff/Development/code/web-js-oo-task-list-web-0616/tmpTestSupport/jasmine.js:1485:13
queueRunnerFactory@file:///Users/emanuelaharonoff/Development/code/web-js-oo-task-list-web-0616/tmpTestSupport/jasmine.js:518:42
execute@file:///Users/emanuelaharonoff/Development/code/web-js-oo-task-list-web-0616/tmpTestSupport/jasmine.js:1694:21
file:///Users/emanuelaharonoff/Development/code/web-js-oo-task-list-web-0616/tmpTestSupport/jasmine.js:1708:44
attemptAsync@file:///Users/emanuelaharonoff/Development/code/web-js-oo-task-list-web-0616/tmpTestSupport/jasmine.js:1520:16
run@file:///Users/emanuelaharonoff/Development/code/web-js-oo-task-list-web-0616/tmpTestSupport/jasmine.js:1496:28
next@file:///Users/emanuelaharonoff/Development/code/web-js-oo-task-list-web-0616/tmpTestSupport/jasmine.js:1517:40
complete@file:///Users/emanuelaharonoff/Development/code/web-js-oo-task-list-web-0616/tmpTestSupport/jasmine.js:1703:19			</failure>
			<failure type="" message="TypeError: undefined is not an object (evaluating &amp;apos;listsController.$selectListMenu&amp;apos;) in file:///Users/emanuelaharonoff/Development/code/web-js-oo-task-list-web-0616/spec/lists.controller.spec.js (line 20)">
file:///Users/emanuelaharonoff/Development/code/web-js-oo-task-list-web-0616/spec/lists.controller.spec.js:20:29
attemptSync@file:///Users/emanuelaharonoff/Development/code/web-js-oo-task-list-web-0616/tmpTestSupport/jasmine.js:1510:16
run@file:///Users/emanuelaharonoff/Development/code/web-js-oo-task-list-web-0616/tmpTestSupport/jasmine.js:1498:20
execute@file:///Users/emanuelaharonoff/Development/code/web-js-oo-task-list-web-0616/tmpTestSupport/jasmine.js:1485:13
queueRunnerFactory@file:///Users/emanuelaharonoff/Development/code/web-js-oo-task-list-web-0616/tmpTestSupport/jasmine.js:518:42
execute@file:///Users/emanuelaharonoff/Development/code/web-js-oo-task-list-web-0616/tmpTestSupport/jasmine.js:306:28
file:///Users/emanuelaharonoff/Development/code/web-js-oo-task-list-web-0616/tmpTestSupport/jasmine.js:1708:44
attemptAsync@file:///Users/emanuelaharonoff/Development/code/web-js-oo-task-list-web-0616/tmpTestSupport/jasmine.js:1520:16
run@file:///Users/emanuelaharonoff/Development/code/web-js-oo-task-list-web-0616/tmpTestSupport/jasmine.js:1496:28
next@file:///Users/emanuelaharonoff/Development/code/web-js-oo-task-list-web-0616/tmpTestSupport/jasmine.js:1517:40
complete@file:///Users/emanuelaharonoff/Development/code/web-js-oo-task-list-web-0616/tmpTestSupport/jasmine.js:333:19
clearStack@file:///Users/emanuelaharonoff/Development/code/web-js-oo-task-list-web-0616/tmpTestSupport/jasmine.js:506:11
run@file:///Users/emanuelaharonoff/Development/code/web-js-oo-task-list-web-0616/tmpTestSupport/jasmine.js:1505:22
execute@file:///Users/emanuelaharonoff/Development/code/web-js-oo-task-list-web-0616/tmpTestSupport/jasmine.js:1485:13
queueRunnerFactory@file:///Users/emanuelaharonoff/Development/code/web-js-oo-task-list-web-0616/tmpTestSupport/jasmine.js:518:42
execute@file:///Users/emanuelaharonoff/Development/code/web-js-oo-task-list-web-0616/tmpTestSupport/jasmine.js:306:28
file:///Users/emanuelaharonoff/Development/code/web-js-oo-task-list-web-0616/tmpTestSupport/jasmine.js:1708:44
attemptAsync@file:///Users/emanuelaharonoff/Development/code/web-js-oo-task-list-web-0616/tmpTestSupport/jasmine.js:1520:16
run@file:///Users/emanuelaharonoff/Development/code/web-js-oo-task-list-web-0616/tmpTestSupport/jasmine.js:1496:28
next@file:///Users/emanuelaharonoff/Development/code/web-js-oo-task-list-web-0616/tmpTestSupport/jasmine.js:1517:40
complete@file:///Users/emanuelaharonoff/Development/code/web-js-oo-task-list-web-0616/tmpTestSupport/jasmine.js:333:19
clearStack@file:///Users/emanuelaharonoff/Development/code/web-js-oo-task-list-web-0616/tmpTestSupport/jasmine.js:506:11
run@file:///Users/emanuelaharonoff/Development/code/web-js-oo-task-list-web-0616/tmpTestSupport/jasmine.js:1505:22
execute@file:///Users/emanuelaharonoff/Development/code/web-js-oo-task-list-web-0616/tmpTestSupport/jasmine.js:1485:13
queueRunnerFactory@file:///Users/emanuelaharonoff/Development/code/web-js-oo-task-list-web-0616/tmpTestSupport/jasmine.js:518:42
execute@file:///Users/emanuelaharonoff/Development/code/web-js-oo-task-list-web-0616/tmpTestSupport/jasmine.js:306:28
file:///Users/emanuelaharonoff/Development/code/web-js-oo-task-list-web-0616/tmpTestSupport/jasmine.js:1708:44
attemptAsync@file:///Users/emanuelaharonoff/Development/code/web-js-oo-task-list-web-0616/tmpTestSupport/jasmine.js:1520:16
run@file:///Users/emanuelaharonoff/Development/code/web-js-oo-task-list-web-0616/tmpTestSupport/jasmine.js:1496:28
execute@file:///Users/emanuelaharonoff/Development/code/web-js-oo-task-list-web-0616/tmpTestSupport/jasmine.js:1485:13
queueRunnerFactory@file:///Users/emanuelaharonoff/Development/code/web-js-oo-task-list-web-0616/tmpTestSupport/jasmine.js:518:42
execute@file:///Users/emanuelaharonoff/Development/code/web-js-oo-task-list-web-0616/tmpTestSupport/jasmine.js:1694:21
file:///Users/emanuelaharonoff/Development/code/web-js-oo-task-list-web-0616/tmpTestSupport/jasmine.js:1708:44
attemptAsync@file:///Users/emanuelaharonoff/Development/code/web-js-oo-task-list-web-0616/tmpTestSupport/jasmine.js:1520:16
run@file:///Users/emanuelaharonoff/Development/code/web-js-oo-task-list-web-0616/tmpTestSupport/jasmine.js:1496:28
execute@file:///Users/emanuelaharonoff/Development/code/web-js-oo-task-list-web-0616/tmpTestSupport/jasmine.js:1485:13
queueRunnerFactory@file:///Users/emanuelaharonoff/Development/code/web-js-oo-task-list-web-0616/tmpTestSupport/jasmine.js:518:42
execute@file:///Users/emanuelaharonoff/Development/code/web-js-oo-task-list-web-0616/tmpTestSupport/jasmine.js:1694:21
file:///Users/emanuelaharonoff/Development/code/web-js-oo-task-list-web-0616/tmpTestSupport/jasmine.js:1708:44
attemptAsync@file:///Users/emanuelaharonoff/Development/code/web-js-oo-task-list-web-0616/tmpTestSupport/jasmine.js:1520:16
run@file:///Users/emanuelaharonoff/Development/code/web-js-oo-task-list-web-0616/tmpTestSupport/jasmine.js:1496:28
next@file:///Users/emanuelaharonoff/Development/code/web-js-oo-task-list-web-0616/tmpTestSupport/jasmine.js:1517:40
complete@file:///Users/emanuelaharonoff/Development/code/web-js-oo-task-list-web-0616/tmpTestSupport/jasmine.js:1703:19
clearStack@file:///Users/emanuelaharonoff/Development/code/web-js-oo-task-list-web-0616/tmpTestSupport/jasmine.js:506:11
run@file:///Users/emanuelaharonoff/Development/code/web-js-oo-task-list-web-0616/tmpTestSupport/jasmine.js:1505:22
next@file:///Users/emanuelaharonoff/Development/code/web-js-oo-task-list-web-0616/tmpTestSupport/jasmine.js:1517:40
complete@file:///Users/emanuelaharonoff/Development/code/web-js-oo-task-list-web-0616/tmpTestSupport/jasmine.js:1703:19
clearStack@file:///Users/emanuelaharonoff/Development/code/web-js-oo-task-list-web-0616/tmpTestSupport/jasmine.js:506:11
run@file:///Users/emanuelaharonoff/Development/code/web-js-oo-task-list-web-0616/tmpTestSupport/jasmine.js:1505:22
next@file:///Users/emanuelaharonoff/Development/code/web-js-oo-task-list-web-0616/tmpTestSupport/jasmine.js:1517:40
complete@file:///Users/emanuelaharonoff/Development/code/web-js-oo-task-list-web-0616/tmpTestSupport/jasmine.js:333:19
clearStack@file:///Users/emanuelaharonoff/Development/code/web-js-oo-task-list-web-0616/tmpTestSupport/jasmine.js:506:11
run@file:///Users/emanuelaharonoff/Development/code/web-js-oo-task-list-web-0616/tmpTestSupport/jasmine.js:1505:22
execute@file:///Users/emanuelaharonoff/Development/code/web-js-oo-task-list-web-0616/tmpTestSupport/jasmine.js:1485:13
queueRunnerFactory@file:///Users/emanuelaharonoff/Development/code/web-js-oo-task-list-web-0616/tmpTestSupport/jasmine.js:518:42
execute@file:///Users/emanuelaharonoff/Development/code/web-js-oo-task-list-web-0616/tmpTestSupport/jasmine.js:306:28
file:///Users/emanuelaharonoff/Development/code/web-js-oo-task-list-web-0616/tmpTestSupport/jasmine.js:1708:44
attemptAsync@file:///Users/emanuelaharonoff/Development/code/web-js-oo-task-list-web-0616/tmpTestSupport/jasmine.js:1520:16
run@file:///Users/emanuelaharonoff/Development/code/web-js-oo-task-list-web-0616/tmpTestSupport/jasmine.js:1496:28
next@file:///Users/emanuelaharonoff/Development/code/web-js-oo-task-list-web-0616/tmpTestSupport/jasmine.js:1517:40
complete@file:///Users/emanuelaharonoff/Development/code/web-js-oo-task-list-web-0616/tmpTestSupport/jasmine.js:333:19
clearStack@file:///Users/emanuelaharonoff/Development/code/web-js-oo-task-list-web-0616/tmpTestSupport/jasmine.js:506:11
run@file:///Users/emanuelaharonoff/Development/code/web-js-oo-task-list-web-0616/tmpTestSupport/jasmine.js:1505:22
execute@file:///Users/emanuelaharonoff/Development/code/web-js-oo-task-list-web-0616/tmpTestSupport/jasmine.js:1485:13
queueRunnerFactory@file:///Users/emanuelaharonoff/Development/code/web-js-oo-task-list-web-0616/tmpTestSupport/jasmine.js:518:42
execute@file:///Users/emanuelaharonoff/Development/code/web-js-oo-task-list-web-0616/tmpTestSupport/jasmine.js:306:28
file:///Users/emanuelaharonoff/Development/code/web-js-oo-task-list-web-0616/tmpTestSupport/jasmine.js:1708:44
attemptAsync@file:///Users/emanuelaharonoff/Development/code/web-js-oo-task-list-web-0616/tmpTestSupport/jasmine.js:1520:16
run@file:///Users/emanuelaharonoff/Development/code/web-js-oo-task-list-web-0616/tmpTestSupport/jasmine.js:1496:28
execute@file:///Users/emanuelaharonoff/Development/code/web-js-oo-task-list-web-0616/tmpTestSupport/jasmine.js:1485:13
queueRunnerFactory@file:///Users/emanuelaharonoff/Development/code/web-js-oo-task-list-web-0616/tmpTestSupport/jasmine.js:518:42
execute@file:///Users/emanuelaharonoff/Development/code/web-js-oo-task-list-web-0616/tmpTestSupport/jasmine.js:1694:21
file:///Users/emanuelaharonoff/Development/code/web-js-oo-task-list-web-0616/tmpTestSupport/jasmine.js:1708:44
attemptAsync@file:///Users/emanuelaharonoff/Development/code/web-js-oo-task-list-web-0616/tmpTestSupport/jasmine.js:1520:16
run@file:///Users/emanuelaharonoff/Development/code/web-js-oo-task-list-web-0616/tmpTestSupport/jasmine.js:1496:28
next@file:///Users/emanuelaharonoff/Development/code/web-js-oo-task-list-web-0616/tmpTestSupport/jasmine.js:1517:40
complete@file:///Users/emanuelaharonoff/Development/code/web-js-oo-task-list-web-0616/tmpTestSupport/jasmine.js:1703:19			</failure>
		</testcase>
		<testcase classname="Lists Controller" name="creating a new List Controller should have a $addTaskForm property that holds a selected element with the id &amp;apos;#add_task&amp;apos;" time="0.001">
			<failure type="" message="ReferenceError: Can&amp;apos;t find variable: ListsController in file:///Users/emanuelaharonoff/Development/code/web-js-oo-task-list-web-0616/spec/lists.controller.spec.js (line 9)">
file:///Users/emanuelaharonoff/Development/code/web-js-oo-task-list-web-0616/spec/lists.controller.spec.js:9:42
attemptSync@file:///Users/emanuelaharonoff/Development/code/web-js-oo-task-list-web-0616/tmpTestSupport/jasmine.js:1510:16
run@file:///Users/emanuelaharonoff/Development/code/web-js-oo-task-list-web-0616/tmpTestSupport/jasmine.js:1498:20
execute@file:///Users/emanuelaharonoff/Development/code/web-js-oo-task-list-web-0616/tmpTestSupport/jasmine.js:1485:13
queueRunnerFactory@file:///Users/emanuelaharonoff/Development/code/web-js-oo-task-list-web-0616/tmpTestSupport/jasmine.js:518:42
execute@file:///Users/emanuelaharonoff/Development/code/web-js-oo-task-list-web-0616/tmpTestSupport/jasmine.js:306:28
file:///Users/emanuelaharonoff/Development/code/web-js-oo-task-list-web-0616/tmpTestSupport/jasmine.js:1708:44
attemptAsync@file:///Users/emanuelaharonoff/Development/code/web-js-oo-task-list-web-0616/tmpTestSupport/jasmine.js:1520:16
run@file:///Users/emanuelaharonoff/Development/code/web-js-oo-task-list-web-0616/tmpTestSupport/jasmine.js:1496:28
next@file:///Users/emanuelaharonoff/Development/code/web-js-oo-task-list-web-0616/tmpTestSupport/jasmine.js:1517:40
complete@file:///Users/emanuelaharonoff/Development/code/web-js-oo-task-list-web-0616/tmpTestSupport/jasmine.js:333:19
clearStack@file:///Users/emanuelaharonoff/Development/code/web-js-oo-task-list-web-0616/tmpTestSupport/jasmine.js:506:11
run@file:///Users/emanuelaharonoff/Development/code/web-js-oo-task-list-web-0616/tmpTestSupport/jasmine.js:1505:22
execute@file:///Users/emanuelaharonoff/Development/code/web-js-oo-task-list-web-0616/tmpTestSupport/jasmine.js:1485:13
queueRunnerFactory@file:///Users/emanuelaharonoff/Development/code/web-js-oo-task-list-web-0616/tmpTestSupport/jasmine.js:518:42
execute@file:///Users/emanuelaharonoff/Development/code/web-js-oo-task-list-web-0616/tmpTestSupport/jasmine.js:306:28
file:///Users/emanuelaharonoff/Development/code/web-js-oo-task-list-web-0616/tmpTestSupport/jasmine.js:1708:44
attemptAsync@file:///Users/emanuelaharonoff/Development/code/web-js-oo-task-list-web-0616/tmpTestSupport/jasmine.js:1520:16
run@file:///Users/emanuelaharonoff/Development/code/web-js-oo-task-list-web-0616/tmpTestSupport/jasmine.js:1496:28
next@file:///Users/emanuelaharonoff/Development/code/web-js-oo-task-list-web-0616/tmpTestSupport/jasmine.js:1517:40
complete@file:///Users/emanuelaharonoff/Development/code/web-js-oo-task-list-web-0616/tmpTestSupport/jasmine.js:333:19
clearStack@file:///Users/emanuelaharonoff/Development/code/web-js-oo-task-list-web-0616/tmpTestSupport/jasmine.js:506:11
run@file:///Users/emanuelaharonoff/Development/code/web-js-oo-task-list-web-0616/tmpTestSupport/jasmine.js:1505:22
execute@file:///Users/emanuelaharonoff/Development/code/web-js-oo-task-list-web-0616/tmpTestSupport/jasmine.js:1485:13
queueRunnerFactory@file:///Users/emanuelaharonoff/Development/code/web-js-oo-task-list-web-0616/tmpTestSupport/jasmine.js:518:42
execute@file:///Users/emanuelaharonoff/Development/code/web-js-oo-task-list-web-0616/tmpTestSupport/jasmine.js:306:28
file:///Users/emanuelaharonoff/Development/code/web-js-oo-task-list-web-0616/tmpTestSupport/jasmine.js:1708:44
attemptAsync@file:///Users/emanuelaharonoff/Development/code/web-js-oo-task-list-web-0616/tmpTestSupport/jasmine.js:1520:16
run@file:///Users/emanuelaharonoff/Development/code/web-js-oo-task-list-web-0616/tmpTestSupport/jasmine.js:1496:28
next@file:///Users/emanuelaharonoff/Development/code/web-js-oo-task-list-web-0616/tmpTestSupport/jasmine.js:1517:40
complete@file:///Users/emanuelaharonoff/Development/code/web-js-oo-task-list-web-0616/tmpTestSupport/jasmine.js:333:19
clearStack@file:///Users/emanuelaharonoff/Development/code/web-js-oo-task-list-web-0616/tmpTestSupport/jasmine.js:506:11
run@file:///Users/emanuelaharonoff/Development/code/web-js-oo-task-list-web-0616/tmpTestSupport/jasmine.js:1505:22
execute@file:///Users/emanuelaharonoff/Development/code/web-js-oo-task-list-web-0616/tmpTestSupport/jasmine.js:1485:13
queueRunnerFactory@file:///Users/emanuelaharonoff/Development/code/web-js-oo-task-list-web-0616/tmpTestSupport/jasmine.js:518:42
execute@file:///Users/emanuelaharonoff/Development/code/web-js-oo-task-list-web-0616/tmpTestSupport/jasmine.js:306:28
file:///Users/emanuelaharonoff/Development/code/web-js-oo-task-list-web-0616/tmpTestSupport/jasmine.js:1708:44
attemptAsync@file:///Users/emanuelaharonoff/Development/code/web-js-oo-task-list-web-0616/tmpTestSupport/jasmine.js:1520:16
run@file:///Users/emanuelaharonoff/Development/code/web-js-oo-task-list-web-0616/tmpTestSupport/jasmine.js:1496:28
execute@file:///Users/emanuelaharonoff/Development/code/web-js-oo-task-list-web-0616/tmpTestSupport/jasmine.js:1485:13
queueRunnerFactory@file:///Users/emanuelaharonoff/Development/code/web-js-oo-task-list-web-0616/tmpTestSupport/jasmine.js:518:42
execute@file:///Users/emanuelaharonoff/Development/code/web-js-oo-task-list-web-0616/tmpTestSupport/jasmine.js:1694:21
file:///Users/emanuelaharonoff/Development/code/web-js-oo-task-list-web-0616/tmpTestSupport/jasmine.js:1708:44
attemptAsync@file:///Users/emanuelaharonoff/Development/code/web-js-oo-task-list-web-0616/tmpTestSupport/jasmine.js:1520:16
run@file:///Users/emanuelaharonoff/Development/code/web-js-oo-task-list-web-0616/tmpTestSupport/jasmine.js:1496:28
execute@file:///Users/emanuelaharonoff/Development/code/web-js-oo-task-list-web-0616/tmpTestSupport/jasmine.js:1485:13
queueRunnerFactory@file:///Users/emanuelaharonoff/Development/code/web-js-oo-task-list-web-0616/tmpTestSupport/jasmine.js:518:42
execute@file:///Users/emanuelaharonoff/Development/code/web-js-oo-task-list-web-0616/tmpTestSupport/jasmine.js:1694:21
file:///Users/emanuelaharonoff/Development/code/web-js-oo-task-list-web-0616/tmpTestSupport/jasmine.js:1708:44
attemptAsync@file:///Users/emanuelaharonoff/Development/code/web-js-oo-task-list-web-0616/tmpTestSupport/jasmine.js:1520:16
run@file:///Users/emanuelaharonoff/Development/code/web-js-oo-task-list-web-0616/tmpTestSupport/jasmine.js:1496:28
next@file:///Users/emanuelaharonoff/Development/code/web-js-oo-task-list-web-0616/tmpTestSupport/jasmine.js:1517:40
complete@file:///Users/emanuelaharonoff/Development/code/web-js-oo-task-list-web-0616/tmpTestSupport/jasmine.js:1703:19
clearStack@file:///Users/emanuelaharonoff/Development/code/web-js-oo-task-list-web-0616/tmpTestSupport/jasmine.js:506:11
run@file:///Users/emanuelaharonoff/Development/code/web-js-oo-task-list-web-0616/tmpTestSupport/jasmine.js:1505:22
next@file:///Users/emanuelaharonoff/Development/code/web-js-oo-task-list-web-0616/tmpTestSupport/jasmine.js:1517:40
complete@file:///Users/emanuelaharonoff/Development/code/web-js-oo-task-list-web-0616/tmpTestSupport/jasmine.js:1703:19
clearStack@file:///Users/emanuelaharonoff/Development/code/web-js-oo-task-list-web-0616/tmpTestSupport/jasmine.js:506:11
run@file:///Users/emanuelaharonoff/Development/code/web-js-oo-task-list-web-0616/tmpTestSupport/jasmine.js:1505:22
next@file:///Users/emanuelaharonoff/Development/code/web-js-oo-task-list-web-0616/tmpTestSupport/jasmine.js:1517:40
complete@file:///Users/emanuelaharonoff/Development/code/web-js-oo-task-list-web-0616/tmpTestSupport/jasmine.js:333:19
clearStack@file:///Users/emanuelaharonoff/Development/code/web-js-oo-task-list-web-0616/tmpTestSupport/jasmine.js:506:11
run@file:///Users/emanuelaharonoff/Development/code/web-js-oo-task-list-web-0616/tmpTestSupport/jasmine.js:1505:22
execute@file:///Users/emanuelaharonoff/Development/code/web-js-oo-task-list-web-0616/tmpTestSupport/jasmine.js:1485:13
queueRunnerFactory@file:///Users/emanuelaharonoff/Development/code/web-js-oo-task-list-web-0616/tmpTestSupport/jasmine.js:518:42
execute@file:///Users/emanuelaharonoff/Development/code/web-js-oo-task-list-web-0616/tmpTestSupport/jasmine.js:306:28
file:///Users/emanuelaharonoff/Development/code/web-js-oo-task-list-web-0616/tmpTestSupport/jasmine.js:1708:44
attemptAsync@file:///Users/emanuelaharonoff/Development/code/web-js-oo-task-list-web-0616/tmpTestSupport/jasmine.js:1520:16
run@file:///Users/emanuelaharonoff/Development/code/web-js-oo-task-list-web-0616/tmpTestSupport/jasmine.js:1496:28
next@file:///Users/emanuelaharonoff/Development/code/web-js-oo-task-list-web-0616/tmpTestSupport/jasmine.js:1517:40
complete@file:///Users/emanuelaharonoff/Development/code/web-js-oo-task-list-web-0616/tmpTestSupport/jasmine.js:333:19
clearStack@file:///Users/emanuelaharonoff/Development/code/web-js-oo-task-list-web-0616/tmpTestSupport/jasmine.js:506:11
run@file:///Users/emanuelaharonoff/Development/code/web-js-oo-task-list-web-0616/tmpTestSupport/jasmine.js:1505:22
execute@file:///Users/emanuelaharonoff/Development/code/web-js-oo-task-list-web-0616/tmpTestSupport/jasmine.js:1485:13
queueRunnerFactory@file:///Users/emanuelaharonoff/Development/code/web-js-oo-task-list-web-0616/tmpTestSupport/jasmine.js:518:42
execute@file:///Users/emanuelaharonoff/Development/code/web-js-oo-task-list-web-0616/tmpTestSupport/jasmine.js:306:28
file:///Users/emanuelaharonoff/Development/code/web-js-oo-task-list-web-0616/tmpTestSupport/jasmine.js:1708:44
attemptAsync@file:///Users/emanuelaharonoff/Development/code/web-js-oo-task-list-web-0616/tmpTestSupport/jasmine.js:1520:16
run@file:///Users/emanuelaharonoff/Development/code/web-js-oo-task-list-web-0616/tmpTestSupport/jasmine.js:1496:28
execute@file:///Users/emanuelaharonoff/Development/code/web-js-oo-task-list-web-0616/tmpTestSupport/jasmine.js:1485:13
queueRunnerFactory@file:///Users/emanuelaharonoff/Development/code/web-js-oo-task-list-web-0616/tmpTestSupport/jasmine.js:518:42
execute@file:///Users/emanuelaharonoff/Development/code/web-js-oo-task-list-web-0616/tmpTestSupport/jasmine.js:1694:21
file:///Users/emanuelaharonoff/Development/code/web-js-oo-task-list-web-0616/tmpTestSupport/jasmine.js:1708:44
attemptAsync@file:///Users/emanuelaharonoff/Development/code/web-js-oo-task-list-web-0616/tmpTestSupport/jasmine.js:1520:16
run@file:///Users/emanuelaharonoff/Development/code/web-js-oo-task-list-web-0616/tmpTestSupport/jasmine.js:1496:28
next@file:///Users/emanuelaharonoff/Development/code/web-js-oo-task-list-web-0616/tmpTestSupport/jasmine.js:1517:40
complete@file:///Users/emanuelaharonoff/Development/code/web-js-oo-task-list-web-0616/tmpTestSupport/jasmine.js:1703:19			</failure>
			<failure type="" message="TypeError: undefined is not an object (evaluating &amp;apos;listsController.$addTaskForm&amp;apos;) in file:///Users/emanuelaharonoff/Development/code/web-js-oo-task-list-web-0616/spec/lists.controller.spec.js (line 23)">
file:///Users/emanuelaharonoff/Development/code/web-js-oo-task-list-web-0616/spec/lists.controller.spec.js:23:29
attemptSync@file:///Users/emanuelaharonoff/Development/code/web-js-oo-task-list-web-0616/tmpTestSupport/jasmine.js:1510:16
run@file:///Users/emanuelaharonoff/Development/code/web-js-oo-task-list-web-0616/tmpTestSupport/jasmine.js:1498:20
execute@file:///Users/emanuelaharonoff/Development/code/web-js-oo-task-list-web-0616/tmpTestSupport/jasmine.js:1485:13
queueRunnerFactory@file:///Users/emanuelaharonoff/Development/code/web-js-oo-task-list-web-0616/tmpTestSupport/jasmine.js:518:42
execute@file:///Users/emanuelaharonoff/Development/code/web-js-oo-task-list-web-0616/tmpTestSupport/jasmine.js:306:28
file:///Users/emanuelaharonoff/Development/code/web-js-oo-task-list-web-0616/tmpTestSupport/jasmine.js:1708:44
attemptAsync@file:///Users/emanuelaharonoff/Development/code/web-js-oo-task-list-web-0616/tmpTestSupport/jasmine.js:1520:16
run@file:///Users/emanuelaharonoff/Development/code/web-js-oo-task-list-web-0616/tmpTestSupport/jasmine.js:1496:28
next@file:///Users/emanuelaharonoff/Development/code/web-js-oo-task-list-web-0616/tmpTestSupport/jasmine.js:1517:40
complete@file:///Users/emanuelaharonoff/Development/code/web-js-oo-task-list-web-0616/tmpTestSupport/jasmine.js:333:19
clearStack@file:///Users/emanuelaharonoff/Development/code/web-js-oo-task-list-web-0616/tmpTestSupport/jasmine.js:506:11
run@file:///Users/emanuelaharonoff/Development/code/web-js-oo-task-list-web-0616/tmpTestSupport/jasmine.js:1505:22
execute@file:///Users/emanuelaharonoff/Development/code/web-js-oo-task-list-web-0616/tmpTestSupport/jasmine.js:1485:13
queueRunnerFactory@file:///Users/emanuelaharonoff/Development/code/web-js-oo-task-list-web-0616/tmpTestSupport/jasmine.js:518:42
execute@file:///Users/emanuelaharonoff/Development/code/web-js-oo-task-list-web-0616/tmpTestSupport/jasmine.js:306:28
file:///Users/emanuelaharonoff/Development/code/web-js-oo-task-list-web-0616/tmpTestSupport/jasmine.js:1708:44
attemptAsync@file:///Users/emanuelaharonoff/Development/code/web-js-oo-task-list-web-0616/tmpTestSupport/jasmine.js:1520:16
run@file:///Users/emanuelaharonoff/Development/code/web-js-oo-task-list-web-0616/tmpTestSupport/jasmine.js:1496:28
next@file:///Users/emanuelaharonoff/Development/code/web-js-oo-task-list-web-0616/tmpTestSupport/jasmine.js:1517:40
complete@file:///Users/emanuelaharonoff/Development/code/web-js-oo-task-list-web-0616/tmpTestSupport/jasmine.js:333:19
clearStack@file:///Users/emanuelaharonoff/Development/code/web-js-oo-task-list-web-0616/tmpTestSupport/jasmine.js:506:11
run@file:///Users/emanuelaharonoff/Development/code/web-js-oo-task-list-web-0616/tmpTestSupport/jasmine.js:1505:22
execute@file:///Users/emanuelaharonoff/Development/code/web-js-oo-task-list-web-0616/tmpTestSupport/jasmine.js:1485:13
queueRunnerFactory@file:///Users/emanuelaharonoff/Development/code/web-js-oo-task-list-web-0616/tmpTestSupport/jasmine.js:518:42
execute@file:///Users/emanuelaharonoff/Development/code/web-js-oo-task-list-web-0616/tmpTestSupport/jasmine.js:306:28
file:///Users/emanuelaharonoff/Development/code/web-js-oo-task-list-web-0616/tmpTestSupport/jasmine.js:1708:44
attemptAsync@file:///Users/emanuelaharonoff/Development/code/web-js-oo-task-list-web-0616/tmpTestSupport/jasmine.js:1520:16
run@file:///Users/emanuelaharonoff/Development/code/web-js-oo-task-list-web-0616/tmpTestSupport/jasmine.js:1496:28
next@file:///Users/emanuelaharonoff/Development/code/web-js-oo-task-list-web-0616/tmpTestSupport/jasmine.js:1517:40
complete@file:///Users/emanuelaharonoff/Development/code/web-js-oo-task-list-web-0616/tmpTestSupport/jasmine.js:333:19
clearStack@file:///Users/emanuelaharonoff/Development/code/web-js-oo-task-list-web-0616/tmpTestSupport/jasmine.js:506:11
run@file:///Users/emanuelaharonoff/Development/code/web-js-oo-task-list-web-0616/tmpTestSupport/jasmine.js:1505:22
execute@file:///Users/emanuelaharonoff/Development/code/web-js-oo-task-list-web-0616/tmpTestSupport/jasmine.js:1485:13
queueRunnerFactory@file:///Users/emanuelaharonoff/Development/code/web-js-oo-task-list-web-0616/tmpTestSupport/jasmine.js:518:42
execute@file:///Users/emanuelaharonoff/Development/code/web-js-oo-task-list-web-0616/tmpTestSupport/jasmine.js:306:28
file:///Users/emanuelaharonoff/Development/code/web-js-oo-task-list-web-0616/tmpTestSupport/jasmine.js:1708:44
attemptAsync@file:///Users/emanuelaharonoff/Development/code/web-js-oo-task-list-web-0616/tmpTestSupport/jasmine.js:1520:16
run@file:///Users/emanuelaharonoff/Development/code/web-js-oo-task-list-web-0616/tmpTestSupport/jasmine.js:1496:28
execute@file:///Users/emanuelaharonoff/Development/code/web-js-oo-task-list-web-0616/tmpTestSupport/jasmine.js:1485:13
queueRunnerFactory@file:///Users/emanuelaharonoff/Development/code/web-js-oo-task-list-web-0616/tmpTestSupport/jasmine.js:518:42
execute@file:///Users/emanuelaharonoff/Development/code/web-js-oo-task-list-web-0616/tmpTestSupport/jasmine.js:1694:21
file:///Users/emanuelaharonoff/Development/code/web-js-oo-task-list-web-0616/tmpTestSupport/jasmine.js:1708:44
attemptAsync@file:///Users/emanuelaharonoff/Development/code/web-js-oo-task-list-web-0616/tmpTestSupport/jasmine.js:1520:16
run@file:///Users/emanuelaharonoff/Development/code/web-js-oo-task-list-web-0616/tmpTestSupport/jasmine.js:1496:28
execute@file:///Users/emanuelaharonoff/Development/code/web-js-oo-task-list-web-0616/tmpTestSupport/jasmine.js:1485:13
queueRunnerFactory@file:///Users/emanuelaharonoff/Development/code/web-js-oo-task-list-web-0616/tmpTestSupport/jasmine.js:518:42
execute@file:///Users/emanuelaharonoff/Development/code/web-js-oo-task-list-web-0616/tmpTestSupport/jasmine.js:1694:21
file:///Users/emanuelaharonoff/Development/code/web-js-oo-task-list-web-0616/tmpTestSupport/jasmine.js:1708:44
attemptAsync@file:///Users/emanuelaharonoff/Development/code/web-js-oo-task-list-web-0616/tmpTestSupport/jasmine.js:1520:16
run@file:///Users/emanuelaharonoff/Development/code/web-js-oo-task-list-web-0616/tmpTestSupport/jasmine.js:1496:28
next@file:///Users/emanuelaharonoff/Development/code/web-js-oo-task-list-web-0616/tmpTestSupport/jasmine.js:1517:40
complete@file:///Users/emanuelaharonoff/Development/code/web-js-oo-task-list-web-0616/tmpTestSupport/jasmine.js:1703:19
clearStack@file:///Users/emanuelaharonoff/Development/code/web-js-oo-task-list-web-0616/tmpTestSupport/jasmine.js:506:11
run@file:///Users/emanuelaharonoff/Development/code/web-js-oo-task-list-web-0616/tmpTestSupport/jasmine.js:1505:22
next@file:///Users/emanuelaharonoff/Development/code/web-js-oo-task-list-web-0616/tmpTestSupport/jasmine.js:1517:40
complete@file:///Users/emanuelaharonoff/Development/code/web-js-oo-task-list-web-0616/tmpTestSupport/jasmine.js:1703:19
clearStack@file:///Users/emanuelaharonoff/Development/code/web-js-oo-task-list-web-0616/tmpTestSupport/jasmine.js:506:11
run@file:///Users/emanuelaharonoff/Development/code/web-js-oo-task-list-web-0616/tmpTestSupport/jasmine.js:1505:22
next@file:///Users/emanuelaharonoff/Development/code/web-js-oo-task-list-web-0616/tmpTestSupport/jasmine.js:1517:40
complete@file:///Users/emanuelaharonoff/Development/code/web-js-oo-task-list-web-0616/tmpTestSupport/jasmine.js:333:19
clearStack@file:///Users/emanuelaharonoff/Development/code/web-js-oo-task-list-web-0616/tmpTestSupport/jasmine.js:506:11
run@file:///Users/emanuelaharonoff/Development/code/web-js-oo-task-list-web-0616/tmpTestSupport/jasmine.js:1505:22
execute@file:///Users/emanuelaharonoff/Development/code/web-js-oo-task-list-web-0616/tmpTestSupport/jasmine.js:1485:13
queueRunnerFactory@file:///Users/emanuelaharonoff/Development/code/web-js-oo-task-list-web-0616/tmpTestSupport/jasmine.js:518:42
execute@file:///Users/emanuelaharonoff/Development/code/web-js-oo-task-list-web-0616/tmpTestSupport/jasmine.js:306:28
file:///Users/emanuelaharonoff/Development/code/web-js-oo-task-list-web-0616/tmpTestSupport/jasmine.js:1708:44
attemptAsync@file:///Users/emanuelaharonoff/Development/code/web-js-oo-task-list-web-0616/tmpTestSupport/jasmine.js:1520:16
run@file:///Users/emanuelaharonoff/Development/code/web-js-oo-task-list-web-0616/tmpTestSupport/jasmine.js:1496:28
next@file:///Users/emanuelaharonoff/Development/code/web-js-oo-task-list-web-0616/tmpTestSupport/jasmine.js:1517:40
complete@file:///Users/emanuelaharonoff/Development/code/web-js-oo-task-list-web-0616/tmpTestSupport/jasmine.js:333:19
clearStack@file:///Users/emanuelaharonoff/Development/code/web-js-oo-task-list-web-0616/tmpTestSupport/jasmine.js:506:11
run@file:///Users/emanuelaharonoff/Development/code/web-js-oo-task-list-web-0616/tmpTestSupport/jasmine.js:1505:22
execute@file:///Users/emanuelaharonoff/Development/code/web-js-oo-task-list-web-0616/tmpTestSupport/jasmine.js:1485:13
queueRunnerFactory@file:///Users/emanuelaharonoff/Development/code/web-js-oo-task-list-web-0616/tmpTestSupport/jasmine.js:518:42
execute@file:///Users/emanuelaharonoff/Development/code/web-js-oo-task-list-web-0616/tmpTestSupport/jasmine.js:306:28
file:///Users/emanuelaharonoff/Development/code/web-js-oo-task-list-web-0616/tmpTestSupport/jasmine.js:1708:44
attemptAsync@file:///Users/emanuelaharonoff/Development/code/web-js-oo-task-list-web-0616/tmpTestSupport/jasmine.js:1520:16
run@file:///Users/emanuelaharonoff/Development/code/web-js-oo-task-list-web-0616/tmpTestSupport/jasmine.js:1496:28
execute@file:///Users/emanuelaharonoff/Development/code/web-js-oo-task-list-web-0616/tmpTestSupport/jasmine.js:1485:13
queueRunnerFactory@file:///Users/emanuelaharonoff/Development/code/web-js-oo-task-list-web-0616/tmpTestSupport/jasmine.js:518:42
execute@file:///Users/emanuelaharonoff/Development/code/web-js-oo-task-list-web-0616/tmpTestSupport/jasmine.js:1694:21
file:///Users/emanuelaharonoff/Development/code/web-js-oo-task-list-web-0616/tmpTestSupport/jasmine.js:1708:44
attemptAsync@file:///Users/emanuelaharonoff/Development/code/web-js-oo-task-list-web-0616/tmpTestSupport/jasmine.js:1520:16
run@file:///Users/emanuelaharonoff/Development/code/web-js-oo-task-list-web-0616/tmpTestSupport/jasmine.js:1496:28
next@file:///Users/emanuelaharonoff/Development/code/web-js-oo-task-list-web-0616/tmpTestSupport/jasmine.js:1517:40
complete@file:///Users/emanuelaharonoff/Development/code/web-js-oo-task-list-web-0616/tmpTestSupport/jasmine.js:1703:19			</failure>
		</testcase>
		<testcase classname="Lists Controller" name="creating a new List Controller should have a $wrapper property that holds a selected element with the id &amp;apos;#wrapper&amp;apos;" time="0.007">
			<failure type="" message="ReferenceError: Can&amp;apos;t find variable: ListsController in file:///Users/emanuelaharonoff/Development/code/web-js-oo-task-list-web-0616/spec/lists.controller.spec.js (line 9)">
file:///Users/emanuelaharonoff/Development/code/web-js-oo-task-list-web-0616/spec/lists.controller.spec.js:9:42
attemptSync@file:///Users/emanuelaharonoff/Development/code/web-js-oo-task-list-web-0616/tmpTestSupport/jasmine.js:1510:16
run@file:///Users/emanuelaharonoff/Development/code/web-js-oo-task-list-web-0616/tmpTestSupport/jasmine.js:1498:20
execute@file:///Users/emanuelaharonoff/Development/code/web-js-oo-task-list-web-0616/tmpTestSupport/jasmine.js:1485:13
queueRunnerFactory@file:///Users/emanuelaharonoff/Development/code/web-js-oo-task-list-web-0616/tmpTestSupport/jasmine.js:518:42
execute@file:///Users/emanuelaharonoff/Development/code/web-js-oo-task-list-web-0616/tmpTestSupport/jasmine.js:306:28
file:///Users/emanuelaharonoff/Development/code/web-js-oo-task-list-web-0616/tmpTestSupport/jasmine.js:1708:44
attemptAsync@file:///Users/emanuelaharonoff/Development/code/web-js-oo-task-list-web-0616/tmpTestSupport/jasmine.js:1520:16
run@file:///Users/emanuelaharonoff/Development/code/web-js-oo-task-list-web-0616/tmpTestSupport/jasmine.js:1496:28
next@file:///Users/emanuelaharonoff/Development/code/web-js-oo-task-list-web-0616/tmpTestSupport/jasmine.js:1517:40
complete@file:///Users/emanuelaharonoff/Development/code/web-js-oo-task-list-web-0616/tmpTestSupport/jasmine.js:333:19
clearStack@file:///Users/emanuelaharonoff/Development/code/web-js-oo-task-list-web-0616/tmpTestSupport/jasmine.js:506:11
run@file:///Users/emanuelaharonoff/Development/code/web-js-oo-task-list-web-0616/tmpTestSupport/jasmine.js:1505:22
execute@file:///Users/emanuelaharonoff/Development/code/web-js-oo-task-list-web-0616/tmpTestSupport/jasmine.js:1485:13
queueRunnerFactory@file:///Users/emanuelaharonoff/Development/code/web-js-oo-task-list-web-0616/tmpTestSupport/jasmine.js:518:42
execute@file:///Users/emanuelaharonoff/Development/code/web-js-oo-task-list-web-0616/tmpTestSupport/jasmine.js:306:28
file:///Users/emanuelaharonoff/Development/code/web-js-oo-task-list-web-0616/tmpTestSupport/jasmine.js:1708:44
attemptAsync@file:///Users/emanuelaharonoff/Development/code/web-js-oo-task-list-web-0616/tmpTestSupport/jasmine.js:1520:16
run@file:///Users/emanuelaharonoff/Development/code/web-js-oo-task-list-web-0616/tmpTestSupport/jasmine.js:1496:28
next@file:///Users/emanuelaharonoff/Development/code/web-js-oo-task-list-web-0616/tmpTestSupport/jasmine.js:1517:40
complete@file:///Users/emanuelaharonoff/Development/code/web-js-oo-task-list-web-0616/tmpTestSupport/jasmine.js:333:19
clearStack@file:///Users/emanuelaharonoff/Development/code/web-js-oo-task-list-web-0616/tmpTestSupport/jasmine.js:506:11
run@file:///Users/emanuelaharonoff/Development/code/web-js-oo-task-list-web-0616/tmpTestSupport/jasmine.js:1505:22
execute@file:///Users/emanuelaharonoff/Development/code/web-js-oo-task-list-web-0616/tmpTestSupport/jasmine.js:1485:13
queueRunnerFactory@file:///Users/emanuelaharonoff/Development/code/web-js-oo-task-list-web-0616/tmpTestSupport/jasmine.js:518:42
execute@file:///Users/emanuelaharonoff/Development/code/web-js-oo-task-list-web-0616/tmpTestSupport/jasmine.js:306:28
file:///Users/emanuelaharonoff/Development/code/web-js-oo-task-list-web-0616/tmpTestSupport/jasmine.js:1708:44
attemptAsync@file:///Users/emanuelaharonoff/Development/code/web-js-oo-task-list-web-0616/tmpTestSupport/jasmine.js:1520:16
run@file:///Users/emanuelaharonoff/Development/code/web-js-oo-task-list-web-0616/tmpTestSupport/jasmine.js:1496:28
next@file:///Users/emanuelaharonoff/Development/code/web-js-oo-task-list-web-0616/tmpTestSupport/jasmine.js:1517:40
complete@file:///Users/emanuelaharonoff/Development/code/web-js-oo-task-list-web-0616/tmpTestSupport/jasmine.js:333:19
clearStack@file:///Users/emanuelaharonoff/Development/code/web-js-oo-task-list-web-0616/tmpTestSupport/jasmine.js:506:11
run@file:///Users/emanuelaharonoff/Development/code/web-js-oo-task-list-web-0616/tmpTestSupport/jasmine.js:1505:22
execute@file:///Users/emanuelaharonoff/Development/code/web-js-oo-task-list-web-0616/tmpTestSupport/jasmine.js:1485:13
queueRunnerFactory@file:///Users/emanuelaharonoff/Development/code/web-js-oo-task-list-web-0616/tmpTestSupport/jasmine.js:518:42
execute@file:///Users/emanuelaharonoff/Development/code/web-js-oo-task-list-web-0616/tmpTestSupport/jasmine.js:306:28
file:///Users/emanuelaharonoff/Development/code/web-js-oo-task-list-web-0616/tmpTestSupport/jasmine.js:1708:44
attemptAsync@file:///Users/emanuelaharonoff/Development/code/web-js-oo-task-list-web-0616/tmpTestSupport/jasmine.js:1520:16
run@file:///Users/emanuelaharonoff/Development/code/web-js-oo-task-list-web-0616/tmpTestSupport/jasmine.js:1496:28
next@file:///Users/emanuelaharonoff/Development/code/web-js-oo-task-list-web-0616/tmpTestSupport/jasmine.js:1517:40
complete@file:///Users/emanuelaharonoff/Development/code/web-js-oo-task-list-web-0616/tmpTestSupport/jasmine.js:333:19
clearStack@file:///Users/emanuelaharonoff/Development/code/web-js-oo-task-list-web-0616/tmpTestSupport/jasmine.js:506:11
run@file:///Users/emanuelaharonoff/Development/code/web-js-oo-task-list-web-0616/tmpTestSupport/jasmine.js:1505:22
execute@file:///Users/emanuelaharonoff/Development/code/web-js-oo-task-list-web-0616/tmpTestSupport/jasmine.js:1485:13
queueRunnerFactory@file:///Users/emanuelaharonoff/Development/code/web-js-oo-task-list-web-0616/tmpTestSupport/jasmine.js:518:42
execute@file:///Users/emanuelaharonoff/Development/code/web-js-oo-task-list-web-0616/tmpTestSupport/jasmine.js:306:28
file:///Users/emanuelaharonoff/Development/code/web-js-oo-task-list-web-0616/tmpTestSupport/jasmine.js:1708:44
attemptAsync@file:///Users/emanuelaharonoff/Development/code/web-js-oo-task-list-web-0616/tmpTestSupport/jasmine.js:1520:16
run@file:///Users/emanuelaharonoff/Development/code/web-js-oo-task-list-web-0616/tmpTestSupport/jasmine.js:1496:28
execute@file:///Users/emanuelaharonoff/Development/code/web-js-oo-task-list-web-0616/tmpTestSupport/jasmine.js:1485:13
queueRunnerFactory@file:///Users/emanuelaharonoff/Development/code/web-js-oo-task-list-web-0616/tmpTestSupport/jasmine.js:518:42
execute@file:///Users/emanuelaharonoff/Development/code/web-js-oo-task-list-web-0616/tmpTestSupport/jasmine.js:1694:21
file:///Users/emanuelaharonoff/Development/code/web-js-oo-task-list-web-0616/tmpTestSupport/jasmine.js:1708:44
attemptAsync@file:///Users/emanuelaharonoff/Development/code/web-js-oo-task-list-web-0616/tmpTestSupport/jasmine.js:1520:16
run@file:///Users/emanuelaharonoff/Development/code/web-js-oo-task-list-web-0616/tmpTestSupport/jasmine.js:1496:28
execute@file:///Users/emanuelaharonoff/Development/code/web-js-oo-task-list-web-0616/tmpTestSupport/jasmine.js:1485:13
queueRunnerFactory@file:///Users/emanuelaharonoff/Development/code/web-js-oo-task-list-web-0616/tmpTestSupport/jasmine.js:518:42
execute@file:///Users/emanuelaharonoff/Development/code/web-js-oo-task-list-web-0616/tmpTestSupport/jasmine.js:1694:21
file:///Users/emanuelaharonoff/Development/code/web-js-oo-task-list-web-0616/tmpTestSupport/jasmine.js:1708:44
attemptAsync@file:///Users/emanuelaharonoff/Development/code/web-js-oo-task-list-web-0616/tmpTestSupport/jasmine.js:1520:16
run@file:///Users/emanuelaharonoff/Development/code/web-js-oo-task-list-web-0616/tmpTestSupport/jasmine.js:1496:28
next@file:///Users/emanuelaharonoff/Development/code/web-js-oo-task-list-web-0616/tmpTestSupport/jasmine.js:1517:40
complete@file:///Users/emanuelaharonoff/Development/code/web-js-oo-task-list-web-0616/tmpTestSupport/jasmine.js:1703:19
clearStack@file:///Users/emanuelaharonoff/Development/code/web-js-oo-task-list-web-0616/tmpTestSupport/jasmine.js:506:11
run@file:///Users/emanuelaharonoff/Development/code/web-js-oo-task-list-web-0616/tmpTestSupport/jasmine.js:1505:22
next@file:///Users/emanuelaharonoff/Development/code/web-js-oo-task-list-web-0616/tmpTestSupport/jasmine.js:1517:40
complete@file:///Users/emanuelaharonoff/Development/code/web-js-oo-task-list-web-0616/tmpTestSupport/jasmine.js:1703:19
clearStack@file:///Users/emanuelaharonoff/Development/code/web-js-oo-task-list-web-0616/tmpTestSupport/jasmine.js:506:11
run@file:///Users/emanuelaharonoff/Development/code/web-js-oo-task-list-web-0616/tmpTestSupport/jasmine.js:1505:22
[...]
queueRunnerFactory@file:///Users/emanuelaharonoff/Development/code/web-js-oo-task-list-web-0616/tmpTestSupport/jasmine.js:518:42
execute@file:///Users/emanuelaharonoff/Development/code/web-js-oo-task-list-web-0616/tmpTestSupport/jasmine.js:306:28
file:///Users/emanuelaharonoff/Development/code/web-js-oo-task-list-web-0616/tmpTestSupport/jasmine.js:1708:44
attemptAsync@file:///Users/emanuelaharonoff/Development/code/web-js-oo-task-list-web-0616/tmpTestSupport/jasmine.js:1520:16
run@file:///Users/emanuelaharonoff/Development/code/web-js-oo-task-list-web-0616/tmpTestSupport/jasmine.js:1496:28
execute@file:///Users/emanuelaharonoff/Development/code/web-js-oo-task-list-web-0616/tmpTestSupport/jasmine.js:1485:13
queueRunnerFactory@file:///Users/emanuelaharonoff/Development/code/web-js-oo-task-list-web-0616/tmpTestSupport/jasmine.js:518:42
execute@file:///Users/emanuelaharonoff/Development/code/web-js-oo-task-list-web-0616/tmpTestSupport/jasmine.js:1694:21
file:///Users/emanuelaharonoff/Development/code/web-js-oo-task-list-web-0616/tmpTestSupport/jasmine.js:1708:44
attemptAsync@file:///Users/emanuelaharonoff/Development/code/web-js-oo-task-list-web-0616/tmpTestSupport/jasmine.js:1520:16
run@file:///Users/emanuelaharonoff/Development/code/web-js-oo-task-list-web-0616/tmpTestSupport/jasmine.js:1496:28
next@file:///Users/emanuelaharonoff/Development/code/web-js-oo-task-list-web-0616/tmpTestSupport/jasmine.js:1517:40
complete@file:///Users/emanuelaharonoff/Development/code/web-js-oo-task-list-web-0616/tmpTestSupport/jasmine.js:1703:19			</failure>
			<failure type="toEqual" message="Expected 0 to equal 1.">
stack@file:///Users/emanuelaharonoff/Development/code/web-js-oo-task-list-web-0616/tmpTestSupport/jasmine.js:1293:37
buildExpectationResult@file:///Users/emanuelaharonoff/Development/code/web-js-oo-task-list-web-0616/tmpTestSupport/jasmine.js:1270:19
expectationResultFactory@file:///Users/emanuelaharonoff/Development/code/web-js-oo-task-list-web-0616/tmpTestSupport/jasmine.js:484:40
addExpectationResult@file:///Users/emanuelaharonoff/Development/code/web-js-oo-task-list-web-0616/tmpTestSupport/jasmine.js:260:70
addExpectationResult@file:///Users/emanuelaharonoff/Development/code/web-js-oo-task-list-web-0616/tmpTestSupport/jasmine.js:442:41
file:///Users/emanuelaharonoff/Development/code/web-js-oo-task-list-web-0616/tmpTestSupport/jasmine.js:1209:32
file:///Users/emanuelaharonoff/Development/code/web-js-oo-task-list-web-0616/spec/lists.controller.spec.js:59:47
attemptSync@file:///Users/emanuelaharonoff/Development/code/web-js-oo-task-list-web-0616/tmpTestSupport/jasmine.js:1510:16
run@file:///Users/emanuelaharonoff/Development/code/web-js-oo-task-list-web-0616/tmpTestSupport/jasmine.js:1498:20
execute@file:///Users/emanuelaharonoff/Development/code/web-js-oo-task-list-web-0616/tmpTestSupport/jasmine.js:1485:13
queueRunnerFactory@file:///Users/emanuelaharonoff/Development/code/web-js-oo-task-list-web-0616/tmpTestSupport/jasmine.js:518:42
execute@file:///Users/emanuelaharonoff/Development/code/web-js-oo-task-list-web-0616/tmpTestSupport/jasmine.js:306:28
file:///Users/emanuelaharonoff/Development/code/web-js-oo-task-list-web-0616/tmpTestSupport/jasmine.js:1708:44
attemptAsync@file:///Users/emanuelaharonoff/Development/code/web-js-oo-task-list-web-0616/tmpTestSupport/jasmine.js:1520:16
run@file:///Users/emanuelaharonoff/Development/code/web-js-oo-task-list-web-0616/tmpTestSupport/jasmine.js:1496:28
next@file:///Users/emanuelaharonoff/Development/code/web-js-oo-task-list-web-0616/tmpTestSupport/jasmine.js:1517:40
complete@file:///Users/emanuelaharonoff/Development/code/web-js-oo-task-list-web-0616/tmpTestSupport/jasmine.js:333:19
clearStack@file:///Users/emanuelaharonoff/Development/code/web-js-oo-task-list-web-0616/tmpTestSupport/jasmine.js:506:11
run@file:///Users/emanuelaharonoff/Development/code/web-js-oo-task-list-web-0616/tmpTestSupport/jasmine.js:1505:22
execute@file:///Users/emanuelaharonoff/Development/code/web-js-oo-task-list-web-0616/tmpTestSupport/jasmine.js:1485:13
queueRunnerFactory@file:///Users/emanuelaharonoff/Development/code/web-js-oo-task-list-web-0616/tmpTestSupport/jasmine.js:518:42
execute@file:///Users/emanuelaharonoff/Development/code/web-js-oo-task-list-web-0616/tmpTestSupport/jasmine.js:306:28
file:///Users/emanuelaharonoff/Development/code/web-js-oo-task-list-web-0616/tmpTestSupport/jasmine.js:1708:44
attemptAsync@file:///Users/emanuelaharonoff/Development/code/web-js-oo-task-list-web-0616/tmpTestSupport/jasmine.js:1520:16
run@file:///Users/emanuelaharonoff/Development/code/web-js-oo-task-list-web-0616/tmpTestSupport/jasmine.js:1496:28
next@file:///Users/emanuelaharonoff/Development/code/web-js-oo-task-list-web-0616/tmpTestSupport/jasmine.js:1517:40
complete@file:///Users/emanuelaharonoff/Development/code/web-js-oo-task-list-web-0616/tmpTestSupport/jasmine.js:333:19
clearStack@file:///Users/emanuelaharonoff/Development/code/web-js-oo-task-list-web-0616/tmpTestSupport/jasmine.js:506:11
run@file:///Users/emanuelaharonoff/Development/code/web-js-oo-task-list-web-0616/tmpTestSupport/jasmine.js:1505:22
execute@file:///Users/emanuelaharonoff/Development/code/web-js-oo-task-list-web-0616/tmpTestSupport/jasmine.js:1485:13
queueRunnerFactory@file:///Users/emanuelaharonoff/Development/code/web-js-oo-task-list-web-0616/tmpTestSupport/jasmine.js:518:42
execute@file:///Users/emanuelaharonoff/Development/code/web-js-oo-task-list-web-0616/tmpTestSupport/jasmine.js:306:28
file:///Users/emanuelaharonoff/Development/code/web-js-oo-task-list-web-0616/tmpTestSupport/jasmine.js:1708:44
attemptAsync@file:///Users/emanuelaharonoff/Development/code/web-js-oo-task-list-web-0616/tmpTestSupport/jasmine.js:1520:16
run@file:///Users/emanuelaharonoff/Development/code/web-js-oo-task-list-web-0616/tmpTestSupport/jasmine.js:1496:28
next@file:///Users/emanuelaharonoff/Development/code/web-js-oo-task-list-web-0616/tmpTestSupport/jasmine.js:1517:40
complete@file:///Users/emanuelaharonoff/Development/code/web-js-oo-task-list-web-0616/tmpTestSupport/jasmine.js:333:19
clearStack@file:///Users/emanuelaharonoff/Development/code/web-js-oo-task-list-web-0616/tmpTestSupport/jasmine.js:506:11
run@file:///Users/emanuelaharonoff/Development/code/web-js-oo-task-list-web-0616/tmpTestSupport/jasmine.js:1505:22
execute@file:///Users/emanuelaharonoff/Development/code/web-js-oo-task-list-web-0616/tmpTestSupport/jasmine.js:1485:13
queueRunnerFactory@file:///Users/emanuelaharonoff/Development/code/web-js-oo-task-list-web-0616/tmpTestSupport/jasmine.js:518:42
execute@file:///Users/emanuelaharonoff/Development/code/web-js-oo-task-list-web-0616/tmpTestSupport/jasmine.js:306:28
file:///Users/emanuelaharonoff/Development/code/web-js-oo-task-list-web-0616/tmpTestSupport/jasmine.js:1708:44
attemptAsync@file:///Users/emanuelaharonoff/Development/code/web-js-oo-task-list-web-0616/tmpTestSupport/jasmine.js:1520:16
run@file:///Users/emanuelaharonoff/Development/code/web-js-oo-task-list-web-0616/tmpTestSupport/jasmine.js:1496:28
execute@file:///Users/emanuelaharonoff/Development/code/web-js-oo-task-list-web-0616/tmpTestSupport/jasmine.js:1485:13
queueRunnerFactory@file:///Users/emanuelaharonoff/Development/code/web-js-oo-task-list-web-0616/tmpTestSupport/jasmine.js:518:42
execute@file:///Users/emanuelaharonoff/Development/code/web-js-oo-task-list-web-0616/tmpTestSupport/jasmine.js:1694:21
file:///Users/emanuelaharonoff/Development/code/web-js-oo-task-list-web-0616/tmpTestSupport/jasmine.js:1708:44
attemptAsync@file:///Users/emanuelaharonoff/Development/code/web-js-oo-task-list-web-0616/tmpTestSupport/jasmine.js:1520:16
run@file:///Users/emanuelaharonoff/Development/code/web-js-oo-task-list-web-0616/tmpTestSupport/jasmine.js:1496:28
next@file:///Users/emanuelaharonoff/Development/code/web-js-oo-task-list-web-0616/tmpTestSupport/jasmine.js:1517:40
complete@file:///Users/emanuelaharonoff/Development/code/web-js-oo-task-list-web-0616/tmpTestSupport/jasmine.js:1703:19
clearStack@file:///Users/emanuelaharonoff/Development/code/web-js-oo-task-list-web-0616/tmpTestSupport/jasmine.js:506:11
run@file:///Users/emanuelaharonoff/Development/code/web-js-oo-task-list-web-0616/tmpTestSupport/jasmine.js:1505:22
next@file:///Users/emanuelaharonoff/Development/code/web-js-oo-task-list-web-0616/tmpTestSupport/jasmine.js:1517:40
complete@file:///Users/emanuelaharonoff/Development/code/web-js-oo-task-list-web-0616/tmpTestSupport/jasmine.js:333:19
clearStack@file:///Users/emanuelaharonoff/Development/code/web-js-oo-task-list-web-0616/tmpTestSupport/jasmine.js:506:11
run@file:///Users/emanuelaharonoff/Development/code/web-js-oo-task-list-web-0616/tmpTestSupport/jasmine.js:1505:22
execute@file:///Users/emanuelaharonoff/Development/code/web-js-oo-task-list-web-0616/tmpTestSupport/jasmine.js:1485:13
queueRunnerFactory@file:///Users/emanuelaharonoff/Development/code/web-js-oo-task-list-web-0616/tmpTestSupport/jasmine.js:518:42
execute@file:///Users/emanuelaharonoff/Development/code/web-js-oo-task-list-web-0616/tmpTestSupport/jasmine.js:306:28
file:///Users/emanuelaharonoff/Development/code/web-js-oo-task-list-web-0616/tmpTestSupport/jasmine.js:1708:44
attemptAsync@file:///Users/emanuelaharonoff/Development/code/web-js-oo-task-list-web-0616/tmpTestSupport/jasmine.js:1520:16
run@file:///Users/emanuelaharonoff/Development/code/web-js-oo-task-list-web-0616/tmpTestSupport/jasmine.js:1496:28
next@file:///Users/emanuelaharonoff/Development/code/web-js-oo-task-list-web-0616/tmpTestSupport/jasmine.js:1517:40
complete@file:///Users/emanuelaharonoff/Development/code/web-js-oo-task-list-web-0616/tmpTestSupport/jasmine.js:333:19
clearStack@file:///Users/emanuelaharonoff/Development/code/web-js-oo-task-list-web-0616/tmpTestSupport/jasmine.js:506:11
run@file:///Users/emanuelaharonoff/Development/code/web-js-oo-task-list-web-0616/tmpTestSupport/jasmine.js:1505:22
execute@file:///Users/emanuelaharonoff/Development/code/web-js-oo-task-list-web-0616/tmpTestSupport/jasmine.js:1485:13
queueRunnerFactory@file:///Users/emanuelaharonoff/Development/code/web-js-oo-task-list-web-0616/tmpTestSupport/jasmine.js:518:42
execute@file:///Users/emanuelaharonoff/Development/code/web-js-oo-task-list-web-0616/tmpTestSupport/jasmine.js:306:28
file:///Users/emanuelaharonoff/Development/code/web-js-oo-task-list-web-0616/tmpTestSupport/jasmine.js:1708:44
attemptAsync@file:///Users/emanuelaharonoff/Development/code/web-js-oo-task-list-web-0616/tmpTestSupport/jasmine.js:1520:16
run@file:///Users/emanuelaharonoff/Development/code/web-js-oo-task-list-web-0616/tmpTestSupport/jasmine.js:1496:28
next@file:///Users/emanuelaharonoff/Development/code/web-js-oo-task-list-web-0616/tmpTestSupport/jasmine.js:1517:40
complete@file:///Users/emanuelaharonoff/Development/code/web-js-oo-task-list-web-0616/tmpTestSupport/jasmine.js:333:19
clearStack@file:///Users/emanuelaharonoff/Development/code/web-js-oo-task-list-web-0616/tmpTestSupport/jasmine.js:506:11
run@file:///Users/emanuelaharonoff/Development/code/web-js-oo-task-list-web-0616/tmpTestSupport/jasmine.js:1505:22
execute@file:///Users/emanuelaharonoff/Development/code/web-js-oo-task-list-web-0616/tmpTestSupport/jasmine.js:1485:13
queueRunnerFactory@file:///Users/emanuelaharonoff/Development/code/web-js-oo-task-list-web-0616/tmpTestSupport/jasmine.js:518:42
execute@file:///Users/emanuelaharonoff/Development/code/web-js-oo-task-list-web-0616/tmpTestSupport/jasmine.js:306:28
file:///Users/emanuelaharonoff/Development/code/web-js-oo-task-list-web-0616/tmpTestSupport/jasmine.js:1708:44
attemptAsync@file:///Users/emanuelaharonoff/Development/code/web-js-oo-task-list-web-0616/tmpTestSupport/jasmine.js:1520:16
run@file:///Users/emanuelaharonoff/Development/code/web-js-oo-task-list-web-0616/tmpTestSupport/jasmine.js:1496:28
next@file:///Users/emanuelaharonoff/Development/code/web-js-oo-task-list-web-0616/tmpTestSupport/jasmine.js:1517:40
complete@file:///Users/emanuelaharonoff/Development/code/web-js-oo-task-list-web-0616/tmpTestSupport/jasmine.js:333:19
clearStack@file:///Users/emanuelaharonoff/Development/code/web-js-oo-task-list-web-0616/tmpTestSupport/jasmine.js:506:11
run@file:///Users/emanuelaharonoff/Development/code/web-js-oo-task-list-web-0616/tmpTestSupport/jasmine.js:1505:22
execute@file:///Users/emanuelaharonoff/Development/code/web-js-oo-task-list-web-0616/tmpTestSupport/jasmine.js:1485:13
queueRunnerFactory@file:///Users/emanuelaharonoff/Development/code/web-js-oo-task-list-web-0616/tmpTestSupport/jasmine.js:518:42
execute@file:///Users/emanuelaharonoff/Development/code/web-js-oo-task-list-web-0616/tmpTestSupport/jasmine.js:306:28
file:///Users/emanuelaharonoff/Development/code/web-js-oo-task-list-web-0616/tmpTestSupport/jasmine.js:1708:44
attemptAsync@file:///Users/emanuelaharonoff/Development/code/web-js-oo-task-list-web-0616/tmpTestSupport/jasmine.js:1520:16
run@file:///Users/emanuelaharonoff/Development/code/web-js-oo-task-list-web-0616/tmpTestSupport/jasmine.js:1496:28
next@file:///Users/emanuelaharonoff/Development/code/web-js-oo-task-list-web-0616/tmpTestSupport/jasmine.js:1517:40
complete@file:///Users/emanuelaharonoff/Development/code/web-js-oo-task-list-web-0616/tmpTestSupport/jasmine.js:333:19
clearStack@file:///Users/emanuelaharonoff/Development/code/web-js-oo-task-list-web-0616/tmpTestSupport/jasmine.js:506:11
run@file:///Users/emanuelaharonoff/Development/code/web-js-oo-task-list-web-0616/tmpTestSupport/jasmine.js:1505:22
execute@file:///Users/emanuelaharonoff/Development/code/web-js-oo-task-list-web-0616/tmpTestSupport/jasmine.js:1485:13
queueRunnerFactory@file:///Users/emanuelaharonoff/Development/code/web-js-oo-task-list-web-0616/tmpTestSupport/jasmine.js:518:42
execute@file:///Users/emanuelaharonoff/Development/code/web-js-oo-task-list-web-0616/tmpTestSupport/jasmine.js:306:28
file:///Users/emanuelaharonoff/Development/code/web-js-oo-task-list-web-0616/tmpTestSupport/jasmine.js:1708:44
attemptAsync@file:///Users/emanuelaharonoff/Development/code/web-js-oo-task-list-web-0616/tmpTestSupport/jasmine.js:1520:16
run@file:///Users/emanuelaharonoff/Development/code/web-js-oo-task-list-web-0616/tmpTestSupport/jasmine.js:1496:28
execute@file:///Users/emanuelaharonoff/Development/code/web-js-oo-task-list-web-0616/tmpTestSupport/jasmine.js:1485:13
queueRunnerFactory@file:///Users/emanuelaharonoff/Development/code/web-js-oo-task-list-web-0616/tmpTestSupport/jasmine.js:518:42
execute@file:///Users/emanuelaharonoff/Development/code/web-js-oo-task-list-web-0616/tmpTestSupport/jasmine.js:1694:21
file:///Users/emanuelaharonoff/Development/code/web-js-oo-task-list-web-0616/tmpTestSupport/jasmine.js:1708:44
attemptAsync@file:///Users/emanuelaharonoff/Development/code/web-js-oo-task-list-web-0616/tmpTestSupport/jasmine.js:1520:16
run@file:///Users/emanuelaharonoff/Development/code/web-js-oo-task-list-web-0616/tmpTestSupport/jasmine.js:1496:28
execute@file:///Users/emanuelaharonoff/Development/code/web-js-oo-task-list-web-0616/tmpTestSupport/jasmine.js:1485:13
queueRunnerFactory@file:///Users/emanuelaharonoff/Development/code/web-js-oo-task-list-web-0616/tmpTestSupport/jasmine.js:518:42
execute@file:///Users/emanuelaharonoff/Development/code/web-js-oo-task-list-web-0616/tmpTestSupport/jasmine.js:1694:21
file:///Users/emanuelaharonoff/Development/code/web-js-oo-task-list-web-0616/tmpTestSupport/jasmine.js:1708:44
attemptAsync@file:///Users/emanuelaharonoff/Development/code/web-js-oo-task-list-web-0616/tmpTestSupport/jasmine.js:1520:16
run@file:///Users/emanuelaharonoff/Development/code/web-js-oo-task-list-web-0616/tmpTestSupport/jasmine.js:1496:28
next@file:///Users/emanuelaharonoff/Development/code/web-js-oo-task-list-web-0616/tmpTestSupport/jasmine.js:1517:40
complete@file:///Users/emanuelaharonoff/Development/code/web-js-oo-task-list-web-0616/tmpTestSupport/jasmine.js:1703:19
clearStack@file:///Users/emanuelaharonoff/Development/code/web-js-oo-task-list-web-0616/tmpTestSupport/jasmine.js:506:11
run@file:///Users/emanuelaharonoff/Development/code/web-js-oo-task-list-web-0616/tmpTestSupport/jasmine.js:1505:22
next@file:///Users/emanuelaharonoff/Development/code/web-js-oo-task-list-web-0616/tmpTestSupport/jasmine.js:1517:40
complete@file:///Users/emanuelaharonoff/Development/code/web-js-oo-task-list-web-0616/tmpTestSupport/jasmine.js:1703:19
clearStack@file:///Users/emanuelaharonoff/Development/code/web-js-oo-task-list-web-0616/tmpTestSupport/jasmine.js:506:11
run@file:///Users/emanuelaharonoff/Development/code/web-js-oo-task-list-web-0616/tmpTestSupport/jasmine.js:1505:22
next@file:///Users/emanuelaharonoff/Development/code/web-js-oo-task-list-web-0616/tmpTestSupport/jasmine.js:1517:40
complete@file:///Users/emanuelaharonoff/Development/code/web-js-oo-task-list-web-0616/tmpTestSupport/jasmine.js:333:19
clearStack@file:///Users/emanuelaharonoff/Development/code/web-js-oo-task-list-web-0616/tmpTestSupport/jasmine.js:506:11
run@file:///Users/emanuelaharonoff/Development/code/web-js-oo-task-list-web-0616/tmpTestSupport/jasmine.js:1505:22
execute@file:///Users/emanuelaharonoff/Development/code/web-js-oo-task-list-web-0616/tmpTestSupport/jasmine.js:1485:13
queueRunnerFactory@file:///Users/emanuelaharonoff/Development/code/web-js-oo-task-list-web-0616/tmpTestSupport/jasmine.js:518:42
execute@file:///Users/emanuelaharonoff/Development/code/web-js-oo-task-list-web-0616/tmpTestSupport/jasmine.js:306:28
file:///Users/emanuelaharonoff/Development/code/web-js-oo-task-list-web-0616/tmpTestSupport/jasmine.js:1708:44
attemptAsync@file:///Users/emanuelaharonoff/Development/code/web-js-oo-task-list-web-0616/tmpTestSupport/jasmine.js:1520:16
run@file:///Users/emanuelaharonoff/Development/code/web-js-oo-task-list-web-0616/tmpTestSupport/jasmine.js:1496:28
next@file:///Users/emanuelaharonoff/Development/code/web-js-oo-task-list-web-0616/tmpTestSupport/jasmine.js:1517:40
complete@file:///Users/emanuelaharonoff/Development/code/web-js-oo-task-list-web-0616/tmpTestSupport/jasmine.js:333:19
clearStack@file:///Users/emanuelaharonoff/Development/code/web-js-oo-task-list-web-0616/tmpTestSupport/jasmine.js:506:11
run@file:///Users/emanuelaharonoff/Development/code/web-js-oo-task-list-web-0616/tmpTestSupport/jasmine.js:1505:22
execute@file:///Users/emanuelaharonoff/Development/code/web-js-oo-task-list-web-0616/tmpTestSupport/jasmine.js:1485:13
queueRunnerFactory@file:///Users/emanuelaharonoff/Development/code/web-js-oo-task-list-web-0616/tmpTestSupport/jasmine.js:518:42
execute@file:///Users/emanuelaharonoff/Development/code/web-js-oo-task-list-web-0616/tmpTestSupport/jasmine.js:306:28
file:///Users/emanuelaharonoff/Development/code/web-js-oo-task-list-web-0616/tmpTestSupport/jasmine.js:1708:44
attemptAsync@file:///Users/emanuelaharonoff/Development/code/web-js-oo-task-list-web-0616/tmpTestSupport/jasmine.js:1520:16
run@file:///Users/emanuelaharonoff/Development/code/web-js-oo-task-list-web-0616/tmpTestSupport/jasmine.js:1496:28
execute@file:///Users/emanuelaharonoff/Development/code/web-js-oo-task-list-web-0616/tmpTestSupport/jasmine.js:1485:13
queueRunnerFactory@file:///Users/emanuelaharonoff/Development/code/web-js-oo-task-list-web-0616/tmpTestSupport/jasmine.js:518:42
execute@file:///Users/emanuelaharonoff/Development/code/web-js-oo-task-list-web-0616/tmpTestSupport/jasmine.js:1694:21
file:///Users/emanuelaharonoff/Development/code/web-js-oo-task-list-web-0616/tmpTestSupport/jasmine.js:1708:44
attemptAsync@file:///Users/emanuelaharonoff/Development/code/web-js-oo-task-list-web-0616/tmpTestSupport/jasmine.js:1520:16
run@file:///Users/emanuelaharonoff/Development/code/web-js-oo-task-list-web-0616/tmpTestSupport/jasmine.js:1496:28
next@file:///Users/emanuelaharonoff/Development/code/web-js-oo-task-list-web-0616/tmpTestSupport/jasmine.js:1517:40
complete@file:///Users/emanuelaharonoff/Development/code/web-js-oo-task-list-web-0616/tmpTestSupport/jasmine.js:1703:19			</failure>
		</testcase>
	</testsuite>
</testsuites>

